got url
Scanning for Hemmingson Playlist Requests
GUChristmasTree
ngtbtest
testing
stress
red
 [P] There is a color in that tweet!
-2-255-0-0-
-2-255-0-0-
(' [x] Sent message: ', '-2-255-0-0-')
Tweet sent to GUChristmasTree
GU_NGTB
Accout in Blacklist! Ignorning interaction
Scooter_TTTD
ngtbtest
red
 [P] There is a color in that tweet!
-2-255-0-0-
-2-255-0-0-
(' [x] Sent message: ', '-2-255-0-0-')
Tweet sent to Scooter_TTTD
Scooter_TTTD
ngtbtest
purple
 [P] There is a color in that tweet!
-2-128-0-128-
-2-128-0-128-
(' [x] Sent message: ', '-2-128-0-128-')
Tweet sent to Scooter_TTTD
jackttnix12
ngtbtest
green
 [P] There is a color in that tweet!
-2-0-255-0-
-2-0-255-0-
(' [x] Sent message: ', '-2-0-255-0-')
Tweet sent to jackttnix12
D_Abrahms
ngtbtest
purple
 [P] There is a color in that tweet!
-2-128-0-128-
-2-128-0-128-
(' [x] Sent message: ', '-2-128-0-128-')
Tweet sent to D_Abrahms
jackttnix12
ngtbtest
pink
 [P] There is a color in that tweet!
-2-255-192-203-
-2-255-192-203-
(' [x] Sent message: ', '-2-255-192-203-')
Tweet sent to jackttnix12
D_Abrahms
ngtbtest
red
 [P] There is a color in that tweet!
-2-255-0-0-
-2-255-0-0-
(' [x] Sent message: ', '-2-255-0-0-')
Tweet sent to D_Abrahms
jackttnix12
ngtbtest
pink
 [P] There is a color in that tweet!
-2-255-192-203-
-2-255-192-203-
(' [x] Sent message: ', '-2-255-192-203-')
Tweet sent to jackttnix12
Hoytmobley
ngtbtest
brown
 [P] There is a color in that tweet!
-2-165-42-42-
-2-165-42-42-
(' [x] Sent message: ', '-2-165-42-42-')
Tweet sent to Hoytmobley
Hoytmobley
ngtbtest
yayyyyyyy
orange
 [P] There is a color in that tweet!
-2-255-128-0-
-2-255-128-0-
(' [x] Sent message: ', '-2-255-128-0-')
Tweet sent to Hoytmobley
D_Abrahms
ngtbtest
yellow
 [P] There is a color in that tweet!
-2-255-255-0-
-2-255-255-0-
(' [x] Sent message: ', '-2-255-255-0-')
Tweet sent to D_Abrahms
Scooter_TTTD
ngtbtest
christmas
tree
 [P] There is a color in that tweet!
-2-34-139-34-
-2-34-139-34-
(' [x] Sent message: ', '-2-34-139-34-')
Tweet sent to Scooter_TTTD
GUChristmasTree
ngtbtest
red
 [P] There is a color in that tweet!
-2-255-0-0-
-2-255-0-0-
(' [x] Sent message: ', '-2-255-0-0-')
Tweet sent to GUChristmasTree
deansarenac
ngtbtest
red
 [P] There is a color in that tweet!
-2-255-0-0-
-2-255-0-0-
(' [x] Sent message: ', '-2-255-0-0-')
Tweet sent to deansarenac
GUChristmasTree
ngtbtest
purple
 [P] There is a color in that tweet!
-2-128-0-128-
-2-128-0-128-
(' [x] Sent message: ', '-2-128-0-128-')
Tweet sent to GUChristmasTree
Hoytmobley
ngtbtest
blue
 [P] There is a color in that tweet!
-2-0-0-255-
-2-0-0-255-
(' [x] Sent message: ', '-2-0-0-255-')
Tweet sent to Hoytmobley
deansarenac
ngtbtest
banana
 [P] There is a color in that tweet!
-2-227-207-87-
-2-227-207-87-
(' [x] Sent message: ', '-2-227-207-87-')
Tweet sent to deansarenac
Hoytmobley
ngtbtest
green
 [P] There is a color in that tweet!
-2-0-255-0-
-2-0-255-0-
(' [x] Sent message: ', '-2-0-255-0-')
Tweet sent to Hoytmobley
Hoytmobley
ngtbtest
red
 [P] There is a color in that tweet!
-2-255-0-0-
-2-255-0-0-
(' [x] Sent message: ', '-2-255-0-0-')
Tweet sent to Hoytmobley
deansarenac
ngtbtest
crimson
 [P] There is a color in that tweet!
-2-220-20-0-
-2-220-20-0-
(' [x] Sent message: ', '-2-220-20-0-')
Tweet sent to deansarenac
deansarenac
ngtbtest
fucsia
error
Tweet sent to deansarenac
Hoytmobley
ngtbtest
maroon
 [P] There is a color in that tweet!
-2-255-52-179-
-2-255-52-179-
(' [x] Sent message: ', '-2-255-52-179-')
Tweet sent to Hoytmobley
deansarenac
ngtbtest
fuschia
error
Tweet sent to deansarenac
Hoytmobley
ngtbtest
gold
 [P] There is a color in that tweet!
-2-255-215-0-
-2-255-215-0-
(' [x] Sent message: ', '-2-255-215-0-')
Error in twitter_stream()! Restarting!
got url
Scanning for Hemmingson Playlist Requests
deansarenac
ngtbtest
violet
 [P] There is a color in that tweet!
-2-238-130-238-
-2-238-130-238-
(' [x] Sent message: ', '-2-238-130-238-')
Tweet sent to deansarenac
Hoytmobley
ngtbtest
rainbow
error
Tweet sent to Hoytmobley
deansarenac
ngtbtest
radioactive
error
Tweet sent to deansarenac
Hoytmobley
ngtbtest
sludge
error
Tweet sent to Hoytmobley
GUChristmasTree
ngtbtest
white
 [P] There is a color in that tweet!
-2-255-255-255-
-2-255-255-255-
(' [x] Sent message: ', '-2-255-255-255-')
Tweet sent to GUChristmasTree
GUChristmasTree
ngtbtest
grey
 [P] There is a color in that tweet!
-2-128-128-128-
-2-128-128-128-
(' [x] Sent message: ', '-2-128-128-128-')
Tweet sent to GUChristmasTree
GUChristmasTree
ngtbtest
lime
 [P] There is a color in that tweet!
-2-50-205-50-
-2-50-205-50-
(' [x] Sent message: ', '-2-50-205-50-')
Tweet sent to GUChristmasTree
