Scanning for Hemmingson Playlist Requests
GUChristmasTree
for
reals
this
time
#ngtbtest
red
 [P] There is a color in that tweet!
-2-255-0-0-
-2-255-0-0-
(' [x] Sent message: ', '-2-255-0-0-')
Tweet sent to GUChristmasTree
squeakycIean
@ngtbtest
emerald
 [P] There is a color in that tweet!
-2-0-201-87-
-2-0-201-87-
(' [x] Sent message: ', '-2-0-201-87-')
Tweet sent to squeakycIean
squeakycIean
@ngtbtest
green
 [P] There is a color in that tweet!
-2-0-255-0-
-2-0-255-0-
(' [x] Sent message: ', '-2-0-255-0-')
Tweet sent to squeakycIean
squeakycIean
@ngtbtest
red
 [P] There is a color in that tweet!
-2-255-0-0-
-2-255-0-0-
(' [x] Sent message: ', '-2-255-0-0-')
Tweet sent to squeakycIean
squeakycIean
@ngtbtest
cyan
error
Tweet sent to squeakycIean
squeakycIean
@ngtbtest
purple
 [P] There is a color in that tweet!
-2-128-0-128-
-2-128-0-128-
(' [x] Sent message: ', '-2-128-0-128-')
Tweet sent to squeakycIean
squeakycIean
@ngtbtest
orange
 [P] There is a color in that tweet!
-2-255-128-0-
-2-255-128-0-
(' [x] Sent message: ', '-2-255-128-0-')
Tweet sent to squeakycIean
deansarenac
ngtbtest
red
 [P] There is a color in that tweet!
-2-255-0-0-
-2-255-0-0-
(' [x] Sent message: ', '-2-255-0-0-')
Tweet sent to deansarenac
TheeAdvantage
@ngtbtest
yellow
 [P] There is a color in that tweet!
-2-255-255-0-
-2-255-255-0-
(' [x] Sent message: ', '-2-255-255-0-')
Tweet sent to TheeAdvantage
hipsta_gwyn
@ngtbtest
let's
try
this
out.
i
choose
you
purple!
error
Tweet sent to hipsta_gwyn
hipsta_gwyn
@ngtbtest
purple
 [P] There is a color in that tweet!
-2-128-0-128-
-2-128-0-128-
(' [x] Sent message: ', '-2-128-0-128-')
Tweet sent to hipsta_gwyn
squeakycIean
@ngtbtest
yellow
 [P] There is a color in that tweet!
-2-255-255-0-
-2-255-255-0-
(' [x] Sent message: ', '-2-255-255-0-')
Tweet sent to squeakycIean
squeakycIean
ngtbtest
turquoise
 [P] There is a color in that tweet!
-2-0-245-255-
-2-0-245-255-
(' [x] Sent message: ', '-2-0-245-255-')
Tweet sent to squeakycIean
Hoytmobley
#ngtbtest
grey
 [P] There is a color in that tweet!
-2-128-128-128-
-2-128-128-128-
(' [x] Sent message: ', '-2-128-128-128-')
Tweet sent to Hoytmobley
