Loop 1 
Constructed Message: ^-2-75-194-136-^
 [x] Sent message: -2-75-194-136-
Loop 2 
Constructed Message: ^-2-62-136-34-^
 [x] Sent message: -2-62-136-34-
Loop 3 
Constructed Message: ^-2-127-252-207-^
 [x] Sent message: -2-127-252-207-
Loop 4 
Constructed Message: ^-2-28-144-4-^
 [x] Sent message: -2-28-144-4-
Loop 5 
Constructed Message: ^-2-32-106-237-^
 [x] Sent message: -2-32-106-237-
Loop 6 
Constructed Message: ^-2-80-65-217-^
 [x] Sent message: -2-80-65-217-
Loop 7 
Constructed Message: ^-2-16-237-242-^
 [x] Sent message: -2-16-237-242-
Loop 8 
Constructed Message: ^-2-52-139-43-^
 [x] Sent message: -2-52-139-43-
Loop 9 
Constructed Message: ^-2-175-150-115-^
 [x] Sent message: -2-175-150-115-
Loop 10 
Constructed Message: ^-1-^
 [x] Sent message: -1-
Loop 11 
Constructed Message: ^-2-6-3-194-^
 [x] Sent message: -2-6-3-194-
Loop 12 
Constructed Message: ^-2-10-100-62-^
 [x] Sent message: -2-10-100-62-
Loop 13 
Constructed Message: ^-2-79-12-167-^
 [x] Sent message: -2-79-12-167-
Loop 14 
Constructed Message: ^-2-71-82-14-^
 [x] Sent message: -2-71-82-14-
Loop 15 
Constructed Message: ^-2-49-60-56-^
 [x] Sent message: -2-49-60-56-
Loop 16 
Constructed Message: ^-2-226-239-234-^
 [x] Sent message: -2-226-239-234-
Loop 17 
Constructed Message: ^-2-138-78-147-^
 [x] Sent message: -2-138-78-147-
Loop 18 
Constructed Message: ^-2-241-118-21-^
 [x] Sent message: -2-241-118-21-
Loop 19 
Constructed Message: ^-2-119-218-130-^
 [x] Sent message: -2-119-218-130-
Loop 20 
Constructed Message: ^-1-^
 [x] Sent message: -1-
Loop 21 
Constructed Message: ^-2-159-35-135-^
 [x] Sent message: -2-159-35-135-
Loop 22 
Constructed Message: ^-2-74-112-183-^
 [x] Sent message: -2-74-112-183-
Loop 23 
Constructed Message: ^-2-83-165-189-^
 [x] Sent message: -2-83-165-189-
Loop 24 
Constructed Message: ^-2-30-86-229-^
 [x] Sent message: -2-30-86-229-
Loop 25 
Constructed Message: ^-2-89-13-220-^
 [x] Sent message: -2-89-13-220-
Loop 26 
Constructed Message: ^-2-76-200-38-^
 [x] Sent message: -2-76-200-38-
Loop 27 
Constructed Message: ^-2-114-34-178-^
 [x] Sent message: -2-114-34-178-
Loop 28 
Constructed Message: ^-2-26-237-211-^
 [x] Sent message: -2-26-237-211-
Loop 29 
Constructed Message: ^-2-151-77-191-^
 [x] Sent message: -2-151-77-191-
Loop 30 
Constructed Message: ^-1-^
 [x] Sent message: -1-
Loop 31 
Constructed Message: ^-2-30-92-54-^
 [x] Sent message: -2-30-92-54-
Loop 32 
Constructed Message: ^-2-36-28-87-^
 [x] Sent message: -2-36-28-87-
Loop 33 
Constructed Message: ^-2-255-29-38-^
 [x] Sent message: -2-255-29-38-
Loop 34 
Constructed Message: ^-2-210-183-16-^
 [x] Sent message: -2-210-183-16-
Loop 35 
Constructed Message: ^-2-149-244-255-^
 [x] Sent message: -2-149-244-255-
Loop 36 
Constructed Message: ^-2-182-121-80-^
 [x] Sent message: -2-182-121-80-
Loop 37 
Constructed Message: ^-2-170-124-111-^
 [x] Sent message: -2-170-124-111-
Loop 38 
Constructed Message: ^-2-51-136-97-^
 [x] Sent message: -2-51-136-97-
Loop 39 
Constructed Message: ^-2-148-92-112-^
 [x] Sent message: -2-148-92-112-
Loop 40 
Constructed Message: ^-1-^
 [x] Sent message: -1-
Loop 41 
Constructed Message: ^-2-36-188-48-^
 [x] Sent message: -2-36-188-48-
Loop 42 
Constructed Message: ^-2-106-235-57-^
 [x] Sent message: -2-106-235-57-
Loop 43 
Constructed Message: ^-2-52-227-16-^
 [x] Sent message: -2-52-227-16-
Loop 44 
Constructed Message: ^-2-49-92-99-^
 [x] Sent message: -2-49-92-99-
