Scanning for Hemmingson Playlist Requests
socrates315
blue
 [P] There is a color in that tweet!
-2-0-0-255-
-2-0-0-255-
(' [x] Sent message: ', '-2-0-0-255-')
Tweet sent to socrates315
socrates315
red
 [P] There is a color in that tweet!
-2-255-0-0-
-2-255-0-0-
(' [x] Sent message: ', '-2-255-0-0-')
Tweet sent to socrates315
socrates315
green
 [P] There is a color in that tweet!
-2-0-255-0-
-2-0-255-0-
(' [x] Sent message: ', '-2-0-255-0-')
Tweet sent to socrates315
socrates315
purple
 [P] There is a color in that tweet!
-2-128-0-128-
-2-128-0-128-
(' [x] Sent message: ', '-2-128-0-128-')
Tweet sent to socrates315
socrates315
aqua
 [P] There is a color in that tweet!
-2-0-255-255-
-2-0-255-255-
(' [x] Sent message: ', '-2-0-255-255-')
Tweet sent to socrates315
socrates315
plshelp
ngtbtest
error
Tweet sent to socrates315
socrates315
blue
 [P] There is a color in that tweet!
-2-0-0-255-
-2-0-0-255-
(' [x] Sent message: ', '-2-0-0-255-')
Tweet sent to socrates315
socrates315
red
 [P] There is a color in that tweet!
-2-255-0-0-
-2-255-0-0-
(' [x] Sent message: ', '-2-255-0-0-')
Tweet sent to socrates315
socrates315
green
 [P] There is a color in that tweet!
-2-0-255-0-
-2-0-255-0-
(' [x] Sent message: ', '-2-0-255-0-')
Tweet sent to socrates315
socrates315
purple
 [P] There is a color in that tweet!
-2-128-0-128-
-2-128-0-128-
(' [x] Sent message: ', '-2-128-0-128-')
Tweet sent to socrates315
socrates315
aqua
 [P] There is a color in that tweet!
-2-0-255-255-
-2-0-255-255-
(' [x] Sent message: ', '-2-0-255-255-')
Tweet sent to socrates315
socrates315
plshelp
ngtbtest
error
Tweet sent to socrates315
