  [!] Scanning for Holiday Tweets [!]
Senil888
guchristmastree
burgundy
 [P] There is a color in that tweet!
-2-144-0-32-
-2-144-0-32-
(' [x] Sent message: ', '-2-144-0-32-')
Tweet sent to Senil888
GUChristmasTree
Accout in Blacklist! Ignorning interaction
Senil888
guchristmastree
chartreuse
 [P] There is a color in that tweet!
-2-127-255-0-
-2-127-255-0-
(' [x] Sent message: ', '-2-127-255-0-')
Tweet sent to Senil888
GUChristmasTree
Accout in Blacklist! Ignorning interaction
Senil888
guchristmastree
sapphire
 [P] There is a color in that tweet!
-2-15-82-186-
-2-15-82-186-
(' [x] Sent message: ', '-2-15-82-186-')
Tweet sent to Senil888
GUChristmasTree
Accout in Blacklist! Ignorning interaction
Senil888
guchristmastree
blue
 [P] There is a color in that tweet!
-2-0-0-255-
-2-0-0-255-
(' [x] Sent message: ', '-2-0-0-255-')
Tweet sent to Senil888
GUChristmasTree
Accout in Blacklist! Ignorning interaction
Senil888
guchristmastree
periwinkle
 [P] There is a color in that tweet!
-2-204-204-255-
-2-204-204-255-
(' [x] Sent message: ', '-2-204-204-255-')
Tweet sent to Senil888
GUChristmasTree
Accout in Blacklist! Ignorning interaction
Senil888
guchristmastree
mauve
 [P] There is a color in that tweet!
-2-224-176-255-
-2-224-176-255-
(' [x] Sent message: ', '-2-224-176-255-')
Tweet sent to Senil888
GUChristmasTree
Accout in Blacklist! Ignorning interaction
Senil888
guchristmastree
cyan
 [P] There is a color in that tweet!
-2-0-255-255-
-2-0-255-255-
(' [x] Sent message: ', '-2-0-255-255-')
Tweet sent to Senil888
squeakycIean
guchristmastree
sapphire
 [P] There is a color in that tweet!
-2-15-82-186-
-2-15-82-186-
(' [x] Sent message: ', '-2-15-82-186-')
Tweet sent to squeakycIean
GUChristmasTree
Accout in Blacklist! Ignorning interaction
GUChristmasTree
Accout in Blacklist! Ignorning interaction
Senil888
guchristmastree
team
periwinkle
 [P] There is a color in that tweet!
-2-204-204-255-
-2-204-204-255-
(' [x] Sent message: ', '-2-204-204-255-')
Tweet sent to Senil888
GUChristmasTree
Accout in Blacklist! Ignorning interaction
Senil888
guchristmastree
indigo
 [P] There is a color in that tweet!
-2-75-0-130-
-2-75-0-130-
(' [x] Sent message: ', '-2-75-0-130-')
Tweet sent to Senil888
GUChristmasTree
Accout in Blacklist! Ignorning interaction
Senil888
guchristmastree
burgundy
 [P] There is a color in that tweet!
-2-144-0-32-
-2-144-0-32-
(' [x] Sent message: ', '-2-144-0-32-')
Tweet sent to Senil888
GUChristmasTree
Accout in Blacklist! Ignorning interaction
squeakycIean
guchristmastree
scarlet
 [P] There is a color in that tweet!
-2-255-36-0-
-2-255-36-0-
(' [x] Sent message: ', '-2-255-36-0-')
Tweet sent to squeakycIean
GUChristmasTree
Accout in Blacklist! Ignorning interaction
squeakycIean
guchristmastree
orange
 [P] There is a color in that tweet!
-2-255-128-0-
-2-255-128-0-
(' [x] Sent message: ', '-2-255-128-0-')
Tweet sent to squeakycIean
GUChristmasTree
Accout in Blacklist! Ignorning interaction
squeakycIean
guchristmastree
pumpkin
 [P] There is a color in that tweet!
-2-255-127-0-
-2-255-127-0-
(' [x] Sent message: ', '-2-255-127-0-')
Tweet sent to squeakycIean
GUChristmasTree
Accout in Blacklist! Ignorning interaction
Senil888
guchristmastree
burgundy
 [P] There is a color in that tweet!
-2-144-0-32-
-2-144-0-32-
(' [x] Sent message: ', '-2-144-0-32-')
Tweet sent to Senil888
GUChristmasTree
Accout in Blacklist! Ignorning interaction
DanHarr96131759
guchristmastree
blue
 [P] There is a color in that tweet!
-2-0-0-255-
-2-0-0-255-
(' [x] Sent message: ', '-2-0-0-255-')
Tweet sent to DanHarr96131759
GUChristmasTree
Accout in Blacklist! Ignorning interaction
DanHarr96131759
guchristmastree
white
 [P] There is a color in that tweet!
-2-255-255-255-
-2-255-255-255-
(' [x] Sent message: ', '-2-255-255-255-')
Tweet sent to DanHarr96131759
GUChristmasTree
Accout in Blacklist! Ignorning interaction
beckyysamuelson
guchristmastree
pink
 [P] There is a color in that tweet!
-2-255-192-203-
-2-255-192-203-
(' [x] Sent message: ', '-2-255-192-203-')
Tweet sent to beckyysamuelson
GUChristmasTree
Accout in Blacklist! Ignorning interaction
beckyysamuelson
guchristmastree
green
 [P] There is a color in that tweet!
-2-0-255-0-
-2-0-255-0-
(' [x] Sent message: ', '-2-0-255-0-')
Tweet sent to beckyysamuelson
GUChristmasTree
Accout in Blacklist! Ignorning interaction
paulnoble93
guchristmastree
red
 [P] There is a color in that tweet!
-2-255-0-0-
-2-255-0-0-
(' [x] Sent message: ', '-2-255-0-0-')
Tweet sent to paulnoble93
GUChristmasTree
Accout in Blacklist! Ignorning interaction
paulnoble93
guchristmastree
black
 [P] There is a color in that tweet!
-2-0-0-0-
-2-0-0-0-
(' [x] Sent message: ', '-2-0-0-0-')
Tweet sent to paulnoble93
GUChristmasTree
Accout in Blacklist! Ignorning interaction
paulnoble93
guchristmastree
blue
 [P] There is a color in that tweet!
-2-0-0-255-
-2-0-0-255-
(' [x] Sent message: ', '-2-0-0-255-')
Tweet sent to paulnoble93
GUChristmasTree
Accout in Blacklist! Ignorning interaction
tintin519
guchristmastree
purple
 [P] There is a color in that tweet!
-2-128-0-128-
-2-128-0-128-
(' [x] Sent message: ', '-2-128-0-128-')
Tweet sent to tintin519
GUChristmasTree
Accout in Blacklist! Ignorning interaction
