  [!] Scanning for Holiday Tweets [!]
squeakycIean
guchristmastree
white
 [P] There is a color in that tweet!
-2-255-255-255-
-2-255-255-255-
(' [x] Sent message: ', '-2-255-255-255-')
Tweet sent to squeakycIean
GUChristmasTree
Accout in Blacklist! Ignorning interaction
bengibs17
guchristmastree
red
 [P] There is a color in that tweet!
-2-255-0-0-
-2-255-0-0-
(' [x] Sent message: ', '-2-255-0-0-')
Tweet sent to bengibs17
GUChristmasTree
Accout in Blacklist! Ignorning interaction
parksandrecnyc
guchristmastree
pink
 [P] There is a color in that tweet!
-2-255-192-203-
-2-255-192-203-
(' [x] Sent message: ', '-2-255-192-203-')
Tweet sent to parksandrecnyc
GUChristmasTree
Accout in Blacklist! Ignorning interaction
coombs_courtney
yellow
 [P] There is a color in that tweet!
-2-255-255-0-
-2-255-255-0-
(' [x] Sent message: ', '-2-255-255-0-')
Tweet sent to coombs_courtney
GUChristmasTree
Accout in Blacklist! Ignorning interaction
bengibs17
[u'17', u'01', u'15', u'49', u'41', u'0', u'6', u'0']
rt
guchristmastree
bengibs
happy
holidays
from
gonzaga
thu
dec
https
t
co
y
gx
ogvx
error
Tweet sent to bengibs17
Silverdogz117
guchristmastree
red
 [P] There is a color in that tweet!
-2-255-0-0-
-2-255-0-0-
(' [x] Sent message: ', '-2-255-0-0-')
Tweet sent to Silverdogz117
GUChristmasTree
Accout in Blacklist! Ignorning interaction
jemisslin417
guchristmastree
strobe
light
error
Tweet sent to jemisslin417
TweetsToLil
guchristmastree
rainbow
plz
error
Tweet sent to TweetsToLil
jemisslin417
guchristmastree
purple
 [P] There is a color in that tweet!
-2-128-0-128-
-2-128-0-128-
(' [x] Sent message: ', '-2-128-0-128-')
Tweet sent to jemisslin417
GUChristmasTree
Accout in Blacklist! Ignorning interaction
MartiniTortlini
guchristmastree
pink
 [P] There is a color in that tweet!
-2-255-192-203-
-2-255-192-203-
(' [x] Sent message: ', '-2-255-192-203-')
Tweet sent to MartiniTortlini
GUChristmasTree
Accout in Blacklist! Ignorning interaction
jemisslin417
guchristmastree
make
the
stars
turn
into
little
elf
people
or
orange
 [P] There is a color in that tweet!
-2-255-128-0-
-2-255-128-0-
(' [x] Sent message: ', '-2-255-128-0-')
Tweet sent to jemisslin417
GUChristmasTree
Accout in Blacklist! Ignorning interaction
KikiRaeJ
guchristmastree
pink
 [P] There is a color in that tweet!
-2-255-192-203-
-2-255-192-203-
(' [x] Sent message: ', '-2-255-192-203-')
Tweet sent to KikiRaeJ
GUChristmasTree
Accout in Blacklist! Ignorning interaction
squeakycIean
guchristmastree
chocolate
 [P] There is a color in that tweet!
-2-210-105-30-
-2-210-105-30-
(' [x] Sent message: ', '-2-210-105-30-')
Tweet sent to squeakycIean
GUChristmasTree
Accout in Blacklist! Ignorning interaction
joescibelli
guchristmastree
red
 [P] There is a color in that tweet!
-2-255-0-0-
-2-255-0-0-
(' [x] Sent message: ', '-2-255-0-0-')
Tweet sent to joescibelli
GUChristmasTree
Accout in Blacklist! Ignorning interaction
squeakycIean
guchristmastree
flesh
 [P] There is a color in that tweet!
-2-255-125-64-
-2-255-125-64-
(' [x] Sent message: ', '-2-255-125-64-')
Tweet sent to squeakycIean
GUChristmasTree
Accout in Blacklist! Ignorning interaction
squeakycIean
guchristmastree
crimson
 [P] There is a color in that tweet!
-2-220-20-0-
-2-220-20-0-
(' [x] Sent message: ', '-2-220-20-0-')
Tweet sent to squeakycIean
GUChristmasTree
Accout in Blacklist! Ignorning interaction
squeakycIean
[u'225', u'140', u'0']
-2-225-140-0-
-2-225-140-0-
(' [x] Sent message: ', u'-2-225-140-0-')
Tweet sent to squeakycIean
GUChristmasTree
Accout in Blacklist! Ignorning interaction
