  [!] Scanning for Holiday Tweets [!]
LoriLeo12827573
guchristmastree
blue
 [P] There is a color in that tweet!
-2-0-0-255-
-2-0-0-255-
(' [x] Sent message: ', '-2-0-0-255-')
Tweet sent to LoriLeo12827573
GUChristmasTree
Accout in Blacklist! Ignorning interaction
LoriLeo12827573
guchristmastree
rainbow
Rainbow Time!!!
rainbow
(' [x] Sent message: ', '-3-8-255-255-255-')
(' [x] Sent message: ', '-3-7-128-0-128-')
(' [x] Sent message: ', '-3-9-255-0-0-')
(' [x] Sent message: ', '-3-5-255-50-0-')
(' [x] Sent message: ', '-3-4-255-100-0-')
(' [x] Sent message: ', '-3-2-200-255-0-')
(' [x] Sent message: ', '-3-6-0-255-0-')
(' [x] Sent message: ', '-3-1-0-255-255-')
(' [x] Sent message: ', '-3-3-0-0-255-')
Tweet sent to LoriLeo12827573
GUChristmasTree
Accout in Blacklist! Ignorning interaction
ItzhaileyMay
guchristmastree
blue
 [P] There is a color in that tweet!
-2-0-0-255-
-2-0-0-255-
(' [x] Sent message: ', '-2-0-0-255-')
Tweet sent to ItzhaileyMay
GUChristmasTree
Accout in Blacklist! Ignorning interaction
D_Abrahms
guchristmastree
rainbow
Rainbow Time!!!
rainbow
(' [x] Sent message: ', '-3-8-255-255-255-')
(' [x] Sent message: ', '-3-7-128-0-128-')
(' [x] Sent message: ', '-3-9-255-0-0-')
(' [x] Sent message: ', '-3-5-255-50-0-')
(' [x] Sent message: ', '-3-4-255-100-0-')
(' [x] Sent message: ', '-3-2-200-255-0-')
(' [x] Sent message: ', '-3-6-0-255-0-')
(' [x] Sent message: ', '-3-1-0-255-255-')
(' [x] Sent message: ', '-3-3-0-0-255-')
Tweet sent to D_Abrahms
GUChristmasTree
Accout in Blacklist! Ignorning interaction
jumping_shrimp3
guchristmastree
red
 [P] There is a color in that tweet!
-2-255-0-0-
-2-255-0-0-
(' [x] Sent message: ', '-2-255-0-0-')
Tweet sent to jumping_shrimp3
GUChristmasTree
Accout in Blacklist! Ignorning interaction
SamiCTaki
guchristmastree
blue
 [P] There is a color in that tweet!
-2-0-0-255-
-2-0-0-255-
(' [x] Sent message: ', '-2-0-0-255-')
Tweet sent to SamiCTaki
GUChristmasTree
Accout in Blacklist! Ignorning interaction
SamiCTaki
guchristmastree
green
 [P] There is a color in that tweet!
-2-0-255-0-
-2-0-255-0-
(' [x] Sent message: ', '-2-0-255-0-')
Tweet sent to SamiCTaki
GUChristmasTree
Accout in Blacklist! Ignorning interaction
jumping_shrimp3
guchristmastree
rainbow
Rainbow Time!!!
rainbow
(' [x] Sent message: ', '-3-8-255-255-255-')
(' [x] Sent message: ', '-3-7-128-0-128-')
(' [x] Sent message: ', '-3-9-255-0-0-')
(' [x] Sent message: ', '-3-5-255-50-0-')
(' [x] Sent message: ', '-3-4-255-100-0-')
(' [x] Sent message: ', '-3-2-200-255-0-')
(' [x] Sent message: ', '-3-6-0-255-0-')
(' [x] Sent message: ', '-3-1-0-255-255-')
(' [x] Sent message: ', '-3-3-0-0-255-')
Tweet sent to jumping_shrimp3
GUChristmasTree
Accout in Blacklist! Ignorning interaction
jumping_shrimp3
guchristmastree
black
 [P] There is a color in that tweet!
-2-0-0-0-
-2-0-0-0-
(' [x] Sent message: ', '-2-0-0-0-')
Tweet sent to jumping_shrimp3
GUChristmasTree
Accout in Blacklist! Ignorning interaction
Error in twitter_stream()! Restarting!
  [!] Scanning for Holiday Tweets [!]
hemmguy
green
 [P] There is a color in that tweet!
-2-0-255-0-
-2-0-255-0-
(' [x] Sent message: ', '-2-0-255-0-')
Tweet sent to hemmguy
GUChristmasTree
Accout in Blacklist! Ignorning interaction
juliana_chapma
rainbow
Rainbow Time!!!
rainbow
(' [x] Sent message: ', '-3-8-255-255-255-')
(' [x] Sent message: ', '-3-7-128-0-128-')
(' [x] Sent message: ', '-3-9-255-0-0-')
(' [x] Sent message: ', '-3-5-255-50-0-')
(' [x] Sent message: ', '-3-4-255-100-0-')
(' [x] Sent message: ', '-3-2-200-255-0-')
(' [x] Sent message: ', '-3-6-0-255-0-')
(' [x] Sent message: ', '-3-1-0-255-255-')
(' [x] Sent message: ', '-3-3-0-0-255-')
Tweet sent to juliana_chapma
GUChristmasTree
Accout in Blacklist! Ignorning interaction
Faithyyy98
purple
 [P] There is a color in that tweet!
-2-128-0-128-
-2-128-0-128-
(' [x] Sent message: ', '-2-128-0-128-')
Tweet sent to Faithyyy98
GUChristmasTree
Accout in Blacklist! Ignorning interaction
juliana_chapma
turquoise
 [P] There is a color in that tweet!
-2-0-245-255-
-2-0-245-255-
(' [x] Sent message: ', '-2-0-245-255-')
Tweet sent to juliana_chapma
GUChristmasTree
Accout in Blacklist! Ignorning interaction
juliana_chapma
red
 [P] There is a color in that tweet!
-2-255-0-0-
-2-255-0-0-
(' [x] Sent message: ', '-2-255-0-0-')
Tweet sent to juliana_chapma
GUChristmasTree
Accout in Blacklist! Ignorning interaction
juliana_chapma
red
 [P] There is a color in that tweet!
-2-255-0-0-
-2-255-0-0-
(' [x] Sent message: ', '-2-255-0-0-')
Tweet sent to juliana_chapma
GUChristmasTree
Accout in Blacklist! Ignorning interaction
juliana_chapma
pink
 [P] There is a color in that tweet!
-2-255-192-203-
-2-255-192-203-
(' [x] Sent message: ', '-2-255-192-203-')
Tweet sent to juliana_chapma
GUChristmasTree
Accout in Blacklist! Ignorning interaction
juliana_chapma
rainbow
Rainbow Time!!!
rainbow
(' [x] Sent message: ', '-3-8-255-255-255-')
(' [x] Sent message: ', '-3-7-128-0-128-')
(' [x] Sent message: ', '-3-9-255-0-0-')
(' [x] Sent message: ', '-3-5-255-50-0-')
(' [x] Sent message: ', '-3-4-255-100-0-')
(' [x] Sent message: ', '-3-2-200-255-0-')
(' [x] Sent message: ', '-3-6-0-255-0-')
(' [x] Sent message: ', '-3-1-0-255-255-')
(' [x] Sent message: ', '-3-3-0-0-255-')
Tweet sent to juliana_chapma
GUChristmasTree
Accout in Blacklist! Ignorning interaction
juliana_chapma
teal
 [P] There is a color in that tweet!
-2-0-128-128-
-2-0-128-128-
(' [x] Sent message: ', '-2-0-128-128-')
Tweet sent to juliana_chapma
GUChristmasTree
Accout in Blacklist! Ignorning interaction
juliana_chapma
red
 [P] There is a color in that tweet!
-2-255-0-0-
-2-255-0-0-
(' [x] Sent message: ', '-2-255-0-0-')
Tweet sent to juliana_chapma
GUChristmasTree
Accout in Blacklist! Ignorning interaction
sofia_ck
blue
 [P] There is a color in that tweet!
-2-0-0-255-
-2-0-0-255-
(' [x] Sent message: ', '-2-0-0-255-')
Tweet sent to sofia_ck
juliana_chapma
purple
 [P] There is a color in that tweet!
-2-128-0-128-
-2-128-0-128-
(' [x] Sent message: ', '-2-128-0-128-')
Tweet sent to juliana_chapma
GUChristmasTree
Accout in Blacklist! Ignorning interaction
GUChristmasTree
Accout in Blacklist! Ignorning interaction
sofia_ck
blue
 [P] There is a color in that tweet!
-2-0-0-255-
-2-0-0-255-
(' [x] Sent message: ', '-2-0-0-255-')
Tweet sent to sofia_ck
GUChristmasTree
Accout in Blacklist! Ignorning interaction
Tucker_Munson
guchristmastree
red
 [P] There is a color in that tweet!
-2-255-0-0-
-2-255-0-0-
(' [x] Sent message: ', '-2-255-0-0-')
Tweet sent to Tucker_Munson
GUChristmasTree
Accout in Blacklist! Ignorning interaction
robertperryhere
guchristmastree
blue
 [P] There is a color in that tweet!
-2-0-0-255-
-2-0-0-255-
(' [x] Sent message: ', '-2-0-0-255-')
Tweet sent to robertperryhere
GUChristmasTree
Accout in Blacklist! Ignorning interaction
SamiCTaki
guchristmastree
pink
 [P] There is a color in that tweet!
-2-255-192-203-
-2-255-192-203-
(' [x] Sent message: ', '-2-255-192-203-')
Tweet sent to SamiCTaki
GUChristmasTree
Accout in Blacklist! Ignorning interaction
SamiCTaki
guchristmastree
white
 [P] There is a color in that tweet!
-2-255-255-255-
-2-255-255-255-
(' [x] Sent message: ', '-2-255-255-255-')
Tweet sent to SamiCTaki
GUChristmasTree
Accout in Blacklist! Ignorning interaction
SamiCTaki
guchristmastree
red
 [P] There is a color in that tweet!
-2-255-0-0-
-2-255-0-0-
(' [x] Sent message: ', '-2-255-0-0-')
Tweet sent to SamiCTaki
GUChristmasTree
Accout in Blacklist! Ignorning interaction
robertperryhere
guchristmastree
green
 [P] There is a color in that tweet!
-2-0-255-0-
-2-0-255-0-
(' [x] Sent message: ', '-2-0-255-0-')
Tweet sent to robertperryhere
SamiCTaki
guchristmastree
rainbow
Rainbow Time!!!
rainbow
(' [x] Sent message: ', '-3-8-255-255-255-')
(' [x] Sent message: ', '-3-7-128-0-128-')
(' [x] Sent message: ', '-3-9-255-0-0-')
(' [x] Sent message: ', '-3-5-255-50-0-')
(' [x] Sent message: ', '-3-4-255-100-0-')
(' [x] Sent message: ', '-3-2-200-255-0-')
(' [x] Sent message: ', '-3-6-0-255-0-')
(' [x] Sent message: ', '-3-1-0-255-255-')
(' [x] Sent message: ', '-3-3-0-0-255-')
Tweet sent to SamiCTaki
GUChristmasTree
Accout in Blacklist! Ignorning interaction
GUChristmasTree
Accout in Blacklist! Ignorning interaction
SamiCTaki
guchristmastree
yellow
 [P] There is a color in that tweet!
-2-255-255-0-
-2-255-255-0-
(' [x] Sent message: ', '-2-255-255-0-')
Tweet sent to SamiCTaki
GUChristmasTree
Accout in Blacklist! Ignorning interaction
robertperryhere
guchristmastree
orange
 [P] There is a color in that tweet!
-2-255-128-0-
-2-255-128-0-
(' [x] Sent message: ', '-2-255-128-0-')
Tweet sent to robertperryhere
GUChristmasTree
Accout in Blacklist! Ignorning interaction
SamiCTaki
guchristmastree
clue
error
Tweet sent to SamiCTaki
robertperryhere
guchristmastree
red
 [P] There is a color in that tweet!
-2-255-0-0-
-2-255-0-0-
(' [x] Sent message: ', '-2-255-0-0-')
Tweet sent to robertperryhere
GUChristmasTree
Accout in Blacklist! Ignorning interaction
robertperryhere
guchristmastree
blue
 [P] There is a color in that tweet!
-2-0-0-255-
-2-0-0-255-
(' [x] Sent message: ', '-2-0-0-255-')
Tweet sent to robertperryhere
GUChristmasTree
Accout in Blacklist! Ignorning interaction
robertperryhere
guchristmastree
purple
 [P] There is a color in that tweet!
-2-128-0-128-
-2-128-0-128-
(' [x] Sent message: ', '-2-128-0-128-')
Tweet sent to robertperryhere
GUChristmasTree
Accout in Blacklist! Ignorning interaction
robertperryhere
guchristmastree
rainbow
Rainbow Time!!!
rainbow
(' [x] Sent message: ', '-3-8-255-255-255-')
(' [x] Sent message: ', '-3-7-128-0-128-')
(' [x] Sent message: ', '-3-9-255-0-0-')
(' [x] Sent message: ', '-3-5-255-50-0-')
(' [x] Sent message: ', '-3-4-255-100-0-')
(' [x] Sent message: ', '-3-2-200-255-0-')
(' [x] Sent message: ', '-3-6-0-255-0-')
(' [x] Sent message: ', '-3-1-0-255-255-')
(' [x] Sent message: ', '-3-3-0-0-255-')
Tweet sent to robertperryhere
GUChristmasTree
Accout in Blacklist! Ignorning interaction
ItzhaileyMay
guchristmastree
yellow
 [P] There is a color in that tweet!
-2-255-255-0-
-2-255-255-0-
(' [x] Sent message: ', '-2-255-255-0-')
Tweet sent to ItzhaileyMay
GUChristmasTree
Accout in Blacklist! Ignorning interaction
ItzhaileyMay
guchristmastree
blue
 [P] There is a color in that tweet!
-2-0-0-255-
-2-0-0-255-
(' [x] Sent message: ', '-2-0-0-255-')
Tweet sent to ItzhaileyMay
GUChristmasTree
Accout in Blacklist! Ignorning interaction
robertperryhere
guchristmastree
rainbow
Rainbow Time!!!
rainbow
(' [x] Sent message: ', '-3-8-255-255-255-')
(' [x] Sent message: ', '-3-7-128-0-128-')
(' [x] Sent message: ', '-3-9-255-0-0-')
(' [x] Sent message: ', '-3-5-255-50-0-')
(' [x] Sent message: ', '-3-4-255-100-0-')
(' [x] Sent message: ', '-3-2-200-255-0-')
(' [x] Sent message: ', '-3-6-0-255-0-')
(' [x] Sent message: ', '-3-1-0-255-255-')
(' [x] Sent message: ', '-3-3-0-0-255-')
Tweet sent to robertperryhere
GUChristmasTree
Accout in Blacklist! Ignorning interaction
Chowder496
guchristmastree
purple
 [P] There is a color in that tweet!
-2-128-0-128-
-2-128-0-128-
(' [x] Sent message: ', '-2-128-0-128-')
Tweet sent to Chowder496
GUChristmasTree
Accout in Blacklist! Ignorning interaction
pongpropaul
guchristmastree
white
 [P] There is a color in that tweet!
-2-255-255-255-
-2-255-255-255-
(' [x] Sent message: ', '-2-255-255-255-')
Tweet sent to pongpropaul
GUChristmasTree
Accout in Blacklist! Ignorning interaction
pongpropaul
guchristmastree
blue
 [P] There is a color in that tweet!
-2-0-0-255-
-2-0-0-255-
(' [x] Sent message: ', '-2-0-0-255-')
Tweet sent to pongpropaul
GUChristmasTree
Accout in Blacklist! Ignorning interaction
pongpropaul
guchristmastree
red
 [P] There is a color in that tweet!
-2-255-0-0-
-2-255-0-0-
(' [x] Sent message: ', '-2-255-0-0-')
Tweet sent to pongpropaul
GUChristmasTree
Accout in Blacklist! Ignorning interaction
pongpropaul
guchristmastree
orange
 [P] There is a color in that tweet!
-2-255-128-0-
-2-255-128-0-
(' [x] Sent message: ', '-2-255-128-0-')
Tweet sent to pongpropaul
GUChristmasTree
Accout in Blacklist! Ignorning interaction
pongpropaul
guchristmastree
yellow
 [P] There is a color in that tweet!
-2-255-255-0-
-2-255-255-0-
(' [x] Sent message: ', '-2-255-255-0-')
Tweet sent to pongpropaul
GUChristmasTree
Accout in Blacklist! Ignorning interaction
pongpropaul
guchristmastree
green
 [P] There is a color in that tweet!
-2-0-255-0-
-2-0-255-0-
(' [x] Sent message: ', '-2-0-255-0-')
Tweet sent to pongpropaul
GUChristmasTree
Accout in Blacklist! Ignorning interaction
pongpropaul
guchristmastree
blue
 [P] There is a color in that tweet!
-2-0-0-255-
-2-0-0-255-
(' [x] Sent message: ', '-2-0-0-255-')
Tweet sent to pongpropaul
GUChristmasTree
Accout in Blacklist! Ignorning interaction
ellieweisblat
rt
ellieweisblat
guchristmastree
rainbow
Rainbow Time!!!
rainbow
(' [x] Sent message: ', '-3-8-255-255-255-')
(' [x] Sent message: ', '-3-7-128-0-128-')
(' [x] Sent message: ', '-3-9-255-0-0-')
(' [x] Sent message: ', '-3-5-255-50-0-')
(' [x] Sent message: ', '-3-4-255-100-0-')
(' [x] Sent message: ', '-3-2-200-255-0-')
(' [x] Sent message: ', '-3-6-0-255-0-')
(' [x] Sent message: ', '-3-1-0-255-255-')
(' [x] Sent message: ', '-3-3-0-0-255-')
Tweet sent to ellieweisblat
GUChristmasTree
Accout in Blacklist! Ignorning interaction
pongpropaul
guchristmastree
indigo
 [P] There is a color in that tweet!
-2-75-0-130-
-2-75-0-130-
(' [x] Sent message: ', '-2-75-0-130-')
Tweet sent to pongpropaul
GUChristmasTree
Accout in Blacklist! Ignorning interaction
ellieweisblat
guchristmastree
white
 [P] There is a color in that tweet!
-2-255-255-255-
-2-255-255-255-
(' [x] Sent message: ', '-2-255-255-255-')
Tweet sent to ellieweisblat
GUChristmasTree
Accout in Blacklist! Ignorning interaction
ellieweisblat
guchristmastree
brown
 [P] There is a color in that tweet!
-2-165-42-42-
-2-165-42-42-
(' [x] Sent message: ', '-2-165-42-42-')
Tweet sent to ellieweisblat
GUChristmasTree
Accout in Blacklist! Ignorning interaction
ellieweisblat
guchristmastree
red
 [P] There is a color in that tweet!
-2-255-0-0-
-2-255-0-0-
(' [x] Sent message: ', '-2-255-0-0-')
Tweet sent to ellieweisblat
GUChristmasTree
Accout in Blacklist! Ignorning interaction
ellieweisblat
guchristmastree
can
you
learn
how
to
do
brown
 [P] There is a color in that tweet!
-2-165-42-42-
-2-165-42-42-
(' [x] Sent message: ', '-2-165-42-42-')
Tweet sent to ellieweisblat
GUChristmasTree
Accout in Blacklist! Ignorning interaction
Nash11Thompson
guchristmastree
rainbow
Rainbow Time!!!
rainbow
(' [x] Sent message: ', '-3-8-255-255-255-')
(' [x] Sent message: ', '-3-7-128-0-128-')
(' [x] Sent message: ', '-3-9-255-0-0-')
(' [x] Sent message: ', '-3-5-255-50-0-')
(' [x] Sent message: ', '-3-4-255-100-0-')
(' [x] Sent message: ', '-3-2-200-255-0-')
(' [x] Sent message: ', '-3-6-0-255-0-')
(' [x] Sent message: ', '-3-1-0-255-255-')
(' [x] Sent message: ', '-3-3-0-0-255-')
Tweet sent to Nash11Thompson
GUChristmasTree
Accout in Blacklist! Ignorning interaction
_hogle
guchristmastree
blue
 [P] There is a color in that tweet!
-2-0-0-255-
-2-0-0-255-
(' [x] Sent message: ', '-2-0-0-255-')
Tweet sent to _hogle
GUChristmasTree
Accout in Blacklist! Ignorning interaction
_hogle
guchristmastree
orange
 [P] There is a color in that tweet!
-2-255-128-0-
-2-255-128-0-
(' [x] Sent message: ', '-2-255-128-0-')
Tweet sent to _hogle
GUChristmasTree
Accout in Blacklist! Ignorning interaction
_hogle
guchristmastree
red
 [P] There is a color in that tweet!
-2-255-0-0-
-2-255-0-0-
(' [x] Sent message: ', '-2-255-0-0-')
Tweet sent to _hogle
GUChristmasTree
Accout in Blacklist! Ignorning interaction
GUChristmasTree
Accout in Blacklist! Ignorning interaction
ItzhaileyMay
guchristmastree
blue
 [P] There is a color in that tweet!
-2-0-0-255-
-2-0-0-255-
(' [x] Sent message: ', '-2-0-0-255-')
Tweet sent to ItzhaileyMay
GUChristmasTree
Accout in Blacklist! Ignorning interaction
lidge_wisdom
guchristmastree
red
 [P] There is a color in that tweet!
-2-255-0-0-
-2-255-0-0-
(' [x] Sent message: ', '-2-255-0-0-')
Tweet sent to lidge_wisdom
GUChristmasTree
Accout in Blacklist! Ignorning interaction
lidge_wisdom
guchristmastree
yellow
 [P] There is a color in that tweet!
-2-255-255-0-
-2-255-255-0-
(' [x] Sent message: ', '-2-255-255-0-')
Tweet sent to lidge_wisdom
GUChristmasTree
Accout in Blacklist! Ignorning interaction
Nash11Thompson
guchristmastree
rainbow
Rainbow Time!!!
rainbow
(' [x] Sent message: ', '-3-8-255-255-255-')
(' [x] Sent message: ', '-3-7-128-0-128-')
(' [x] Sent message: ', '-3-9-255-0-0-')
(' [x] Sent message: ', '-3-5-255-50-0-')
(' [x] Sent message: ', '-3-4-255-100-0-')
(' [x] Sent message: ', '-3-2-200-255-0-')
(' [x] Sent message: ', '-3-6-0-255-0-')
(' [x] Sent message: ', '-3-1-0-255-255-')
(' [x] Sent message: ', '-3-3-0-0-255-')
Tweet sent to Nash11Thompson
GUChristmasTree
Accout in Blacklist! Ignorning interaction
Nash11Thompson
guchristmastree
pink
 [P] There is a color in that tweet!
-2-255-192-203-
-2-255-192-203-
(' [x] Sent message: ', '-2-255-192-203-')
Tweet sent to Nash11Thompson
GUChristmasTree
Accout in Blacklist! Ignorning interaction
HeatherTeshome
guchristmastree
rainbow
Rainbow Time!!!
rainbow
(' [x] Sent message: ', '-3-8-255-255-255-')
(' [x] Sent message: ', '-3-7-128-0-128-')
(' [x] Sent message: ', '-3-9-255-0-0-')
(' [x] Sent message: ', '-3-5-255-50-0-')
(' [x] Sent message: ', '-3-4-255-100-0-')
(' [x] Sent message: ', '-3-2-200-255-0-')
(' [x] Sent message: ', '-3-6-0-255-0-')
(' [x] Sent message: ', '-3-1-0-255-255-')
(' [x] Sent message: ', '-3-3-0-0-255-')
Tweet sent to HeatherTeshome
GUChristmasTree
Accout in Blacklist! Ignorning interaction
Sponce18
guchristmastree
purple
 [P] There is a color in that tweet!
-2-128-0-128-
-2-128-0-128-
(' [x] Sent message: ', '-2-128-0-128-')
Tweet sent to Sponce18
GUChristmasTree
Accout in Blacklist! Ignorning interaction
Sponce18
guchristmastree
blue
 [P] There is a color in that tweet!
-2-0-0-255-
-2-0-0-255-
(' [x] Sent message: ', '-2-0-0-255-')
Tweet sent to Sponce18
GUChristmasTree
Accout in Blacklist! Ignorning interaction
Sponce18
guchristmastree
teal
 [P] There is a color in that tweet!
-2-0-128-128-
-2-0-128-128-
(' [x] Sent message: ', '-2-0-128-128-')
Tweet sent to Sponce18
GUChristmasTree
Accout in Blacklist! Ignorning interaction
Sponce18
guchristmastree
yellow
 [P] There is a color in that tweet!
-2-255-255-0-
-2-255-255-0-
(' [x] Sent message: ', '-2-255-255-0-')
Tweet sent to Sponce18
GUChristmasTree
Accout in Blacklist! Ignorning interaction
Sponce18
guchristmastree
pink
 [P] There is a color in that tweet!
-2-255-192-203-
-2-255-192-203-
(' [x] Sent message: ', '-2-255-192-203-')
Tweet sent to Sponce18
GUChristmasTree
Accout in Blacklist! Ignorning interaction
Error in twitter_stream()! Restarting!
  [!] Scanning for Holiday Tweets [!]
melissarhaskin
guchristmastree
pink
 [P] There is a color in that tweet!
-2-255-192-203-
-2-255-192-203-
(' [x] Sent message: ', '-2-255-192-203-')
Tweet sent to melissarhaskin
GUChristmasTree
Accout in Blacklist! Ignorning interaction
melissarhaskin
guchristmastree
green
 [P] There is a color in that tweet!
-2-0-255-0-
-2-0-255-0-
(' [x] Sent message: ', '-2-0-255-0-')
Tweet sent to melissarhaskin
GUChristmasTree
Accout in Blacklist! Ignorning interaction
melissarhaskin
guchristmastree
orange
 [P] There is a color in that tweet!
-2-255-128-0-
-2-255-128-0-
(' [x] Sent message: ', '-2-255-128-0-')
Tweet sent to melissarhaskin
GUChristmasTree
Accout in Blacklist! Ignorning interaction
melissarhaskin
guchristmastree
purple
 [P] There is a color in that tweet!
-2-128-0-128-
-2-128-0-128-
(' [x] Sent message: ', '-2-128-0-128-')
Tweet sent to melissarhaskin
GUChristmasTree
Accout in Blacklist! Ignorning interaction
melissarhaskin
guchristmastree
blue
 [P] There is a color in that tweet!
-2-0-0-255-
-2-0-0-255-
(' [x] Sent message: ', '-2-0-0-255-')
Tweet sent to melissarhaskin
GUChristmasTree
Accout in Blacklist! Ignorning interaction
melissarhaskin
guchristmastree
red
 [P] There is a color in that tweet!
-2-255-0-0-
-2-255-0-0-
(' [x] Sent message: ', '-2-255-0-0-')
Tweet sent to melissarhaskin
GUChristmasTree
Accout in Blacklist! Ignorning interaction
lorencarrillo97
guchristmastree
turquoise
 [P] There is a color in that tweet!
-2-0-245-255-
-2-0-245-255-
(' [x] Sent message: ', '-2-0-245-255-')
Tweet sent to lorencarrillo97
GUChristmasTree
Accout in Blacklist! Ignorning interaction
lorencarrillo97
guchristmastree
pink
 [P] There is a color in that tweet!
-2-255-192-203-
-2-255-192-203-
(' [x] Sent message: ', '-2-255-192-203-')
Tweet sent to lorencarrillo97
GUChristmasTree
Accout in Blacklist! Ignorning interaction
lorencarrillo97
guchristmastree
off
error
Tweet sent to lorencarrillo97
lorencarrillo97
guchristmastree
red
 [P] There is a color in that tweet!
-2-255-0-0-
-2-255-0-0-
(' [x] Sent message: ', '-2-255-0-0-')
Tweet sent to lorencarrillo97
GUChristmasTree
Accout in Blacklist! Ignorning interaction
lorencarrillo97
guchristmastree
purple
 [P] There is a color in that tweet!
-2-128-0-128-
-2-128-0-128-
(' [x] Sent message: ', '-2-128-0-128-')
Tweet sent to lorencarrillo97
GUChristmasTree
Accout in Blacklist! Ignorning interaction
lorencarrillo97
rt
cameroncortinas
guchristmastree
black
 [P] There is a color in that tweet!
-2-0-0-0-
-2-0-0-0-
(' [x] Sent message: ', '-2-0-0-0-')
Tweet sent to lorencarrillo97
GUChristmasTree
Accout in Blacklist! Ignorning interaction
lorencarrillo97
rt
cameroncortinas
guchristmastree
blue
 [P] There is a color in that tweet!
-2-0-0-255-
-2-0-0-255-
(' [x] Sent message: ', '-2-0-0-255-')
Tweet sent to lorencarrillo97
GUChristmasTree
Accout in Blacklist! Ignorning interaction
lorencarrillo97
[u'96']
rt
torimiller
guchristmastree
red
 [P] There is a color in that tweet!
-2-255-0-0-
-2-255-0-0-
(' [x] Sent message: ', '-2-255-0-0-')
Tweet sent to lorencarrillo97
GUChristmasTree
Accout in Blacklist! Ignorning interaction
lorencarrillo97
rt
kinzief
guchristmastree
blue
 [P] There is a color in that tweet!
-2-0-0-255-
-2-0-0-255-
(' [x] Sent message: ', '-2-0-0-255-')
Tweet sent to lorencarrillo97
GUChristmasTree
Accout in Blacklist! Ignorning interaction
lorencarrillo97
guchristmastree
magenta
 [P] There is a color in that tweet!
-2-255-0-255-
-2-255-0-255-
(' [x] Sent message: ', '-2-255-0-255-')
Tweet sent to lorencarrillo97
GUChristmasTree
Accout in Blacklist! Ignorning interaction
lorencarrillo97
guchristmastree
red
 [P] There is a color in that tweet!
-2-255-0-0-
-2-255-0-0-
(' [x] Sent message: ', '-2-255-0-0-')
Tweet sent to lorencarrillo97
GUChristmasTree
Accout in Blacklist! Ignorning interaction
filmonabraham
guchristmastree
yellow
 [P] There is a color in that tweet!
-2-255-255-0-
-2-255-255-0-
(' [x] Sent message: ', '-2-255-255-0-')
Tweet sent to filmonabraham
GUChristmasTree
Accout in Blacklist! Ignorning interaction
filmonabraham
guchristmastree
financial
aid
error
Tweet sent to filmonabraham
filmonabraham
guchristmastree
orange
 [P] There is a color in that tweet!
-2-255-128-0-
-2-255-128-0-
(' [x] Sent message: ', '-2-255-128-0-')
Tweet sent to filmonabraham
GUChristmasTree
Accout in Blacklist! Ignorning interaction
filmonabraham
guchristmastree
brown
 [P] There is a color in that tweet!
-2-165-42-42-
-2-165-42-42-
(' [x] Sent message: ', '-2-165-42-42-')
Tweet sent to filmonabraham
GUChristmasTree
Accout in Blacklist! Ignorning interaction
filmonabraham
guchristmastree
black
 [P] There is a color in that tweet!
-2-0-0-0-
-2-0-0-0-
(' [x] Sent message: ', '-2-0-0-0-')
Tweet sent to filmonabraham
GUChristmasTree
Accout in Blacklist! Ignorning interaction
filmonabraham
guchristmastree
grey
 [P] There is a color in that tweet!
-2-128-128-128-
-2-128-128-128-
(' [x] Sent message: ', '-2-128-128-128-')
Tweet sent to filmonabraham
GUChristmasTree
Accout in Blacklist! Ignorning interaction
_emilymathis_
guchristmastree
rainbow
Rainbow Time!!!
rainbow
(' [x] Sent message: ', '-3-8-255-255-255-')
(' [x] Sent message: ', '-3-7-128-0-128-')
(' [x] Sent message: ', '-3-9-255-0-0-')
(' [x] Sent message: ', '-3-5-255-50-0-')
(' [x] Sent message: ', '-3-4-255-100-0-')
(' [x] Sent message: ', '-3-2-200-255-0-')
(' [x] Sent message: ', '-3-6-0-255-0-')
(' [x] Sent message: ', '-3-1-0-255-255-')
(' [x] Sent message: ', '-3-3-0-0-255-')
Tweet sent to _emilymathis_
GUChristmasTree
Accout in Blacklist! Ignorning interaction
_emilymathis_
guchristmastree
orange
 [P] There is a color in that tweet!
-2-255-128-0-
-2-255-128-0-
(' [x] Sent message: ', '-2-255-128-0-')
Tweet sent to _emilymathis_
GUChristmasTree
Accout in Blacklist! Ignorning interaction
_emilymathis_
guchristmastree
black
 [P] There is a color in that tweet!
-2-0-0-0-
-2-0-0-0-
(' [x] Sent message: ', '-2-0-0-0-')
Tweet sent to _emilymathis_
GUChristmasTree
Accout in Blacklist! Ignorning interaction
_emilymathis_
guchristmastree
rainbow
Rainbow Time!!!
rainbow
(' [x] Sent message: ', '-3-8-255-255-255-')
(' [x] Sent message: ', '-3-7-128-0-128-')
(' [x] Sent message: ', '-3-9-255-0-0-')
(' [x] Sent message: ', '-3-5-255-50-0-')
(' [x] Sent message: ', '-3-4-255-100-0-')
(' [x] Sent message: ', '-3-2-200-255-0-')
(' [x] Sent message: ', '-3-6-0-255-0-')
(' [x] Sent message: ', '-3-1-0-255-255-')
(' [x] Sent message: ', '-3-3-0-0-255-')
Tweet sent to _emilymathis_
GUChristmasTree
Accout in Blacklist! Ignorning interaction
NathanNperrine2
guchristmastree
black
 [P] There is a color in that tweet!
-2-0-0-0-
-2-0-0-0-
(' [x] Sent message: ', '-2-0-0-0-')
Tweet sent to NathanNperrine2
GUChristmasTree
Accout in Blacklist! Ignorning interaction
NathanNperrine2
guchristmastree
purple
 [P] There is a color in that tweet!
-2-128-0-128-
-2-128-0-128-
(' [x] Sent message: ', '-2-128-0-128-')
Tweet sent to NathanNperrine2
GUChristmasTree
Accout in Blacklist! Ignorning interaction
NathanNperrine2
guchristmastree
green
 [P] There is a color in that tweet!
-2-0-255-0-
-2-0-255-0-
(' [x] Sent message: ', '-2-0-255-0-')
Tweet sent to NathanNperrine2
GUChristmasTree
Accout in Blacklist! Ignorning interaction
NathanNperrine2
guchristmastree
blue
 [P] There is a color in that tweet!
-2-0-0-255-
-2-0-0-255-
(' [x] Sent message: ', '-2-0-0-255-')
Tweet sent to NathanNperrine2
GUChristmasTree
Accout in Blacklist! Ignorning interaction
NathanNperrine2
guchristmastree
silver
 [P] There is a color in that tweet!
-2-192-192-192-
-2-192-192-192-
(' [x] Sent message: ', '-2-192-192-192-')
Tweet sent to NathanNperrine2
GUChristmasTree
Accout in Blacklist! Ignorning interaction
NathanNperrine2
guchristmastree
red
 [P] There is a color in that tweet!
-2-255-0-0-
-2-255-0-0-
(' [x] Sent message: ', '-2-255-0-0-')
Tweet sent to NathanNperrine2
GUChristmasTree
Accout in Blacklist! Ignorning interaction
NathanNperrine2
guchristmastree
pink
 [P] There is a color in that tweet!
-2-255-192-203-
-2-255-192-203-
(' [x] Sent message: ', '-2-255-192-203-')
Tweet sent to NathanNperrine2
GUChristmasTree
Accout in Blacklist! Ignorning interaction
NathanNperrine2
guchristmastree
rainbow
Rainbow Time!!!
rainbow
(' [x] Sent message: ', '-3-8-255-255-255-')
(' [x] Sent message: ', '-3-7-128-0-128-')
(' [x] Sent message: ', '-3-9-255-0-0-')
(' [x] Sent message: ', '-3-5-255-50-0-')
(' [x] Sent message: ', '-3-4-255-100-0-')
(' [x] Sent message: ', '-3-2-200-255-0-')
(' [x] Sent message: ', '-3-6-0-255-0-')
(' [x] Sent message: ', '-3-1-0-255-255-')
(' [x] Sent message: ', '-3-3-0-0-255-')
Tweet sent to NathanNperrine2
GUChristmasTree
Accout in Blacklist! Ignorning interaction
NathanNperrine2
guchristmastree
yellow
 [P] There is a color in that tweet!
-2-255-255-0-
-2-255-255-0-
(' [x] Sent message: ', '-2-255-255-0-')
Tweet sent to NathanNperrine2
GUChristmasTree
Accout in Blacklist! Ignorning interaction
NathanNperrine2
guchristmastree
orange
 [P] There is a color in that tweet!
-2-255-128-0-
-2-255-128-0-
(' [x] Sent message: ', '-2-255-128-0-')
Tweet sent to NathanNperrine2
GUChristmasTree
Accout in Blacklist! Ignorning interaction
NathanNperrine2
guchristmastree
indigo
 [P] There is a color in that tweet!
-2-75-0-130-
-2-75-0-130-
(' [x] Sent message: ', '-2-75-0-130-')
Tweet sent to NathanNperrine2
GUChristmasTree
Accout in Blacklist! Ignorning interaction
NathanNperrine2
guchristmastree
blue
 [P] There is a color in that tweet!
-2-0-0-255-
-2-0-0-255-
(' [x] Sent message: ', '-2-0-0-255-')
Tweet sent to NathanNperrine2
GUChristmasTree
Accout in Blacklist! Ignorning interaction
NathanNperrine2
guchristmastree
red
 [P] There is a color in that tweet!
-2-255-0-0-
-2-255-0-0-
(' [x] Sent message: ', '-2-255-0-0-')
Tweet sent to NathanNperrine2
GUChristmasTree
Accout in Blacklist! Ignorning interaction
colinnoonan2
guchristmastree
rainbow
Rainbow Time!!!
rainbow
(' [x] Sent message: ', '-3-8-255-255-255-')
(' [x] Sent message: ', '-3-7-128-0-128-')
(' [x] Sent message: ', '-3-9-255-0-0-')
(' [x] Sent message: ', '-3-5-255-50-0-')
(' [x] Sent message: ', '-3-4-255-100-0-')
(' [x] Sent message: ', '-3-2-200-255-0-')
(' [x] Sent message: ', '-3-6-0-255-0-')
(' [x] Sent message: ', '-3-1-0-255-255-')
(' [x] Sent message: ', '-3-3-0-0-255-')
Tweet sent to colinnoonan2
GUChristmasTree
Accout in Blacklist! Ignorning interaction
MadelineKeckler
guchristmastree
purple
 [P] There is a color in that tweet!
-2-128-0-128-
-2-128-0-128-
(' [x] Sent message: ', '-2-128-0-128-')
Tweet sent to MadelineKeckler
GUChristmasTree
Accout in Blacklist! Ignorning interaction
vaderbosch
guchristmastree
black
 [P] There is a color in that tweet!
-2-0-0-0-
-2-0-0-0-
(' [x] Sent message: ', '-2-0-0-0-')
Tweet sent to vaderbosch
GUChristmasTree
Accout in Blacklist! Ignorning interaction
vaderbosch
guchristmastree
rainbow
Rainbow Time!!!
rainbow
(' [x] Sent message: ', '-3-8-255-255-255-')
(' [x] Sent message: ', '-3-7-128-0-128-')
(' [x] Sent message: ', '-3-9-255-0-0-')
(' [x] Sent message: ', '-3-5-255-50-0-')
(' [x] Sent message: ', '-3-4-255-100-0-')
(' [x] Sent message: ', '-3-2-200-255-0-')
(' [x] Sent message: ', '-3-6-0-255-0-')
(' [x] Sent message: ', '-3-1-0-255-255-')
(' [x] Sent message: ', '-3-3-0-0-255-')
Tweet sent to vaderbosch
GUChristmasTree
Accout in Blacklist! Ignorning interaction
colinnoonan2
guchristmastree
black
 [P] There is a color in that tweet!
-2-0-0-0-
-2-0-0-0-
(' [x] Sent message: ', '-2-0-0-0-')
Tweet sent to colinnoonan2
GUChristmasTree
Accout in Blacklist! Ignorning interaction
DanHarr96131759
guchristmastree
green
 [P] There is a color in that tweet!
-2-0-255-0-
-2-0-255-0-
(' [x] Sent message: ', '-2-0-255-0-')
Tweet sent to DanHarr96131759
GUChristmasTree
Accout in Blacklist! Ignorning interaction
simonsaysustain
guchristmastree
blue
 [P] There is a color in that tweet!
-2-0-0-255-
-2-0-0-255-
(' [x] Sent message: ', '-2-0-0-255-')
Tweet sent to simonsaysustain
GUChristmasTree
Accout in Blacklist! Ignorning interaction
simonsaysustain
guchristmastree
rainbow
Rainbow Time!!!
rainbow
(' [x] Sent message: ', '-3-8-255-255-255-')
(' [x] Sent message: ', '-3-7-128-0-128-')
(' [x] Sent message: ', '-3-9-255-0-0-')
(' [x] Sent message: ', '-3-5-255-50-0-')
(' [x] Sent message: ', '-3-4-255-100-0-')
(' [x] Sent message: ', '-3-2-200-255-0-')
(' [x] Sent message: ', '-3-6-0-255-0-')
(' [x] Sent message: ', '-3-1-0-255-255-')
(' [x] Sent message: ', '-3-3-0-0-255-')
Tweet sent to simonsaysustain
GUChristmasTree
Accout in Blacklist! Ignorning interaction
anniegib3
guchristmastree
black
 [P] There is a color in that tweet!
-2-0-0-0-
-2-0-0-0-
(' [x] Sent message: ', '-2-0-0-0-')
Tweet sent to anniegib3
GUChristmasTree
Accout in Blacklist! Ignorning interaction
anniegib3
guchristmastree
blue
 [P] There is a color in that tweet!
-2-0-0-255-
-2-0-0-255-
(' [x] Sent message: ', '-2-0-0-255-')
Tweet sent to anniegib3
GUChristmasTree
Accout in Blacklist! Ignorning interaction
JoeySammut
[u'3']
anniegib
guchristmastree
not
my
favorite
color
on
there
make
it
blue
 [P] There is a color in that tweet!
-2-0-0-255-
-2-0-0-255-
(' [x] Sent message: ', '-2-0-0-255-')
Tweet sent to JoeySammut
GUChristmasTree
Accout in Blacklist! Ignorning interaction
HaileyTye
guchristmastree
orange
 [P] There is a color in that tweet!
-2-255-128-0-
-2-255-128-0-
(' [x] Sent message: ', '-2-255-128-0-')
Tweet sent to HaileyTye
GUChristmasTree
Accout in Blacklist! Ignorning interaction
HaileyTye
guchristmastree
red
 [P] There is a color in that tweet!
-2-255-0-0-
-2-255-0-0-
(' [x] Sent message: ', '-2-255-0-0-')
Tweet sent to HaileyTye
GUChristmasTree
Accout in Blacklist! Ignorning interaction
HaileyTye
guchristmastree
purple
 [P] There is a color in that tweet!
-2-128-0-128-
-2-128-0-128-
(' [x] Sent message: ', '-2-128-0-128-')
Tweet sent to HaileyTye
GUChristmasTree
Accout in Blacklist! Ignorning interaction
HaileyTye
guchristmastree
hot
pink
 [P] There is a color in that tweet!
-2-255-192-203-
-2-255-192-203-
(' [x] Sent message: ', '-2-255-192-203-')
Tweet sent to HaileyTye
GUChristmasTree
Accout in Blacklist! Ignorning interaction
HaileyTye
guchristmastree
pink
 [P] There is a color in that tweet!
-2-255-192-203-
-2-255-192-203-
(' [x] Sent message: ', '-2-255-192-203-')
Tweet sent to HaileyTye
GUChristmasTree
Accout in Blacklist! Ignorning interaction
HaileyTye
guchristmastree
green
 [P] There is a color in that tweet!
-2-0-255-0-
-2-0-255-0-
(' [x] Sent message: ', '-2-0-255-0-')
Tweet sent to HaileyTye
GUChristmasTree
Accout in Blacklist! Ignorning interaction
ItzhaileyMay
guchristmastree
blue
 [P] There is a color in that tweet!
-2-0-0-255-
-2-0-0-255-
(' [x] Sent message: ', '-2-0-0-255-')
Tweet sent to ItzhaileyMay
GUChristmasTree
Accout in Blacklist! Ignorning interaction
DanielRosales13
guchristmastree
black
 [P] There is a color in that tweet!
-2-0-0-0-
-2-0-0-0-
(' [x] Sent message: ', '-2-0-0-0-')
Tweet sent to DanielRosales13
GUChristmasTree
Accout in Blacklist! Ignorning interaction
DanielRosales13
guchristmastree
rainbow
Rainbow Time!!!
rainbow
(' [x] Sent message: ', '-3-8-255-255-255-')
(' [x] Sent message: ', '-3-7-128-0-128-')
(' [x] Sent message: ', '-3-9-255-0-0-')
(' [x] Sent message: ', '-3-5-255-50-0-')
(' [x] Sent message: ', '-3-4-255-100-0-')
(' [x] Sent message: ', '-3-2-200-255-0-')
(' [x] Sent message: ', '-3-6-0-255-0-')
(' [x] Sent message: ', '-3-1-0-255-255-')
(' [x] Sent message: ', '-3-3-0-0-255-')
Tweet sent to DanielRosales13
GUChristmasTree
Accout in Blacklist! Ignorning interaction
DanielRosales13
guchristmastree
purple
 [P] There is a color in that tweet!
-2-128-0-128-
-2-128-0-128-
(' [x] Sent message: ', '-2-128-0-128-')
Tweet sent to DanielRosales13
GUChristmasTree
Accout in Blacklist! Ignorning interaction
DanielRosales13
guchristmastree
green
 [P] There is a color in that tweet!
-2-0-255-0-
-2-0-255-0-
(' [x] Sent message: ', '-2-0-255-0-')
Tweet sent to DanielRosales13
GUChristmasTree
Accout in Blacklist! Ignorning interaction
DanielRosales13
guchristmastree
teal
 [P] There is a color in that tweet!
-2-0-128-128-
-2-0-128-128-
(' [x] Sent message: ', '-2-0-128-128-')
Tweet sent to DanielRosales13
GUChristmasTree
Accout in Blacklist! Ignorning interaction
DanielRosales13
guchristmastree
pink
 [P] There is a color in that tweet!
-2-255-192-203-
-2-255-192-203-
(' [x] Sent message: ', '-2-255-192-203-')
Tweet sent to DanielRosales13
GUChristmasTree
Accout in Blacklist! Ignorning interaction
williamalsept
guchristmastree
red
 [P] There is a color in that tweet!
-2-255-0-0-
-2-255-0-0-
(' [x] Sent message: ', '-2-255-0-0-')
Tweet sent to williamalsept
GUChristmasTree
Accout in Blacklist! Ignorning interaction
AretaSiniva
green
 [P] There is a color in that tweet!
-2-0-255-0-
-2-0-255-0-
(' [x] Sent message: ', '-2-0-255-0-')
Tweet sent to AretaSiniva
GUChristmasTree
Accout in Blacklist! Ignorning interaction
AretaSiniva
orange
 [P] There is a color in that tweet!
-2-255-128-0-
-2-255-128-0-
(' [x] Sent message: ', '-2-255-128-0-')
Tweet sent to AretaSiniva
GUChristmasTree
Accout in Blacklist! Ignorning interaction
AretaSiniva
purple
 [P] There is a color in that tweet!
-2-128-0-128-
-2-128-0-128-
(' [x] Sent message: ', '-2-128-0-128-')
Tweet sent to AretaSiniva
GUChristmasTree
Accout in Blacklist! Ignorning interaction
DMoney0513
guchristmastree
rainbow
Rainbow Time!!!
rainbow
(' [x] Sent message: ', '-3-8-255-255-255-')
(' [x] Sent message: ', '-3-7-128-0-128-')
(' [x] Sent message: ', '-3-9-255-0-0-')
(' [x] Sent message: ', '-3-5-255-50-0-')
(' [x] Sent message: ', '-3-4-255-100-0-')
(' [x] Sent message: ', '-3-2-200-255-0-')
(' [x] Sent message: ', '-3-6-0-255-0-')
(' [x] Sent message: ', '-3-1-0-255-255-')
(' [x] Sent message: ', '-3-3-0-0-255-')
Tweet sent to DMoney0513
GUChristmasTree
Accout in Blacklist! Ignorning interaction
tessie_powers
red
 [P] There is a color in that tweet!
-2-255-0-0-
-2-255-0-0-
(' [x] Sent message: ', '-2-255-0-0-')
Tweet sent to tessie_powers
GUChristmasTree
Accout in Blacklist! Ignorning interaction
mhettinger21
guchristmastree
blue
 [P] There is a color in that tweet!
-2-0-0-255-
-2-0-0-255-
(' [x] Sent message: ', '-2-0-0-255-')
Tweet sent to mhettinger21
brianvenua
guchristmastree
purple
 [P] There is a color in that tweet!
-2-128-0-128-
-2-128-0-128-
(' [x] Sent message: ', '-2-128-0-128-')
Tweet sent to brianvenua
GUChristmasTree
Accout in Blacklist! Ignorning interaction
GUChristmasTree
Accout in Blacklist! Ignorning interaction
brianvenua
guchristmastree
green
 [P] There is a color in that tweet!
-2-0-255-0-
-2-0-255-0-
(' [x] Sent message: ', '-2-0-255-0-')
Tweet sent to brianvenua
GUChristmasTree
Accout in Blacklist! Ignorning interaction
mhettinger21
guchristmastree
red
 [P] There is a color in that tweet!
-2-255-0-0-
-2-255-0-0-
(' [x] Sent message: ', '-2-255-0-0-')
Tweet sent to mhettinger21
GUChristmasTree
Accout in Blacklist! Ignorning interaction
brianvenua
guchristmastree
black
 [P] There is a color in that tweet!
-2-0-0-0-
-2-0-0-0-
(' [x] Sent message: ', '-2-0-0-0-')
Tweet sent to brianvenua
GUChristmasTree
Accout in Blacklist! Ignorning interaction
brianvenua
guchristmastree
yellow
 [P] There is a color in that tweet!
-2-255-255-0-
-2-255-255-0-
(' [x] Sent message: ', '-2-255-255-0-')
Tweet sent to brianvenua
GUChristmasTree
Accout in Blacklist! Ignorning interaction
QUinn69907985
guchristmastree
rainbow
Rainbow Time!!!
rainbow
(' [x] Sent message: ', '-3-8-255-255-255-')
(' [x] Sent message: ', '-3-7-128-0-128-')
(' [x] Sent message: ', '-3-9-255-0-0-')
(' [x] Sent message: ', '-3-5-255-50-0-')
(' [x] Sent message: ', '-3-4-255-100-0-')
(' [x] Sent message: ', '-3-2-200-255-0-')
(' [x] Sent message: ', '-3-6-0-255-0-')
(' [x] Sent message: ', '-3-1-0-255-255-')
(' [x] Sent message: ', '-3-3-0-0-255-')
Tweet sent to QUinn69907985
GUChristmasTree
Accout in Blacklist! Ignorning interaction
EvOlso
guchristmastree
red
 [P] There is a color in that tweet!
-2-255-0-0-
-2-255-0-0-
(' [x] Sent message: ', '-2-255-0-0-')
Tweet sent to EvOlso
GUChristmasTree
Accout in Blacklist! Ignorning interaction
Colecelot
guchristmastree
rainbow
Rainbow Time!!!
rainbow
(' [x] Sent message: ', '-3-8-255-255-255-')
(' [x] Sent message: ', '-3-7-128-0-128-')
(' [x] Sent message: ', '-3-9-255-0-0-')
(' [x] Sent message: ', '-3-5-255-50-0-')
(' [x] Sent message: ', '-3-4-255-100-0-')
(' [x] Sent message: ', '-3-2-200-255-0-')
(' [x] Sent message: ', '-3-6-0-255-0-')
(' [x] Sent message: ', '-3-1-0-255-255-')
(' [x] Sent message: ', '-3-3-0-0-255-')
Tweet sent to Colecelot
GUChristmasTree
Accout in Blacklist! Ignorning interaction
socrates315
rainbow
Rainbow Time!!!
rainbow
(' [x] Sent message: ', '-3-8-255-255-255-')
(' [x] Sent message: ', '-3-7-128-0-128-')
(' [x] Sent message: ', '-3-9-255-0-0-')
(' [x] Sent message: ', '-3-5-255-50-0-')
(' [x] Sent message: ', '-3-4-255-100-0-')
(' [x] Sent message: ', '-3-2-200-255-0-')
(' [x] Sent message: ', '-3-6-0-255-0-')
(' [x] Sent message: ', '-3-1-0-255-255-')
(' [x] Sent message: ', '-3-3-0-0-255-')
Tweet sent to socrates315
GUChristmasTree
Accout in Blacklist! Ignorning interaction
ilene_drobny
guchristmastree
purple
 [P] There is a color in that tweet!
-2-128-0-128-
-2-128-0-128-
(' [x] Sent message: ', '-2-128-0-128-')
Tweet sent to ilene_drobny
GUChristmasTree
Accout in Blacklist! Ignorning interaction
hemmguy
rainbow
Rainbow Time!!!
rainbow
(' [x] Sent message: ', '-3-8-255-255-255-')
(' [x] Sent message: ', '-3-7-128-0-128-')
(' [x] Sent message: ', '-3-9-255-0-0-')
(' [x] Sent message: ', '-3-5-255-50-0-')
(' [x] Sent message: ', '-3-4-255-100-0-')
(' [x] Sent message: ', '-3-2-200-255-0-')
(' [x] Sent message: ', '-3-6-0-255-0-')
(' [x] Sent message: ', '-3-1-0-255-255-')
(' [x] Sent message: ', '-3-3-0-0-255-')
Tweet sent to hemmguy
GUChristmasTree
Accout in Blacklist! Ignorning interaction
brianruark
[u'0', u'7', u'0']
-2-0-7-0-
-2-0-7-0-
(' [x] Sent message: ', u'-2-0-7-0-')
Tweet sent to brianruark
GUChristmasTree
Accout in Blacklist! Ignorning interaction
Chowder496
guchristmastree
purple
 [P] There is a color in that tweet!
-2-128-0-128-
-2-128-0-128-
(' [x] Sent message: ', '-2-128-0-128-')
Tweet sent to Chowder496
GUChristmasTree
Accout in Blacklist! Ignorning interaction
Chowder496
guchristmastree
scarlet
 [P] There is a color in that tweet!
-2-255-36-0-
-2-255-36-0-
(' [x] Sent message: ', '-2-255-36-0-')
Tweet sent to Chowder496
GUChristmasTree
Accout in Blacklist! Ignorning interaction
Chowder496
guchristmastree
red
 [P] There is a color in that tweet!
-2-255-0-0-
-2-255-0-0-
(' [x] Sent message: ', '-2-255-0-0-')
Tweet sent to Chowder496
GUChristmasTree
Accout in Blacklist! Ignorning interaction
Chowder496
guchristmastree
orange
 [P] There is a color in that tweet!
-2-255-128-0-
-2-255-128-0-
(' [x] Sent message: ', '-2-255-128-0-')
Tweet sent to Chowder496
GUChristmasTree
Accout in Blacklist! Ignorning interaction
Chowder496
guchristmastree
yellow
 [P] There is a color in that tweet!
-2-255-255-0-
-2-255-255-0-
(' [x] Sent message: ', '-2-255-255-0-')
Tweet sent to Chowder496
GUChristmasTree
Accout in Blacklist! Ignorning interaction
kathryn_caseyy
guchristmastree
blue
 [P] There is a color in that tweet!
-2-0-0-255-
-2-0-0-255-
(' [x] Sent message: ', '-2-0-0-255-')
Tweet sent to kathryn_caseyy
GUChristmasTree
Accout in Blacklist! Ignorning interaction
Chowder496
guchristmastree
green
 [P] There is a color in that tweet!
-2-0-255-0-
-2-0-255-0-
(' [x] Sent message: ', '-2-0-255-0-')
Tweet sent to Chowder496
GUChristmasTree
Accout in Blacklist! Ignorning interaction
Chowder496
guchristmastree
blue
 [P] There is a color in that tweet!
-2-0-0-255-
-2-0-0-255-
(' [x] Sent message: ', '-2-0-0-255-')
Tweet sent to Chowder496
GUChristmasTree
Accout in Blacklist! Ignorning interaction
Chowder496
guchristmastree
lavender
 [P] There is a color in that tweet!
-2-181-126-220-
-2-181-126-220-
(' [x] Sent message: ', '-2-181-126-220-')
Tweet sent to Chowder496
GUChristmasTree
Accout in Blacklist! Ignorning interaction
Chowder496
guchristmastree
white
 [P] There is a color in that tweet!
-2-255-255-255-
-2-255-255-255-
(' [x] Sent message: ', '-2-255-255-255-')
Tweet sent to Chowder496
GUChristmasTree
Accout in Blacklist! Ignorning interaction
castelter
guchristmastree
rose
 [P] There is a color in that tweet!
-2-255-238-225-
-2-255-238-225-
(' [x] Sent message: ', '-2-255-238-225-')
Tweet sent to castelter
GUChristmasTree
Accout in Blacklist! Ignorning interaction
castelter
guchristmastree
green
 [P] There is a color in that tweet!
-2-0-255-0-
-2-0-255-0-
(' [x] Sent message: ', '-2-0-255-0-')
Tweet sent to castelter
GUChristmasTree
Accout in Blacklist! Ignorning interaction
castelter
guchristmastree
teal
 [P] There is a color in that tweet!
-2-0-128-128-
-2-0-128-128-
(' [x] Sent message: ', '-2-0-128-128-')
Tweet sent to castelter
GUChristmasTree
Accout in Blacklist! Ignorning interaction
castelter
guchristmastree
gold
 [P] There is a color in that tweet!
-2-255-215-0-
-2-255-215-0-
(' [x] Sent message: ', '-2-255-215-0-')
Tweet sent to castelter
GUChristmasTree
Accout in Blacklist! Ignorning interaction
castelter
[u'7', u'54']
guchristmastree
ff
e
error
Tweet sent to castelter
castelter
guchristmastree
pumpkin
 [P] There is a color in that tweet!
-2-255-127-0-
-2-255-127-0-
(' [x] Sent message: ', '-2-255-127-0-')
Tweet sent to castelter
GUChristmasTree
Accout in Blacklist! Ignorning interaction
LoriLeo12827573
guchristmastree
white
 [P] There is a color in that tweet!
-2-255-255-255-
-2-255-255-255-
(' [x] Sent message: ', '-2-255-255-255-')
Tweet sent to LoriLeo12827573
GUChristmasTree
Accout in Blacklist! Ignorning interaction
LoriLeo12827573
guchristmastree
rainbow
Rainbow Time!!!
rainbow
(' [x] Sent message: ', '-3-8-255-255-255-')
(' [x] Sent message: ', '-3-7-128-0-128-')
(' [x] Sent message: ', '-3-9-255-0-0-')
(' [x] Sent message: ', '-3-5-255-50-0-')
(' [x] Sent message: ', '-3-4-255-100-0-')
(' [x] Sent message: ', '-3-2-200-255-0-')
(' [x] Sent message: ', '-3-6-0-255-0-')
(' [x] Sent message: ', '-3-1-0-255-255-')
(' [x] Sent message: ', '-3-3-0-0-255-')
Tweet sent to LoriLeo12827573
GUChristmasTree
Accout in Blacklist! Ignorning interaction
ItzhaileyMay
guchristmastree
blue
 [P] There is a color in that tweet!
-2-0-0-255-
-2-0-0-255-
(' [x] Sent message: ', '-2-0-0-255-')
Tweet sent to ItzhaileyMay
GUChristmasTree
Accout in Blacklist! Ignorning interaction
hunter_ramp
guchristmastree
green
 [P] There is a color in that tweet!
-2-0-255-0-
-2-0-255-0-
(' [x] Sent message: ', '-2-0-255-0-')
Tweet sent to hunter_ramp
GUChristmasTree
Accout in Blacklist! Ignorning interaction
cgastran96
guchristmastree
purple
 [P] There is a color in that tweet!
-2-128-0-128-
-2-128-0-128-
(' [x] Sent message: ', '-2-128-0-128-')
Tweet sent to cgastran96
GUChristmasTree
Accout in Blacklist! Ignorning interaction
LoriLeo12827573
guchristmastree
blue
 [P] There is a color in that tweet!
-2-0-0-255-
-2-0-0-255-
(' [x] Sent message: ', '-2-0-0-255-')
Tweet sent to LoriLeo12827573
GUChristmasTree
Accout in Blacklist! Ignorning interaction
DMoney0513
guchristmastree
rainbow
Rainbow Time!!!
rainbow
(' [x] Sent message: ', '-3-8-255-255-255-')
(' [x] Sent message: ', '-3-7-128-0-128-')
(' [x] Sent message: ', '-3-9-255-0-0-')
(' [x] Sent message: ', '-3-5-255-50-0-')
(' [x] Sent message: ', '-3-4-255-100-0-')
(' [x] Sent message: ', '-3-2-200-255-0-')
(' [x] Sent message: ', '-3-6-0-255-0-')
(' [x] Sent message: ', '-3-1-0-255-255-')
(' [x] Sent message: ', '-3-3-0-0-255-')
Tweet sent to DMoney0513
GUChristmasTree
Accout in Blacklist! Ignorning interaction
tcpavela
orange
 [P] There is a color in that tweet!
-2-255-128-0-
-2-255-128-0-
(' [x] Sent message: ', '-2-255-128-0-')
Tweet sent to tcpavela
GUChristmasTree
Accout in Blacklist! Ignorning interaction
tcpavela
red
 [P] There is a color in that tweet!
-2-255-0-0-
-2-255-0-0-
(' [x] Sent message: ', '-2-255-0-0-')
Tweet sent to tcpavela
GUChristmasTree
Accout in Blacklist! Ignorning interaction
tcpavela
blue
 [P] There is a color in that tweet!
-2-0-0-255-
-2-0-0-255-
(' [x] Sent message: ', '-2-0-0-255-')
Tweet sent to tcpavela
GUChristmasTree
Accout in Blacklist! Ignorning interaction
tcpavela
[u'3', u'4', u'2']
-2-3-4-2-
-2-3-4-2-
(' [x] Sent message: ', u'-2-3-4-2-')
Tweet sent to tcpavela
GUChristmasTree
Accout in Blacklist! Ignorning interaction
cody_lipps
guchristmastree
black
 [P] There is a color in that tweet!
-2-0-0-0-
-2-0-0-0-
(' [x] Sent message: ', '-2-0-0-0-')
Tweet sent to cody_lipps
GUChristmasTree
Accout in Blacklist! Ignorning interaction
cody_lipps
guchristmastree
rainbow
Rainbow Time!!!
rainbow
(' [x] Sent message: ', '-3-8-255-255-255-')
(' [x] Sent message: ', '-3-7-128-0-128-')
(' [x] Sent message: ', '-3-9-255-0-0-')
(' [x] Sent message: ', '-3-5-255-50-0-')
(' [x] Sent message: ', '-3-4-255-100-0-')
(' [x] Sent message: ', '-3-2-200-255-0-')
(' [x] Sent message: ', '-3-6-0-255-0-')
(' [x] Sent message: ', '-3-1-0-255-255-')
(' [x] Sent message: ', '-3-3-0-0-255-')
Tweet sent to cody_lipps
GUChristmasTree
Accout in Blacklist! Ignorning interaction
margotamall
guchristmastree
red
 [P] There is a color in that tweet!
-2-255-0-0-
-2-255-0-0-
(' [x] Sent message: ', '-2-255-0-0-')
Tweet sent to margotamall
GUChristmasTree
Accout in Blacklist! Ignorning interaction
margotamall
guchristmastree
purple
 [P] There is a color in that tweet!
-2-128-0-128-
-2-128-0-128-
(' [x] Sent message: ', '-2-128-0-128-')
Tweet sent to margotamall
GUChristmasTree
Accout in Blacklist! Ignorning interaction
kathryn_caseyy
guchristmastree
blue
 [P] There is a color in that tweet!
-2-0-0-255-
-2-0-0-255-
(' [x] Sent message: ', '-2-0-0-255-')
Tweet sent to kathryn_caseyy
GUChristmasTree
Accout in Blacklist! Ignorning interaction
kathryn_caseyy
guchristmastree
yellow
 [P] There is a color in that tweet!
-2-255-255-0-
-2-255-255-0-
(' [x] Sent message: ', '-2-255-255-0-')
Tweet sent to kathryn_caseyy
GUChristmasTree
Accout in Blacklist! Ignorning interaction
ilene_drobny
guchristmastree
dark
blue
 [P] There is a color in that tweet!
-2-0-0-255-
-2-0-0-255-
(' [x] Sent message: ', '-2-0-0-255-')
Tweet sent to ilene_drobny
GUChristmasTree
Accout in Blacklist! Ignorning interaction
ilene_drobny
guchristmastree
light
blue
 [P] There is a color in that tweet!
-2-0-0-255-
-2-0-0-255-
(' [x] Sent message: ', '-2-0-0-255-')
Tweet sent to ilene_drobny
GUChristmasTree
Accout in Blacklist! Ignorning interaction
ilene_drobny
guchristmastree
red
 [P] There is a color in that tweet!
-2-255-0-0-
-2-255-0-0-
(' [x] Sent message: ', '-2-255-0-0-')
Tweet sent to ilene_drobny
maiko_fonty
rainbow
Rainbow Time!!!
rainbow
(' [x] Sent message: ', '-3-8-255-255-255-')
(' [x] Sent message: ', '-3-7-128-0-128-')
(' [x] Sent message: ', '-3-9-255-0-0-')
(' [x] Sent message: ', '-3-5-255-50-0-')
(' [x] Sent message: ', '-3-4-255-100-0-')
(' [x] Sent message: ', '-3-2-200-255-0-')
(' [x] Sent message: ', '-3-6-0-255-0-')
(' [x] Sent message: ', '-3-1-0-255-255-')
(' [x] Sent message: ', '-3-3-0-0-255-')
Tweet sent to maiko_fonty
GUChristmasTree
Accout in Blacklist! Ignorning interaction
GUChristmasTree
Accout in Blacklist! Ignorning interaction
ilene_drobny
guchristmastree
half
red
 [P] There is a color in that tweet!
-2-255-0-0-
-2-255-0-0-
(' [x] Sent message: ', '-2-255-0-0-')
Tweet sent to ilene_drobny
GUChristmasTree
Accout in Blacklist! Ignorning interaction
ItzhaileyMay
guchristmastree
blue
 [P] There is a color in that tweet!
-2-0-0-255-
-2-0-0-255-
(' [x] Sent message: ', '-2-0-0-255-')
Tweet sent to ItzhaileyMay
GUChristmasTree
Accout in Blacklist! Ignorning interaction
Italianmandan
guchristmastree
copper
error
Tweet sent to Italianmandan
Italianmandan
guchristmastree
black
 [P] There is a color in that tweet!
-2-0-0-0-
-2-0-0-0-
(' [x] Sent message: ', '-2-0-0-0-')
Tweet sent to Italianmandan
GUChristmasTree
Accout in Blacklist! Ignorning interaction
alypavs
tcpavela
guchristmastree
so
cool
i
need
to
test
it
out
when
i
m
there
error
Tweet sent to alypavs
Italianmandan
guchristmastree
brown
 [P] There is a color in that tweet!
-2-165-42-42-
-2-165-42-42-
(' [x] Sent message: ', '-2-165-42-42-')
Tweet sent to Italianmandan
GUChristmasTree
Accout in Blacklist! Ignorning interaction
maryproblems_
guchristmastree
red
 [P] There is a color in that tweet!
-2-255-0-0-
-2-255-0-0-
(' [x] Sent message: ', '-2-255-0-0-')
Tweet sent to maryproblems_
GUChristmasTree
Accout in Blacklist! Ignorning interaction
maryproblems_
guchristmastree
rainbow
Rainbow Time!!!
rainbow
(' [x] Sent message: ', '-3-8-255-255-255-')
(' [x] Sent message: ', '-3-7-128-0-128-')
(' [x] Sent message: ', '-3-9-255-0-0-')
(' [x] Sent message: ', '-3-5-255-50-0-')
(' [x] Sent message: ', '-3-4-255-100-0-')
(' [x] Sent message: ', '-3-2-200-255-0-')
(' [x] Sent message: ', '-3-6-0-255-0-')
(' [x] Sent message: ', '-3-1-0-255-255-')
(' [x] Sent message: ', '-3-3-0-0-255-')
Tweet sent to maryproblems_
GUChristmasTree
Accout in Blacklist! Ignorning interaction
Scooter_TTTD
guchristmastree
green
 [P] There is a color in that tweet!
-2-0-255-0-
-2-0-255-0-
(' [x] Sent message: ', '-2-0-255-0-')
Tweet sent to Scooter_TTTD
GUChristmasTree
Accout in Blacklist! Ignorning interaction
bengibs17
guchristmastree
rainbow
Rainbow Time!!!
rainbow
(' [x] Sent message: ', '-3-8-255-255-255-')
(' [x] Sent message: ', '-3-7-128-0-128-')
(' [x] Sent message: ', '-3-9-255-0-0-')
(' [x] Sent message: ', '-3-5-255-50-0-')
(' [x] Sent message: ', '-3-4-255-100-0-')
(' [x] Sent message: ', '-3-2-200-255-0-')
(' [x] Sent message: ', '-3-6-0-255-0-')
(' [x] Sent message: ', '-3-1-0-255-255-')
(' [x] Sent message: ', '-3-3-0-0-255-')
Tweet sent to bengibs17
GUChristmasTree
Accout in Blacklist! Ignorning interaction
bengibs17
guchristmastree
red
 [P] There is a color in that tweet!
-2-255-0-0-
-2-255-0-0-
(' [x] Sent message: ', '-2-255-0-0-')
Tweet sent to bengibs17
GUChristmasTree
Accout in Blacklist! Ignorning interaction
bengibs17
[u'17', u'16', u'21', u'48', u'38', u'08', u'7']
rt
guchristmastree
bengibs
happy
holidays
from
gonzaga
fri
dec
https
t
co
man
pmqd
error
Tweet sent to bengibs17
Nash11Thompson
[u'17', u'16', u'21', u'48', u'38', u'08', u'7']
rt
guchristmastree
bengibs
happy
holidays
from
gonzaga
fri
dec
https
t
co
man
pmqd
error
Tweet sent to Nash11Thompson
alypavs
[u'4']
pink
 [P] There is a color in that tweet!
-2-255-192-203-
-2-255-192-203-
(' [x] Sent message: ', '-2-255-192-203-')
Tweet sent to alypavs
GUChristmasTree
Accout in Blacklist! Ignorning interaction
Hoytmobley
guchristmastree
red
 [P] There is a color in that tweet!
-2-255-0-0-
-2-255-0-0-
(' [x] Sent message: ', '-2-255-0-0-')
Tweet sent to Hoytmobley
GUChristmasTree
Accout in Blacklist! Ignorning interaction
Hoytmobley
rt
hoytmobley
guchristmastree
red
 [P] There is a color in that tweet!
-2-255-0-0-
-2-255-0-0-
(' [x] Sent message: ', '-2-255-0-0-')
Tweet sent to Hoytmobley
GUChristmasTree
Accout in Blacklist! Ignorning interaction
Hoytmobley
guchristmastree
rainbow
Rainbow Time!!!
rainbow
(' [x] Sent message: ', '-3-8-255-255-255-')
(' [x] Sent message: ', '-3-7-128-0-128-')
(' [x] Sent message: ', '-3-9-255-0-0-')
(' [x] Sent message: ', '-3-5-255-50-0-')
(' [x] Sent message: ', '-3-4-255-100-0-')
(' [x] Sent message: ', '-3-2-200-255-0-')
(' [x] Sent message: ', '-3-6-0-255-0-')
(' [x] Sent message: ', '-3-1-0-255-255-')
(' [x] Sent message: ', '-3-3-0-0-255-')
Tweet sent to Hoytmobley
GUChristmasTree
Accout in Blacklist! Ignorning interaction
Hoytmobley
[u'17', u'01', u'53', u'08', u'13']
rt
guchristmastree
hoytmobley
happy
holidays
from
gonzaga
sat
dec
https
t
co
uzkcpd
be
error
Tweet sent to Hoytmobley
deansarenac
guchristmastree
green
 [P] There is a color in that tweet!
-2-0-255-0-
-2-0-255-0-
(' [x] Sent message: ', '-2-0-255-0-')
Tweet sent to deansarenac
GUChristmasTree
Accout in Blacklist! Ignorning interaction
Hoytmobley
[u'0']
if
you
look
really
closely
you
ll
see
me
down
and
to
the
left
of
the
tree
https
t
co
wzursoavd
error
Tweet sent to Hoytmobley
deansarenac
guchristmastree
pumpkin
 [P] There is a color in that tweet!
-2-255-127-0-
-2-255-127-0-
(' [x] Sent message: ', '-2-255-127-0-')
Tweet sent to deansarenac
GUChristmasTree
Accout in Blacklist! Ignorning interaction
deansarenac
guchristmastree
gold
 [P] There is a color in that tweet!
-2-255-215-0-
-2-255-215-0-
(' [x] Sent message: ', '-2-255-215-0-')
Tweet sent to deansarenac
GUChristmasTree
Accout in Blacklist! Ignorning interaction
deansarenac
guchristmastree
red
 [P] There is a color in that tweet!
-2-255-0-0-
-2-255-0-0-
(' [x] Sent message: ', '-2-255-0-0-')
Tweet sent to deansarenac
GUChristmasTree
Accout in Blacklist! Ignorning interaction
deansarenac
guchristmastree
rainbow
Rainbow Time!!!
rainbow
(' [x] Sent message: ', '-3-8-255-255-255-')
(' [x] Sent message: ', '-3-7-128-0-128-')
(' [x] Sent message: ', '-3-9-255-0-0-')
(' [x] Sent message: ', '-3-5-255-50-0-')
(' [x] Sent message: ', '-3-4-255-100-0-')
(' [x] Sent message: ', '-3-2-200-255-0-')
(' [x] Sent message: ', '-3-6-0-255-0-')
(' [x] Sent message: ', '-3-1-0-255-255-')
(' [x] Sent message: ', '-3-3-0-0-255-')
Tweet sent to deansarenac
GUChristmasTree
Accout in Blacklist! Ignorning interaction
KevinSaren_
guchristmastree
pink
 [P] There is a color in that tweet!
-2-255-192-203-
-2-255-192-203-
(' [x] Sent message: ', '-2-255-192-203-')
Error in twitter_stream()! Restarting!
  [!] Scanning for Holiday Tweets [!]
D_Abrahms
[u'114', u'47', u'55']
-2-114-47-55-
-2-114-47-55-
(' [x] Sent message: ', u'-2-114-47-55-')
Tweet sent to D_Abrahms
GUChristmasTree
Accout in Blacklist! Ignorning interaction
D_Abrahms
[u'128', u'0', u'0']
-2-128-0-0-
-2-128-0-0-
(' [x] Sent message: ', u'-2-128-0-0-')
Tweet sent to D_Abrahms
GUChristmasTree
Accout in Blacklist! Ignorning interaction
hunter_ramp
guchristmastree
blue
 [P] There is a color in that tweet!
-2-0-0-255-
-2-0-0-255-
(' [x] Sent message: ', '-2-0-0-255-')
Tweet sent to hunter_ramp
GUChristmasTree
Accout in Blacklist! Ignorning interaction
Scooter_TTTD
let
s
see
some
red
 [P] There is a color in that tweet!
-2-255-0-0-
-2-255-0-0-
(' [x] Sent message: ', '-2-255-0-0-')
Tweet sent to Scooter_TTTD
GUChristmasTree
Accout in Blacklist! Ignorning interaction
JoeySammut
guchristmastree
either
fuschia
or
pink
 [P] There is a color in that tweet!
-2-255-192-203-
-2-255-192-203-
(' [x] Sent message: ', '-2-255-192-203-')
Tweet sent to JoeySammut
GUChristmasTree
Accout in Blacklist! Ignorning interaction
bob_glaza
guchristmastree
red
 [P] There is a color in that tweet!
-2-255-0-0-
-2-255-0-0-
(' [x] Sent message: ', '-2-255-0-0-')
Tweet sent to bob_glaza
GUChristmasTree
Accout in Blacklist! Ignorning interaction
Scooter_TTTD
guchristmastree
please
turn
pink
 [P] There is a color in that tweet!
-2-255-192-203-
-2-255-192-203-
(' [x] Sent message: ', '-2-255-192-203-')
Tweet sent to Scooter_TTTD
GUChristmasTree
Accout in Blacklist! Ignorning interaction
Scooter_TTTD
guchristmastree
katie
wants
to
see
blue
 [P] There is a color in that tweet!
-2-0-0-255-
-2-0-0-255-
(' [x] Sent message: ', '-2-0-0-255-')
Tweet sent to Scooter_TTTD
GUChristmasTree
Accout in Blacklist! Ignorning interaction
Error in twitter_stream()! Restarting!
  [!] Scanning for Holiday Tweets [!]
LoriLeo12827573
guchristmastree
purple
 [P] There is a color in that tweet!
-2-128-0-128-
-2-128-0-128-
(' [x] Sent message: ', '-2-128-0-128-')
Tweet sent to LoriLeo12827573
GUChristmasTree
Accout in Blacklist! Ignorning interaction
LoriLeo12827573
guchristmastree
rainbow
Rainbow Time!!!
rainbow
(' [x] Sent message: ', '-3-8-255-255-255-')
(' [x] Sent message: ', '-3-7-128-0-128-')
(' [x] Sent message: ', '-3-9-255-0-0-')
(' [x] Sent message: ', '-3-5-255-50-0-')
(' [x] Sent message: ', '-3-4-255-100-0-')
(' [x] Sent message: ', '-3-2-200-255-0-')
(' [x] Sent message: ', '-3-6-0-255-0-')
(' [x] Sent message: ', '-3-1-0-255-255-')
(' [x] Sent message: ', '-3-3-0-0-255-')
Tweet sent to LoriLeo12827573
GUChristmasTree
Accout in Blacklist! Ignorning interaction
thepayneanthony
guchristmastree
blue
 [P] There is a color in that tweet!
-2-0-0-255-
-2-0-0-255-
(' [x] Sent message: ', '-2-0-0-255-')
Tweet sent to thepayneanthony
GUChristmasTree
Accout in Blacklist! Ignorning interaction
thepayneanthony
guchristmastree
rainbow
Rainbow Time!!!
rainbow
(' [x] Sent message: ', '-3-8-255-255-255-')
(' [x] Sent message: ', '-3-7-128-0-128-')
(' [x] Sent message: ', '-3-9-255-0-0-')
(' [x] Sent message: ', '-3-5-255-50-0-')
(' [x] Sent message: ', '-3-4-255-100-0-')
(' [x] Sent message: ', '-3-2-200-255-0-')
(' [x] Sent message: ', '-3-6-0-255-0-')
(' [x] Sent message: ', '-3-1-0-255-255-')
(' [x] Sent message: ', '-3-3-0-0-255-')
Tweet sent to thepayneanthony
GUChristmasTree
Accout in Blacklist! Ignorning interaction
