  [!] Scanning for Holiday Tweets [!]
hemmguy
red
 [P] There is a color in that tweet!
-2-255-0-0-
-2-255-0-0-
(' [x] Sent message: ', '-2-255-0-0-')
Tweet sent to hemmguy
GUChristmasTree
Accout in Blacklist! Ignorning interaction
JonCHudson
guchristmastree
gold
 [P] There is a color in that tweet!
-2-255-215-0-
-2-255-215-0-
(' [x] Sent message: ', '-2-255-215-0-')
Tweet sent to JonCHudson
GUChristmasTree
Accout in Blacklist! Ignorning interaction
JonCHudson
guchristmastree
rainbow
Rainbow Time!!!
rainbow
(' [x] Sent message: ', '-3-8-255-255-255-')
(' [x] Sent message: ', '-3-7-128-0-128-')
(' [x] Sent message: ', '-3-9-255-0-0-')
(' [x] Sent message: ', '-3-5-255-50-0-')
(' [x] Sent message: ', '-3-4-255-100-0-')
(' [x] Sent message: ', '-3-2-200-255-0-')
(' [x] Sent message: ', '-3-6-0-255-0-')
(' [x] Sent message: ', '-3-1-0-255-255-')
(' [x] Sent message: ', '-3-3-0-0-255-')
Tweet sent to JonCHudson
GUChristmasTree
Accout in Blacklist! Ignorning interaction
colleen_watters
purple
 [P] There is a color in that tweet!
-2-128-0-128-
-2-128-0-128-
(' [x] Sent message: ', '-2-128-0-128-')
Tweet sent to colleen_watters
GUChristmasTree
Accout in Blacklist! Ignorning interaction
LoriLeo12827573
guchristmastree
blue
 [P] There is a color in that tweet!
-2-0-0-255-
-2-0-0-255-
(' [x] Sent message: ', '-2-0-0-255-')
Tweet sent to LoriLeo12827573
GUChristmasTree
Accout in Blacklist! Ignorning interaction
LoriLeo12827573
guchristmastree
rainbow
Rainbow Time!!!
rainbow
(' [x] Sent message: ', '-3-8-255-255-255-')
(' [x] Sent message: ', '-3-7-128-0-128-')
(' [x] Sent message: ', '-3-9-255-0-0-')
(' [x] Sent message: ', '-3-5-255-50-0-')
(' [x] Sent message: ', '-3-4-255-100-0-')
(' [x] Sent message: ', '-3-2-200-255-0-')
(' [x] Sent message: ', '-3-6-0-255-0-')
(' [x] Sent message: ', '-3-1-0-255-255-')
(' [x] Sent message: ', '-3-3-0-0-255-')
Tweet sent to LoriLeo12827573
GUChristmasTree
Accout in Blacklist! Ignorning interaction
RTLyon
guchristmastree
purple
 [P] There is a color in that tweet!
-2-128-0-128-
-2-128-0-128-
(' [x] Sent message: ', '-2-128-0-128-')
Tweet sent to RTLyon
GUChristmasTree
Accout in Blacklist! Ignorning interaction
RTLyon
guchristmastree
red
 [P] There is a color in that tweet!
-2-255-0-0-
-2-255-0-0-
(' [x] Sent message: ', '-2-255-0-0-')
Tweet sent to RTLyon
GUChristmasTree
Accout in Blacklist! Ignorning interaction
castelter
guchristmastree
grey
 [P] There is a color in that tweet!
-2-128-128-128-
-2-128-128-128-
(' [x] Sent message: ', '-2-128-128-128-')
Tweet sent to castelter
GUChristmasTree
Accout in Blacklist! Ignorning interaction
castelter
guchristmastree
silver
 [P] There is a color in that tweet!
-2-192-192-192-
-2-192-192-192-
(' [x] Sent message: ', '-2-192-192-192-')
Tweet sent to castelter
GUChristmasTree
Accout in Blacklist! Ignorning interaction
gilvancoriolano
guchristmastree
red
 [P] There is a color in that tweet!
-2-255-0-0-
-2-255-0-0-
(' [x] Sent message: ', '-2-255-0-0-')
Tweet sent to gilvancoriolano
GUChristmasTree
Accout in Blacklist! Ignorning interaction
castelter
guchristmastree
lilac
error
Tweet sent to castelter
castelter
guchristmastree
yellow
 [P] There is a color in that tweet!
-2-255-255-0-
-2-255-255-0-
(' [x] Sent message: ', '-2-255-255-0-')
Tweet sent to castelter
gilvancoriolano
guchristmastree
purple
 [P] There is a color in that tweet!
-2-128-0-128-
-2-128-0-128-
(' [x] Sent message: ', '-2-128-0-128-')
Tweet sent to gilvancoriolano
GUChristmasTree
Accout in Blacklist! Ignorning interaction
GUChristmasTree
Accout in Blacklist! Ignorning interaction
gilvancoriolano
guchristmastree
multi
error
Tweet sent to gilvancoriolano
Error in twitter_stream()! Restarting!
  [!] Scanning for Holiday Tweets [!]
castelter
guchristmastree
multi
error
Tweet sent to castelter
castelter
guchristmastree
rainbow
Rainbow Time!!!
rainbow
(' [x] Sent message: ', '-3-8-255-255-255-')
(' [x] Sent message: ', '-3-7-128-0-128-')
(' [x] Sent message: ', '-3-9-255-0-0-')
(' [x] Sent message: ', '-3-5-255-50-0-')
(' [x] Sent message: ', '-3-4-255-100-0-')
(' [x] Sent message: ', '-3-2-200-255-0-')
(' [x] Sent message: ', '-3-6-0-255-0-')
(' [x] Sent message: ', '-3-1-0-255-255-')
(' [x] Sent message: ', '-3-3-0-0-255-')
Tweet sent to castelter
GUChristmasTree
Accout in Blacklist! Ignorning interaction
castelter
guchristmastree
blue
 [P] There is a color in that tweet!
-2-0-0-255-
-2-0-0-255-
(' [x] Sent message: ', '-2-0-0-255-')
Tweet sent to castelter
GUChristmasTree
Accout in Blacklist! Ignorning interaction
GonzagaCIO
Accout in Blacklist! Ignorning interaction
thelightshow
guchristmastree
rainbow
Rainbow Time!!!
rainbow
(' [x] Sent message: ', '-3-8-255-255-255-')
(' [x] Sent message: ', '-3-7-128-0-128-')
(' [x] Sent message: ', '-3-9-255-0-0-')
(' [x] Sent message: ', '-3-5-255-50-0-')
(' [x] Sent message: ', '-3-4-255-100-0-')
(' [x] Sent message: ', '-3-2-200-255-0-')
(' [x] Sent message: ', '-3-6-0-255-0-')
(' [x] Sent message: ', '-3-1-0-255-255-')
(' [x] Sent message: ', '-3-3-0-0-255-')
Tweet sent to thelightshow
GUChristmasTree
Accout in Blacklist! Ignorning interaction
