Error in twitter_stream()! Restarting!
Error! Failed to get request token. Trying again..
Error in twitter_stream()! Restarting!
Error! Failed to get request token. Trying again..
Error in twitter_stream()! Restarting!
Error! Failed to get request token. Trying again..
Error in twitter_stream()! Restarting!
Error! Failed to get request token. Trying again..
Error in twitter_stream()! Restarting!
Error! Failed to get request token. Trying again..
Error in twitter_stream()! Restarting!
Error! Failed to get request token. Trying again..
Error in twitter_stream()! Restarting!
Error! Failed to get request token. Trying again..
Error in twitter_stream()! Restarting!
Error! Failed to get request token. Trying again..
Error in twitter_stream()! Restarting!
Error! Failed to get request token. Trying again..
Error in twitter_stream()! Restarting!
Error! Failed to get request token. Trying again..
Error in twitter_stream()! Restarting!
Error! Failed to get request token. Trying again..
Error in twitter_stream()! Restarting!
Error! Failed to get request token. Trying again..
Error in twitter_stream()! Restarting!
Error! Failed to get request token. Trying again..
Error in twitter_stream()! Restarting!
Error! Failed to get request token. Trying again..
Error in twitter_stream()! Restarting!
Error! Failed to get request token. Trying again..
Error in twitter_stream()! Restarting!
Error! Failed to get request token. Trying again..
Error in twitter_stream()! Restarting!
Error! Failed to get request token. Trying again..
Error in twitter_stream()! Restarting!
Error! Failed to get request token. Trying again..
Error in twitter_stream()! Restarting!
Error! Failed to get request token. Trying again..
Error in twitter_stream()! Restarting!
Error! Failed to get request token. Trying again..
Error in twitter_stream()! Restarting!
Error! Failed to get request token. Trying again..
Error in twitter_stream()! Restarting!
Error! Failed to get request token. Trying again..
Error in twitter_stream()! Restarting!
Error! Failed to get request token. Trying again..
Error in twitter_stream()! Restarting!
Error! Failed to get request token. Trying again..
Error in twitter_stream()! Restarting!
Error! Failed to get request token. Trying again..
Error in twitter_stream()! Restarting!
Error! Failed to get request token. Trying again..
Error in twitter_stream()! Restarting!
Error! Failed to get request token. Trying again..
Error in twitter_stream()! Restarting!
Error! Failed to get request token. Trying again..
Error in twitter_stream()! Restarting!
Error! Failed to get request token. Trying again..
Error in twitter_stream()! Restarting!
Error! Failed to get request token. Trying again..
Error in twitter_stream()! Restarting!
Error! Failed to get request token. Trying again..
Error in twitter_stream()! Restarting!
Error! Failed to get request token. Trying again..
Error in twitter_stream()! Restarting!
Error! Failed to get request token. Trying again..
Error in twitter_stream()! Restarting!
Error! Failed to get request token. Trying again..
Error in twitter_stream()! Restarting!
Error! Failed to get request token. Trying again..
Error in twitter_stream()! Restarting!
Error! Failed to get request token. Trying again..
Error in twitter_stream()! Restarting!
Error! Failed to get request token. Trying again..
Error in twitter_stream()! Restarting!
Error! Failed to get request token. Trying again..
Error in twitter_stream()! Restarting!
Error! Failed to get request token. Trying again..
Error in twitter_stream()! Restarting!
Error! Failed to get request token. Trying again..
Error in twitter_stream()! Restarting!
Error! Failed to get request token. Trying again..
Error in twitter_stream()! Restarting!
Error! Failed to get request token. Trying again..
Error in twitter_stream()! Restarting!
Error! Failed to get request token. Trying again..
Error in twitter_stream()! Restarting!
Error! Failed to get request token. Trying again..
Error in twitter_stream()! Restarting!
Error! Failed to get request token. Trying again..
Error in twitter_stream()! Restarting!
Error! Failed to get request token. Trying again..
Error in twitter_stream()! Restarting!
Error! Failed to get request token. Trying again..
Error in twitter_stream()! Restarting!
Error! Failed to get request token. Trying again..
Error in twitter_stream()! Restarting!
Error! Failed to get request token. Trying again..
Error in twitter_stream()! Restarting!
Error! Failed to get request token. Trying again..
Error in twitter_stream()! Restarting!
Error! Failed to get request token. Trying again..
Error in twitter_stream()! Restarting!
Error! Failed to get request token. Trying again..
Error in twitter_stream()! Restarting!
Error! Failed to get request token. Trying again..
Error in twitter_stream()! Restarting!
Error! Failed to get request token. Trying again..
Error in twitter_stream()! Restarting!
Error! Failed to get request token. Trying again..
Error in twitter_stream()! Restarting!
Error! Failed to get request token. Trying again..
Error in twitter_stream()! Restarting!
Error! Failed to get request token. Trying again..
Error in twitter_stream()! Restarting!
Error! Failed to get request token. Trying again..
Error in twitter_stream()! Restarting!
Error! Failed to get request token. Trying again..
Error in twitter_stream()! Restarting!
Error! Failed to get request token. Trying again..
Error in twitter_stream()! Restarting!
Error! Failed to get request token. Trying again..
Error in twitter_stream()! Restarting!
Error! Failed to get request token. Trying again..
Error in twitter_stream()! Restarting!
Error! Failed to get request token. Trying again..
Error in twitter_stream()! Restarting!
Error! Failed to get request token. Trying again..
Error in twitter_stream()! Restarting!
Error! Failed to get request token. Trying again..
Error in twitter_stream()! Restarting!
Error! Failed to get request token. Trying again..
Error in twitter_stream()! Restarting!
Error! Failed to get request token. Trying again..
Error in twitter_stream()! Restarting!
Error! Failed to get request token. Trying again..
Error in twitter_stream()! Restarting!
Error! Failed to get request token. Trying again..
Error in twitter_stream()! Restarting!
Error! Failed to get request token. Trying again..
Error in twitter_stream()! Restarting!
Error! Failed to get request token. Trying again..
Error in twitter_stream()! Restarting!
Error! Failed to get request token. Trying again..
Error in twitter_stream()! Restarting!
Error! Failed to get request token. Trying again..
Error in twitter_stream()! Restarting!
Error! Failed to get request token. Trying again..
Error in twitter_stream()! Restarting!
Error! Failed to get request token. Trying again..
Error in twitter_stream()! Restarting!
Error! Failed to get request token. Trying again..
Error in twitter_stream()! Restarting!
Error! Failed to get request token. Trying again..
Error in twitter_stream()! Restarting!
Error! Failed to get request token. Trying again..
Error in twitter_stream()! Restarting!
Error! Failed to get request token. Trying again..
Error in twitter_stream()! Restarting!
Error! Failed to get request token. Trying again..
Error in twitter_stream()! Restarting!
Error! Failed to get request token. Trying again..
Error in twitter_stream()! Restarting!
Error! Failed to get request token. Trying again..
Error in twitter_stream()! Restarting!
Error! Failed to get request token. Trying again..
Error in twitter_stream()! Restarting!
Error! Failed to get request token. Trying again..
Error in twitter_stream()! Restarting!
Error! Failed to get request token. Trying again..
Error in twitter_stream()! Restarting!
Error! Failed to get request token. Trying again..
Error in twitter_stream()! Restarting!
Error! Failed to get request token. Trying again..
Error in twitter_stream()! Restarting!
Error! Failed to get request token. Trying again..
Error in twitter_stream()! Restarting!
Error! Failed to get request token. Trying again..
Error in twitter_stream()! Restarting!
Error! Failed to get request token. Trying again..
Error in twitter_stream()! Restarting!
Error! Failed to get request token. Trying again..
Error in twitter_stream()! Restarting!
Error! Failed to get request token. Trying again..
Error in twitter_stream()! Restarting!
Error! Failed to get request token. Trying again..
Error in twitter_stream()! Restarting!
Error! Failed to get request token. Trying again..
Error in twitter_stream()! Restarting!
Error! Failed to get request token. Trying again..
Error in twitter_stream()! Restarting!
Error! Failed to get request token. Trying again..
Error in twitter_stream()! Restarting!
Error! Failed to get request token. Trying again..
Error in twitter_stream()! Restarting!
Error! Failed to get request token. Trying again..
Error in twitter_stream()! Restarting!
Error! Failed to get request token. Trying again..
Error in twitter_stream()! Restarting!
Error! Failed to get request token. Trying again..
Error in twitter_stream()! Restarting!
Error! Failed to get request token. Trying again..
Error in twitter_stream()! Restarting!
Error! Failed to get request token. Trying again..
Error in twitter_stream()! Restarting!
Error! Failed to get request token. Trying again..
Error in twitter_stream()! Restarting!
Error! Failed to get request token. Trying again..
Error in twitter_stream()! Restarting!
Error! Failed to get request token. Trying again..
Error in twitter_stream()! Restarting!
Error! Failed to get request token. Trying again..
Error in twitter_stream()! Restarting!
Error! Failed to get request token. Trying again..
Error in twitter_stream()! Restarting!
Error! Failed to get request token. Trying again..
Error in twitter_stream()! Restarting!
Error! Failed to get request token. Trying again..
Error in twitter_stream()! Restarting!
Error! Failed to get request token. Trying again..
Error in twitter_stream()! Restarting!
Error! Failed to get request token. Trying again..
Error in twitter_stream()! Restarting!
Error! Failed to get request token. Trying again..
Error in twitter_stream()! Restarting!
Error! Failed to get request token. Trying again..
Error in twitter_stream()! Restarting!
Error! Failed to get request token. Trying again..
Error in twitter_stream()! Restarting!
Error! Failed to get request token. Trying again..
Error in twitter_stream()! Restarting!
Error! Failed to get request token. Trying again..
Error in twitter_stream()! Restarting!
Error! Failed to get request token. Trying again..
Error in twitter_stream()! Restarting!
Error! Failed to get request token. Trying again..
Error in twitter_stream()! Restarting!
Error! Failed to get request token. Trying again..
Error in twitter_stream()! Restarting!
Error! Failed to get request token. Trying again..
Error in twitter_stream()! Restarting!
Error! Failed to get request token. Trying again..
Error in twitter_stream()! Restarting!
Error! Failed to get request token. Trying again..
Error in twitter_stream()! Restarting!
Error! Failed to get request token. Trying again..
Error in twitter_stream()! Restarting!
Error! Failed to get request token. Trying again..
Error in twitter_stream()! Restarting!
Error! Failed to get request token. Trying again..
Error in twitter_stream()! Restarting!
Error! Failed to get request token. Trying again..
Error in twitter_stream()! Restarting!
Error! Failed to get request token. Trying again..
Error in twitter_stream()! Restarting!
Error! Failed to get request token. Trying again..
Error in twitter_stream()! Restarting!
Error! Failed to get request token. Trying again..
Error in twitter_stream()! Restarting!
Error! Failed to get request token. Trying again..
Error in twitter_stream()! Restarting!
Error! Failed to get request token. Trying again..
Error in twitter_stream()! Restarting!
Error! Failed to get request token. Trying again..
Error in twitter_stream()! Restarting!
Error! Failed to get request token. Trying again..
Error in twitter_stream()! Restarting!
Error! Failed to get request token. Trying again..
Error in twitter_stream()! Restarting!
Error! Failed to get request token. Trying again..
Error in twitter_stream()! Restarting!
Error! Failed to get request token. Trying again..
Error in twitter_stream()! Restarting!
Error! Failed to get request token. Trying again..
Error in twitter_stream()! Restarting!
Error! Failed to get request token. Trying again..
Error in twitter_stream()! Restarting!
Error! Failed to get request token. Trying again..
Error in twitter_stream()! Restarting!
Error! Failed to get request token. Trying again..
Error in twitter_stream()! Restarting!
Error! Failed to get request token. Trying again..
Error in twitter_stream()! Restarting!
Error! Failed to get request token. Trying again..
Error in twitter_stream()! Restarting!
Error! Failed to get request token. Trying again..
Error in twitter_stream()! Restarting!
Error! Failed to get request token. Trying again..
Error in twitter_stream()! Restarting!
Error! Failed to get request token. Trying again..
Error in twitter_stream()! Restarting!
Error! Failed to get request token. Trying again..
Error in twitter_stream()! Restarting!
Error! Failed to get request token. Trying again..
Error in twitter_stream()! Restarting!
Error! Failed to get request token. Trying again..
Error in twitter_stream()! Restarting!
Error! Failed to get request token. Trying again..
Error in twitter_stream()! Restarting!
Error! Failed to get request token. Trying again..
Error in twitter_stream()! Restarting!
Error! Failed to get request token. Trying again..
Error in twitter_stream()! Restarting!
Error! Failed to get request token. Trying again..
Error in twitter_stream()! Restarting!
Error! Failed to get request token. Trying again..
Error in twitter_stream()! Restarting!
Error! Failed to get request token. Trying again..
Error in twitter_stream()! Restarting!
Error! Failed to get request token. Trying again..
Error in twitter_stream()! Restarting!
Error! Failed to get request token. Trying again..
Error in twitter_stream()! Restarting!
Error! Failed to get request token. Trying again..
Error in twitter_stream()! Restarting!
Error! Failed to get request token. Trying again..
Error in twitter_stream()! Restarting!
Error! Failed to get request token. Trying again..
Error in twitter_stream()! Restarting!
Error! Failed to get request token. Trying again..
Error in twitter_stream()! Restarting!
Error! Failed to get request token. Trying again..
Error in twitter_stream()! Restarting!
Error! Failed to get request token. Trying again..
Error in twitter_stream()! Restarting!
Error! Failed to get request token. Trying again..
Error in twitter_stream()! Restarting!
Error! Failed to get request token. Trying again..
Error in twitter_stream()! Restarting!
Error! Failed to get request token. Trying again..
Error in twitter_stream()! Restarting!
Error! Failed to get request token. Trying again..
Error in twitter_stream()! Restarting!
Error! Failed to get request token. Trying again..
Error in twitter_stream()! Restarting!
Error! Failed to get request token. Trying again..
Error in twitter_stream()! Restarting!
Error! Failed to get request token. Trying again..
Error in twitter_stream()! Restarting!
Error! Failed to get request token. Trying again..
Error in twitter_stream()! Restarting!
Error! Failed to get request token. Trying again..
Error in twitter_stream()! Restarting!
Error! Failed to get request token. Trying again..
Error in twitter_stream()! Restarting!
Error! Failed to get request token. Trying again..
Error in twitter_stream()! Restarting!
Error! Failed to get request token. Trying again..
Error in twitter_stream()! Restarting!
Error! Failed to get request token. Trying again..
Error in twitter_stream()! Restarting!
Error! Failed to get request token. Trying again..
Error in twitter_stream()! Restarting!
Error! Failed to get request token. Trying again..
Error in twitter_stream()! Restarting!
Error! Failed to get request token. Trying again..
Error in twitter_stream()! Restarting!
Error! Failed to get request token. Trying again..
Error in twitter_stream()! Restarting!
Error! Failed to get request token. Trying again..
Error in twitter_stream()! Restarting!
Error! Failed to get request token. Trying again..
Error in twitter_stream()! Restarting!
Error! Failed to get request token. Trying again..
Error in twitter_stream()! Restarting!
Error! Failed to get request token. Trying again..
Error in twitter_stream()! Restarting!
Error! Failed to get request token. Trying again..
Error in twitter_stream()! Restarting!
Error! Failed to get request token. Trying again..
Error in twitter_stream()! Restarting!
Error! Failed to get request token. Trying again..
Error in twitter_stream()! Restarting!
Error! Failed to get request token. Trying again..
Error in twitter_stream()! Restarting!
Error! Failed to get request token. Trying again..
Error in twitter_stream()! Restarting!
Error! Failed to get request token. Trying again..
Error in twitter_stream()! Restarting!
Error! Failed to get request token. Trying again..
Error in twitter_stream()! Restarting!
Error! Failed to get request token. Trying again..
Error in twitter_stream()! Restarting!
Error! Failed to get request token. Trying again..
Error in twitter_stream()! Restarting!
Error! Failed to get request token. Trying again..
Error in twitter_stream()! Restarting!
Error! Failed to get request token. Trying again..
Error in twitter_stream()! Restarting!
Error! Failed to get request token. Trying again..
Error in twitter_stream()! Restarting!
Error! Failed to get request token. Trying again..
Error in twitter_stream()! Restarting!
Error! Failed to get request token. Trying again..
Error in twitter_stream()! Restarting!
Error! Failed to get request token. Trying again..
Error in twitter_stream()! Restarting!
Error! Failed to get request token. Trying again..
Error in twitter_stream()! Restarting!
Error! Failed to get request token. Trying again..
Error in twitter_stream()! Restarting!
Error! Failed to get request token. Trying again..
Error in twitter_stream()! Restarting!
Error! Failed to get request token. Trying again..
Error in twitter_stream()! Restarting!
Error! Failed to get request token. Trying again..
Error in twitter_stream()! Restarting!
Error! Failed to get request token. Trying again..
Error in twitter_stream()! Restarting!
Error! Failed to get request token. Trying again..
Error in twitter_stream()! Restarting!
Error! Failed to get request token. Trying again..
Error in twitter_stream()! Restarting!
Error! Failed to get request token. Trying again..
Error in twitter_stream()! Restarting!
Error! Failed to get request token. Trying again..
Error in twitter_stream()! Restarting!
Error! Failed to get request token. Trying again..
Error in twitter_stream()! Restarting!
Error! Failed to get request token. Trying again..
Error in twitter_stream()! Restarting!
Error! Failed to get request token. Trying again..
Error in twitter_stream()! Restarting!
Error! Failed to get request token. Trying again..
Error in twitter_stream()! Restarting!
Error! Failed to get request token. Trying again..
Error in twitter_stream()! Restarting!
Error! Failed to get request token. Trying again..
Error in twitter_stream()! Restarting!
Error! Failed to get request token. Trying again..
Error in twitter_stream()! Restarting!
Error! Failed to get request token. Trying again..
Error in twitter_stream()! Restarting!
Error! Failed to get request token. Trying again..
Error in twitter_stream()! Restarting!
Error! Failed to get request token. Trying again..
Error in twitter_stream()! Restarting!
Error! Failed to get request token. Trying again..
Error in twitter_stream()! Restarting!
Error! Failed to get request token. Trying again..
Error in twitter_stream()! Restarting!
Error! Failed to get request token. Trying again..
Error in twitter_stream()! Restarting!
Error! Failed to get request token. Trying again..
Error in twitter_stream()! Restarting!
Error! Failed to get request token. Trying again..
Error in twitter_stream()! Restarting!
Error! Failed to get request token. Trying again..
Error in twitter_stream()! Restarting!
Error! Failed to get request token. Trying again..
Error in twitter_stream()! Restarting!
Error! Failed to get request token. Trying again..
Error in twitter_stream()! Restarting!
Error! Failed to get request token. Trying again..
Error in twitter_stream()! Restarting!
Error! Failed to get request token. Trying again..
Error in twitter_stream()! Restarting!
Error! Failed to get request token. Trying again..
Error in twitter_stream()! Restarting!
Error! Failed to get request token. Trying again..
Error in twitter_stream()! Restarting!
Error! Failed to get request token. Trying again..
Error in twitter_stream()! Restarting!
Error! Failed to get request token. Trying again..
Error in twitter_stream()! Restarting!
Error! Failed to get request token. Trying again..
Error in twitter_stream()! Restarting!
Error! Failed to get request token. Trying again..
Error in twitter_stream()! Restarting!
Error! Failed to get request token. Trying again..
Error in twitter_stream()! Restarting!
Error! Failed to get request token. Trying again..
Error in twitter_stream()! Restarting!
Error! Failed to get request token. Trying again..
Error in twitter_stream()! Restarting!
Error! Failed to get request token. Trying again..
Error in twitter_stream()! Restarting!
Error! Failed to get request token. Trying again..
Error in twitter_stream()! Restarting!
Error! Failed to get request token. Trying again..
Error in twitter_stream()! Restarting!
Error! Failed to get request token. Trying again..
Error in twitter_stream()! Restarting!
Error! Failed to get request token. Trying again..
Error in twitter_stream()! Restarting!
Error! Failed to get request token. Trying again..
Error in twitter_stream()! Restarting!
Error! Failed to get request token. Trying again..
Error in twitter_stream()! Restarting!
Error! Failed to get request token. Trying again..
Error in twitter_stream()! Restarting!
Error! Failed to get request token. Trying again..
Error in twitter_stream()! Restarting!
Error! Failed to get request token. Trying again..
Error in twitter_stream()! Restarting!
Error! Failed to get request token. Trying again..
Error in twitter_stream()! Restarting!
Error! Failed to get request token. Trying again..
Error in twitter_stream()! Restarting!
Error! Failed to get request token. Trying again..
Error in twitter_stream()! Restarting!
Error! Failed to get request token. Trying again..
Error in twitter_stream()! Restarting!
Error! Failed to get request token. Trying again..
Error in twitter_stream()! Restarting!
Error! Failed to get request token. Trying again..
Error in twitter_stream()! Restarting!
Error! Failed to get request token. Trying again..
Error in twitter_stream()! Restarting!
Error! Failed to get request token. Trying again..
Error in twitter_stream()! Restarting!
Error! Failed to get request token. Trying again..
Error in twitter_stream()! Restarting!
Error! Failed to get request token. Trying again..
Error in twitter_stream()! Restarting!
Error! Failed to get request token. Trying again..
Error in twitter_stream()! Restarting!
Error! Failed to get request token. Trying again..
Error in twitter_stream()! Restarting!
Error! Failed to get request token. Trying again..
Error in twitter_stream()! Restarting!
Error! Failed to get request token. Trying again..
Error in twitter_stream()! Restarting!
Error! Failed to get request token. Trying again..
Error in twitter_stream()! Restarting!
Error! Failed to get request token. Trying again..
Error in twitter_stream()! Restarting!
Error! Failed to get request token. Trying again..
Error in twitter_stream()! Restarting!
Error! Failed to get request token. Trying again..
Error in twitter_stream()! Restarting!
Error! Failed to get request token. Trying again..
Error in twitter_stream()! Restarting!
Error! Failed to get request token. Trying again..
Error in twitter_stream()! Restarting!
Error! Failed to get request token. Trying again..
Error in twitter_stream()! Restarting!
Error! Failed to get request token. Trying again..
Error in twitter_stream()! Restarting!
Error! Failed to get request token. Trying again..
Error in twitter_stream()! Restarting!
Error! Failed to get request token. Trying again..
Error in twitter_stream()! Restarting!
Error! Failed to get request token. Trying again..
Error in twitter_stream()! Restarting!
Error! Failed to get request token. Trying again..
Error in twitter_stream()! Restarting!
Error! Failed to get request token. Trying again..
Error in twitter_stream()! Restarting!
Error! Failed to get request token. Trying again..
Error in twitter_stream()! Restarting!
Error! Failed to get request token. Trying again..
Error in twitter_stream()! Restarting!
Error! Failed to get request token. Trying again..
Error in twitter_stream()! Restarting!
Error! Failed to get request token. Trying again..
Error in twitter_stream()! Restarting!
Error! Failed to get request token. Trying again..
Error in twitter_stream()! Restarting!
Error! Failed to get request token. Trying again..
Error in twitter_stream()! Restarting!
Error! Failed to get request token. Trying again..
Error in twitter_stream()! Restarting!
Error! Failed to get request token. Trying again..
Error in twitter_stream()! Restarting!
Error! Failed to get request token. Trying again..
Error in twitter_stream()! Restarting!
Error! Failed to get request token. Trying again..
Error in twitter_stream()! Restarting!
Error! Failed to get request token. Trying again..
Error in twitter_stream()! Restarting!
Error! Failed to get request token. Trying again..
Error in twitter_stream()! Restarting!
Error! Failed to get request token. Trying again..
Error in twitter_stream()! Restarting!
Error! Failed to get request token. Trying again..
Error in twitter_stream()! Restarting!
Error! Failed to get request token. Trying again..
Error in twitter_stream()! Restarting!
Error! Failed to get request token. Trying again..
Error in twitter_stream()! Restarting!
Error! Failed to get request token. Trying again..
Error in twitter_stream()! Restarting!
Error! Failed to get request token. Trying again..
Error in twitter_stream()! Restarting!
Error! Failed to get request token. Trying again..
Error in twitter_stream()! Restarting!
Error! Failed to get request token. Trying again..
Error in twitter_stream()! Restarting!
Error! Failed to get request token. Trying again..
Error in twitter_stream()! Restarting!
Error! Failed to get request token. Trying again..
Error in twitter_stream()! Restarting!
Error! Failed to get request token. Trying again..
Error in twitter_stream()! Restarting!
Error! Failed to get request token. Trying again..
Error in twitter_stream()! Restarting!
Error! Failed to get request token. Trying again..
Error in twitter_stream()! Restarting!
Error! Failed to get request token. Trying again..
Error in twitter_stream()! Restarting!
Error! Failed to get request token. Trying again..
Error in twitter_stream()! Restarting!
Error! Failed to get request token. Trying again..
Error in twitter_stream()! Restarting!
Error! Failed to get request token. Trying again..
Error in twitter_stream()! Restarting!
Error! Failed to get request token. Trying again..
Error in twitter_stream()! Restarting!
Error! Failed to get request token. Trying again..
Error in twitter_stream()! Restarting!
Error! Failed to get request token. Trying again..
Error in twitter_stream()! Restarting!
Error! Failed to get request token. Trying again..
Error in twitter_stream()! Restarting!
Error! Failed to get request token. Trying again..
Error in twitter_stream()! Restarting!
Error! Failed to get request token. Trying again..
Error in twitter_stream()! Restarting!
Error! Failed to get request token. Trying again..
Error in twitter_stream()! Restarting!
Error! Failed to get request token. Trying again..
Error in twitter_stream()! Restarting!
Error! Failed to get request token. Trying again..
Error in twitter_stream()! Restarting!
Error! Failed to get request token. Trying again..
Error in twitter_stream()! Restarting!
Error! Failed to get request token. Trying again..
Error in twitter_stream()! Restarting!
Error! Failed to get request token. Trying again..
Error in twitter_stream()! Restarting!
Error! Failed to get request token. Trying again..
Error in twitter_stream()! Restarting!
Error! Failed to get request token. Trying again..
Error in twitter_stream()! Restarting!
Error! Failed to get request token. Trying again..
Error in twitter_stream()! Restarting!
Error! Failed to get request token. Trying again..
Error in twitter_stream()! Restarting!
Error! Failed to get request token. Trying again..
Error in twitter_stream()! Restarting!
Error! Failed to get request token. Trying again..
Error in twitter_stream()! Restarting!
Error! Failed to get request token. Trying again..
Error in twitter_stream()! Restarting!
Error! Failed to get request token. Trying again..
Error in twitter_stream()! Restarting!
Error! Failed to get request token. Trying again..
Error in twitter_stream()! Restarting!
Error! Failed to get request token. Trying again..
Error in twitter_stream()! Restarting!
Error! Failed to get request token. Trying again..
Error in twitter_stream()! Restarting!
Error! Failed to get request token. Trying again..
Error in twitter_stream()! Restarting!
Error! Failed to get request token. Trying again..
Error in twitter_stream()! Restarting!
Error! Failed to get request token. Trying again..
Error in twitter_stream()! Restarting!
Error! Failed to get request token. Trying again..
Error in twitter_stream()! Restarting!
Error! Failed to get request token. Trying again..
Error in twitter_stream()! Restarting!
Error! Failed to get request token. Trying again..
Error in twitter_stream()! Restarting!
Error! Failed to get request token. Trying again..
Error in twitter_stream()! Restarting!
Error! Failed to get request token. Trying again..
Error in twitter_stream()! Restarting!
Error! Failed to get request token. Trying again..
Error in twitter_stream()! Restarting!
Error! Failed to get request token. Trying again..
Error in twitter_stream()! Restarting!
Error! Failed to get request token. Trying again..
Error in twitter_stream()! Restarting!
Error! Failed to get request token. Trying again..
Error in twitter_stream()! Restarting!
Error! Failed to get request token. Trying again..
Error in twitter_stream()! Restarting!
Error! Failed to get request token. Trying again..
Error in twitter_stream()! Restarting!
Error! Failed to get request token. Trying again..
Error in twitter_stream()! Restarting!
Error! Failed to get request token. Trying again..
Error in twitter_stream()! Restarting!
Error! Failed to get request token. Trying again..
Error in twitter_stream()! Restarting!
Error! Failed to get request token. Trying again..
Error in twitter_stream()! Restarting!
Error! Failed to get request token. Trying again..
Error in twitter_stream()! Restarting!
Error! Failed to get request token. Trying again..
Error in twitter_stream()! Restarting!
Error! Failed to get request token. Trying again..
Error in twitter_stream()! Restarting!
Error! Failed to get request token. Trying again..
Error in twitter_stream()! Restarting!
Error! Failed to get request token. Trying again..
Error in twitter_stream()! Restarting!
Error! Failed to get request token. Trying again..
Error in twitter_stream()! Restarting!
Error! Failed to get request token. Trying again..
Error in twitter_stream()! Restarting!
Error! Failed to get request token. Trying again..
Error in twitter_stream()! Restarting!
Error! Failed to get request token. Trying again..
Error in twitter_stream()! Restarting!
Error! Failed to get request token. Trying again..
Error in twitter_stream()! Restarting!
Error! Failed to get request token. Trying again..
Error in twitter_stream()! Restarting!
Error! Failed to get request token. Trying again..
Error in twitter_stream()! Restarting!
Error! Failed to get request token. Trying again..
Error in twitter_stream()! Restarting!
Error! Failed to get request token. Trying again..
Error in twitter_stream()! Restarting!
Error! Failed to get request token. Trying again..
Error in twitter_stream()! Restarting!
Error! Failed to get request token. Trying again..
Error in twitter_stream()! Restarting!
Error! Failed to get request token. Trying again..
Error in twitter_stream()! Restarting!
Error! Failed to get request token. Trying again..
Error in twitter_stream()! Restarting!
Error! Failed to get request token. Trying again..
Error in twitter_stream()! Restarting!
Error! Failed to get request token. Trying again..
Error in twitter_stream()! Restarting!
Error! Failed to get request token. Trying again..
Error in twitter_stream()! Restarting!
Error! Failed to get request token. Trying again..
Error in twitter_stream()! Restarting!
Error! Failed to get request token. Trying again..
Error in twitter_stream()! Restarting!
Error! Failed to get request token. Trying again..
Error in twitter_stream()! Restarting!
Error! Failed to get request token. Trying again..
Error in twitter_stream()! Restarting!
Error! Failed to get request token. Trying again..
Error in twitter_stream()! Restarting!
Error! Failed to get request token. Trying again..
Error in twitter_stream()! Restarting!
Error! Failed to get request token. Trying again..
Error in twitter_stream()! Restarting!
Error! Failed to get request token. Trying again..
Error in twitter_stream()! Restarting!
Error! Failed to get request token. Trying again..
Error in twitter_stream()! Restarting!
Error! Failed to get request token. Trying again..
Error in twitter_stream()! Restarting!
Error! Failed to get request token. Trying again..
Error in twitter_stream()! Restarting!
Error! Failed to get request token. Trying again..
Error in twitter_stream()! Restarting!
Error! Failed to get request token. Trying again..
Error in twitter_stream()! Restarting!
Error! Failed to get request token. Trying again..
Error in twitter_stream()! Restarting!
Error! Failed to get request token. Trying again..
Error in twitter_stream()! Restarting!
Error! Failed to get request token. Trying again..
Error in twitter_stream()! Restarting!
Error! Failed to get request token. Trying again..
Error in twitter_stream()! Restarting!
Error! Failed to get request token. Trying again..
Error in twitter_stream()! Restarting!
Error! Failed to get request token. Trying again..
Error in twitter_stream()! Restarting!
Error! Failed to get request token. Trying again..
Error in twitter_stream()! Restarting!
Error! Failed to get request token. Trying again..
Error in twitter_stream()! Restarting!
Error! Failed to get request token. Trying again..
Error in twitter_stream()! Restarting!
Error! Failed to get request token. Trying again..
Error in twitter_stream()! Restarting!
Error! Failed to get request token. Trying again..
Error in twitter_stream()! Restarting!
Error! Failed to get request token. Trying again..
Error in twitter_stream()! Restarting!
Error! Failed to get request token. Trying again..
Error in twitter_stream()! Restarting!
Error! Failed to get request token. Trying again..
Error in twitter_stream()! Restarting!
Error! Failed to get request token. Trying again..
Error in twitter_stream()! Restarting!
Error! Failed to get request token. Trying again..
Error in twitter_stream()! Restarting!
Error! Failed to get request token. Trying again..
Error in twitter_stream()! Restarting!
Error! Failed to get request token. Trying again..
Error in twitter_stream()! Restarting!
Error! Failed to get request token. Trying again..
Error in twitter_stream()! Restarting!
Error! Failed to get request token. Trying again..
Error in twitter_stream()! Restarting!
Error! Failed to get request token. Trying again..
Error in twitter_stream()! Restarting!
Error! Failed to get request token. Trying again..
Error in twitter_stream()! Restarting!
Error! Failed to get request token. Trying again..
Error in twitter_stream()! Restarting!
Error! Failed to get request token. Trying again..
Error in twitter_stream()! Restarting!
Error! Failed to get request token. Trying again..
Error in twitter_stream()! Restarting!
Error! Failed to get request token. Trying again..
Error in twitter_stream()! Restarting!
Error! Failed to get request token. Trying again..
Error in twitter_stream()! Restarting!
Error! Failed to get request token. Trying again..
Error in twitter_stream()! Restarting!
Error! Failed to get request token. Trying again..
Error in twitter_stream()! Restarting!
Error! Failed to get request token. Trying again..
Error in twitter_stream()! Restarting!
Error! Failed to get request token. Trying again..
Error in twitter_stream()! Restarting!
Error! Failed to get request token. Trying again..
Error in twitter_stream()! Restarting!
Error! Failed to get request token. Trying again..
Error in twitter_stream()! Restarting!
Error! Failed to get request token. Trying again..
Error in twitter_stream()! Restarting!
Error! Failed to get request token. Trying again..
Error in twitter_stream()! Restarting!
Error! Failed to get request token. Trying again..
Error in twitter_stream()! Restarting!
Error! Failed to get request token. Trying again..
Error in twitter_stream()! Restarting!
Error! Failed to get request token. Trying again..
Error in twitter_stream()! Restarting!
Error! Failed to get request token. Trying again..
Error in twitter_stream()! Restarting!
Error! Failed to get request token. Trying again..
Error in twitter_stream()! Restarting!
Error! Failed to get request token. Trying again..
Error in twitter_stream()! Restarting!
Error! Failed to get request token. Trying again..
Error in twitter_stream()! Restarting!
Error! Failed to get request token. Trying again..
Error in twitter_stream()! Restarting!
Error! Failed to get request token. Trying again..
Error in twitter_stream()! Restarting!
Error! Failed to get request token. Trying again..
Error in twitter_stream()! Restarting!
Error! Failed to get request token. Trying again..
Error in twitter_stream()! Restarting!
Error! Failed to get request token. Trying again..
Error in twitter_stream()! Restarting!
Error! Failed to get request token. Trying again..
Error in twitter_stream()! Restarting!
Error! Failed to get request token. Trying again..
Error in twitter_stream()! Restarting!
Error! Failed to get request token. Trying again..
Error in twitter_stream()! Restarting!
Error! Failed to get request token. Trying again..
Error in twitter_stream()! Restarting!
Error! Failed to get request token. Trying again..
Error in twitter_stream()! Restarting!
  [!] Scanning for Holiday Tweets [!]
401
401
mwhalen1499
guchristmastree
rainbow
Rainbow Time!!!
rainbow
(' [x] Sent message: ', '-3-8-255-255-255-')
(' [x] Sent message: ', '-3-7-128-0-128-')
(' [x] Sent message: ', '-3-9-255-0-0-')
(' [x] Sent message: ', '-3-5-255-50-0-')
(' [x] Sent message: ', '-3-4-255-100-0-')
(' [x] Sent message: ', '-3-2-200-255-0-')
(' [x] Sent message: ', '-3-6-0-255-0-')
(' [x] Sent message: ', '-3-1-0-255-255-')
(' [x] Sent message: ', '-3-3-0-0-255-')
Tweet sent to mwhalen1499
GUChristmasTree
Accout in Blacklist! Ignorning interaction
mwhalen1499
guchristmastree
red
 [P] There is a color in that tweet!
-2-255-0-0-
-2-255-0-0-
(' [x] Sent message: ', '-2-255-0-0-')
Tweet sent to mwhalen1499
GUChristmasTree
Accout in Blacklist! Ignorning interaction
LoriLeo12827573
guchristmastree
white
 [P] There is a color in that tweet!
-2-255-255-255-
-2-255-255-255-
(' [x] Sent message: ', '-2-255-255-255-')
Tweet sent to LoriLeo12827573
GUChristmasTree
Accout in Blacklist! Ignorning interaction
socrates315
purple
 [P] There is a color in that tweet!
-2-128-0-128-
-2-128-0-128-
(' [x] Sent message: ', '-2-128-0-128-')
Tweet sent to socrates315
GUChristmasTree
Accout in Blacklist! Ignorning interaction
toriebuberl
guchristmastree
red
 [P] There is a color in that tweet!
-2-255-0-0-
-2-255-0-0-
(' [x] Sent message: ', '-2-255-0-0-')
Tweet sent to toriebuberl
GUChristmasTree
Accout in Blacklist! Ignorning interaction
YAATAB
just
another
unknowing
user
menitoned
half
of
the
truth
welcome
guchristmastree
error
Tweet sent to YAATAB
JoanM0
guchristmastree
blue
 [P] There is a color in that tweet!
-2-0-0-255-
-2-0-0-255-
(' [x] Sent message: ', '-2-0-0-255-')
Tweet sent to JoanM0
GUChristmasTree
Accout in Blacklist! Ignorning interaction
EuroZag01
guchristmastree
rainbow
Rainbow Time!!!
rainbow
(' [x] Sent message: ', '-3-8-255-255-255-')
(' [x] Sent message: ', '-3-7-128-0-128-')
(' [x] Sent message: ', '-3-9-255-0-0-')
(' [x] Sent message: ', '-3-5-255-50-0-')
(' [x] Sent message: ', '-3-4-255-100-0-')
(' [x] Sent message: ', '-3-2-200-255-0-')
(' [x] Sent message: ', '-3-6-0-255-0-')
(' [x] Sent message: ', '-3-1-0-255-255-')
(' [x] Sent message: ', '-3-3-0-0-255-')
Tweet sent to EuroZag01
GUChristmasTree
Accout in Blacklist! Ignorning interaction
pjbracke
guchristmastree
blue
 [P] There is a color in that tweet!
-2-0-0-255-
-2-0-0-255-
(' [x] Sent message: ', '-2-0-0-255-')
Tweet sent to pjbracke
GUChristmasTree
Accout in Blacklist! Ignorning interaction
pjbracke
guchristmastree
red
 [P] There is a color in that tweet!
-2-255-0-0-
-2-255-0-0-
(' [x] Sent message: ', '-2-255-0-0-')
Tweet sent to pjbracke
GUChristmasTree
Accout in Blacklist! Ignorning interaction
aglibrarian
guchristmastree
green
 [P] There is a color in that tweet!
-2-0-255-0-
-2-0-255-0-
(' [x] Sent message: ', '-2-0-255-0-')
Tweet sent to aglibrarian
GUChristmasTree
Accout in Blacklist! Ignorning interaction
LoriLeo12827573
guchristmastree
rainbow
Rainbow Time!!!
rainbow
(' [x] Sent message: ', '-3-8-255-255-255-')
(' [x] Sent message: ', '-3-7-128-0-128-')
(' [x] Sent message: ', '-3-9-255-0-0-')
(' [x] Sent message: ', '-3-5-255-50-0-')
(' [x] Sent message: ', '-3-4-255-100-0-')
(' [x] Sent message: ', '-3-2-200-255-0-')
(' [x] Sent message: ', '-3-6-0-255-0-')
(' [x] Sent message: ', '-3-1-0-255-255-')
(' [x] Sent message: ', '-3-3-0-0-255-')
Tweet sent to LoriLeo12827573
GUChristmasTree
Accout in Blacklist! Ignorning interaction
RSongey
guchristmastree
red
 [P] There is a color in that tweet!
-2-255-0-0-
-2-255-0-0-
(' [x] Sent message: ', '-2-255-0-0-')
Tweet sent to RSongey
GUChristmasTree
Accout in Blacklist! Ignorning interaction
Scooter_TTTD
blue
 [P] There is a color in that tweet!
-2-0-0-255-
-2-0-0-255-
(' [x] Sent message: ', '-2-0-0-255-')
Tweet sent to Scooter_TTTD
GUChristmasTree
Accout in Blacklist! Ignorning interaction
mitchie_9
guchristmastree
pink
 [P] There is a color in that tweet!
-2-255-192-203-
-2-255-192-203-
(' [x] Sent message: ', '-2-255-192-203-')
Tweet sent to mitchie_9
GUChristmasTree
Accout in Blacklist! Ignorning interaction
mitchie_9
guchristmastree
red
 [P] There is a color in that tweet!
-2-255-0-0-
-2-255-0-0-
(' [x] Sent message: ', '-2-255-0-0-')
Tweet sent to mitchie_9
GUChristmasTree
Accout in Blacklist! Ignorning interaction

