  [!] Scanning for Holiday Tweets [!]
Scooter_TTTD
guchristmastree
yay
green
 [P] There is a color in that tweet!
-2-0-255-0-
-2-0-255-0-
(' [x] Sent message: ', '-2-0-255-0-')
Tweet sent to Scooter_TTTD
GUChristmasTree
Accout in Blacklist! Ignorning interaction
Cailyn_Connelly
guchristmastree
blue
 [P] There is a color in that tweet!
-2-0-0-255-
-2-0-0-255-
(' [x] Sent message: ', '-2-0-0-255-')
Tweet sent to Cailyn_Connelly
GUChristmasTree
Accout in Blacklist! Ignorning interaction
jackttnix12
test
yellow
 [P] There is a color in that tweet!
-2-255-255-0-
-2-255-255-0-
(' [x] Sent message: ', '-2-255-255-0-')
Tweet sent to jackttnix12
GUChristmasTree
Accout in Blacklist! Ignorning interaction
squeakycIean
guchristmastree
red
 [P] There is a color in that tweet!
-2-255-0-0-
-2-255-0-0-
(' [x] Sent message: ', '-2-255-0-0-')
Tweet sent to squeakycIean
GUChristmasTree
Accout in Blacklist! Ignorning interaction
GUHemmingson
Accout in Blacklist! Ignorning interaction
squeakycIean
guchristmastree
blue
 [P] There is a color in that tweet!
-2-0-0-255-
-2-0-0-255-
(' [x] Sent message: ', '-2-0-0-255-')
Tweet sent to squeakycIean
GUChristmasTree
Accout in Blacklist! Ignorning interaction
squeakycIean
[u'0', u'0', u'0']
-2-0-0-0-
-2-0-0-0-
(' [x] Sent message: ', u'-2-0-0-0-')
Tweet sent to squeakycIean
GUChristmasTree
Accout in Blacklist! Ignorning interaction
brianvenua
guchristmastree
purple
 [P] There is a color in that tweet!
-2-128-0-128-
-2-128-0-128-
(' [x] Sent message: ', '-2-128-0-128-')
Tweet sent to brianvenua
Cailyn_Connelly
guchristmastree
pumpkin
 [P] There is a color in that tweet!
-2-255-127-0-
-2-255-127-0-
(' [x] Sent message: ', '-2-255-127-0-')
Tweet sent to Cailyn_Connelly
GUChristmasTree
Accout in Blacklist! Ignorning interaction
GUChristmasTree
Accout in Blacklist! Ignorning interaction
brianvenua
guchristmastree
green
 [P] There is a color in that tweet!
-2-0-255-0-
-2-0-255-0-
(' [x] Sent message: ', '-2-0-255-0-')
Tweet sent to brianvenua
GUChristmasTree
Accout in Blacklist! Ignorning interaction
jackttnix12
[u'0', u'0', u'0']
-2-0-0-0-
-2-0-0-0-
(' [x] Sent message: ', u'-2-0-0-0-')
Tweet sent to jackttnix12
squeakycIean
[u'1', u'1', u'1']
-2-1-1-1-
-2-1-1-1-
(' [x] Sent message: ', u'-2-1-1-1-')
Tweet sent to squeakycIean
GUChristmasTree
Accout in Blacklist! Ignorning interaction
brianvenua
guchristmastree
pink
 [P] There is a color in that tweet!
-2-255-192-203-
-2-255-192-203-
(' [x] Sent message: ', '-2-255-192-203-')
Tweet sent to brianvenua
GUChristmasTree
Accout in Blacklist! Ignorning interaction
GUChristmasTree
Accout in Blacklist! Ignorning interaction
squeakycIean
[u'255', u'0', u'255']
-2-255-0-255-
-2-255-0-255-
(' [x] Sent message: ', u'-2-255-0-255-')
Error in twitter_stream()! Restarting!
  [!] Scanning for Holiday Tweets [!]
jackttnix12
red
 [P] There is a color in that tweet!
-2-255-0-0-
-2-255-0-0-
(' [x] Sent message: ', '-2-255-0-0-')
Error in twitter_stream()! Restarting!
  [!] Scanning for Holiday Tweets [!]
420
squeakycIean
[u'270', u'270', u'270']
guchristmastree
error
Tweet sent to squeakycIean
jackttnix12
[u'0', u'0', u'0']
-2-0-0-0-
-2-0-0-0-
(' [x] Sent message: ', u'-2-0-0-0-')
Error in twitter_stream()! Restarting!
  [!] Scanning for Holiday Tweets [!]
420
jackttnix12
[u'255', u'255', u'255']
-2-255-255-255-
-2-255-255-255-
(' [x] Sent message: ', u'-2-255-255-255-')
Error in twitter_stream()! Restarting!
  [!] Scanning for Holiday Tweets [!]
jackttnix12
purple
 [P] There is a color in that tweet!
-2-128-0-128-
-2-128-0-128-
(' [x] Sent message: ', '-2-128-0-128-')
Tweet sent to jackttnix12
GUChristmasTree
Accout in Blacklist! Ignorning interaction
socrates315
[u'243', u'212', u'67']
-2-243-212-67-
-2-243-212-67-
(' [x] Sent message: ', u'-2-243-212-67-')
Tweet sent to socrates315
GUChristmasTree
Accout in Blacklist! Ignorning interaction
hunter_ramp
guchristmastree
red
 [P] There is a color in that tweet!
-2-255-0-0-
-2-255-0-0-
(' [x] Sent message: ', '-2-255-0-0-')
Tweet sent to hunter_ramp
GUChristmasTree
Accout in Blacklist! Ignorning interaction
michellemjose
guchristmastree
purple
 [P] There is a color in that tweet!
-2-128-0-128-
-2-128-0-128-
(' [x] Sent message: ', '-2-128-0-128-')
Tweet sent to michellemjose
GUChristmasTree
Accout in Blacklist! Ignorning interaction
Senil888
guchristmastree
ich
m
sse
green
 [P] There is a color in that tweet!
-2-0-255-0-
-2-0-255-0-
(' [x] Sent message: ', '-2-0-255-0-')
Tweet sent to Senil888
GUChristmasTree
Accout in Blacklist! Ignorning interaction
Scooter_TTTD
guchristmastree
ab
wants
to
see
red
 [P] There is a color in that tweet!
-2-255-0-0-
-2-255-0-0-
(' [x] Sent message: ', '-2-255-0-0-')
Tweet sent to Scooter_TTTD
GUChristmasTree
Accout in Blacklist! Ignorning interaction
michellemjose
guchristmastree
blue
 [P] There is a color in that tweet!
-2-0-0-255-
-2-0-0-255-
(' [x] Sent message: ', '-2-0-0-255-')
Tweet sent to michellemjose
GUChristmasTree
Accout in Blacklist! Ignorning interaction
GonzagaCIO
Accout in Blacklist! Ignorning interaction
jackttnix12
pink
 [P] There is a color in that tweet!
-2-255-192-203-
-2-255-192-203-
(' [x] Sent message: ', '-2-255-192-203-')
Tweet sent to jackttnix12
GUChristmasTree
Accout in Blacklist! Ignorning interaction
trevor280
stopped
by
gonzagau
tonight
to
see
the
guchristmastree
beautiful
holidaysoncampus
spokane
https
t
co
jqivarcipf
error
Tweet sent to trevor280
trevor280
[u'9']
stopped
by
gonzagau
tonight
to
see
the
guchristmastree
beautiful
holidaysoncampus
spokane
purple
 [P] There is a color in that tweet!
-2-128-0-128-
-2-128-0-128-
(' [x] Sent message: ', '-2-128-0-128-')
Tweet sent to trevor280
GUChristmasTree
Accout in Blacklist! Ignorning interaction
Senil888
guchristmastree
wo
bist
du
du
bist
blue
 [P] There is a color in that tweet!
-2-0-0-255-
-2-0-0-255-
(' [x] Sent message: ', '-2-0-0-255-')
Tweet sent to Senil888
GUChristmasTree
Accout in Blacklist! Ignorning interaction
michellemjose
guchristmastree
purple
 [P] There is a color in that tweet!
-2-128-0-128-
-2-128-0-128-
(' [x] Sent message: ', '-2-128-0-128-')
Tweet sent to michellemjose
GUChristmasTree
Accout in Blacklist! Ignorning interaction
Senil888
guchristmastree
kommst
du
lime
 [P] There is a color in that tweet!
-2-60-255-15-
-2-60-255-15-
(' [x] Sent message: ', '-2-60-255-15-')
Tweet sent to Senil888
GUChristmasTree
Accout in Blacklist! Ignorning interaction
QUinn69907985
guchristmastree
red
 [P] There is a color in that tweet!
-2-255-0-0-
-2-255-0-0-
(' [x] Sent message: ', '-2-255-0-0-')
Tweet sent to QUinn69907985
GUChristmasTree
Accout in Blacklist! Ignorning interaction
Creamy_Conrad
guchristmastree
green
 [P] There is a color in that tweet!
-2-0-255-0-
-2-0-255-0-
(' [x] Sent message: ', '-2-0-255-0-')
Tweet sent to Creamy_Conrad
GUChristmasTree
Accout in Blacklist! Ignorning interaction
Jackmack96
guchristmastree
red
 [P] There is a color in that tweet!
-2-255-0-0-
-2-255-0-0-
(' [x] Sent message: ', '-2-255-0-0-')
Tweet sent to Jackmack96
GUChristmasTree
Accout in Blacklist! Ignorning interaction
Jackmack96
guchristmastree
orange
 [P] There is a color in that tweet!
-2-255-128-0-
-2-255-128-0-
(' [x] Sent message: ', '-2-255-128-0-')
Tweet sent to Jackmack96
GUChristmasTree
Accout in Blacklist! Ignorning interaction
GonzagaCIO
Accout in Blacklist! Ignorning interaction
Jackmack96
[u'96']
rt
jackmack
guchristmastree
red
 [P] There is a color in that tweet!
-2-255-0-0-
-2-255-0-0-
(' [x] Sent message: ', '-2-255-0-0-')
Tweet sent to Jackmack96
squeakycIean
guchristmastree
purple
 [P] There is a color in that tweet!
-2-128-0-128-
-2-128-0-128-
(' [x] Sent message: ', '-2-128-0-128-')
Tweet sent to squeakycIean
GUChristmasTree
Accout in Blacklist! Ignorning interaction
GUChristmasTree
Accout in Blacklist! Ignorning interaction
Jackmack96
guchristmastree
black
 [P] There is a color in that tweet!
-2-0-0-0-
-2-0-0-0-
(' [x] Sent message: ', '-2-0-0-0-')
Tweet sent to Jackmack96
GUChristmasTree
Accout in Blacklist! Ignorning interaction
Jackmack96
guchristmastree
red
 [P] There is a color in that tweet!
-2-255-0-0-
-2-255-0-0-
(' [x] Sent message: ', '-2-255-0-0-')
Tweet sent to Jackmack96
GUChristmasTree
Accout in Blacklist! Ignorning interaction
bigdaddysparx
guchristmastree
purple
 [P] There is a color in that tweet!
-2-128-0-128-
-2-128-0-128-
(' [x] Sent message: ', '-2-128-0-128-')
Tweet sent to bigdaddysparx
Jackmack96
guchristmastree
black
 [P] There is a color in that tweet!
-2-0-0-0-
-2-0-0-0-
(' [x] Sent message: ', '-2-0-0-0-')
Tweet sent to Jackmack96
GUChristmasTree
Accout in Blacklist! Ignorning interaction
GUChristmasTree
Accout in Blacklist! Ignorning interaction
Jackmack96
guchristmastree
blue
 [P] There is a color in that tweet!
-2-0-0-255-
-2-0-0-255-
(' [x] Sent message: ', '-2-0-0-255-')
Tweet sent to Jackmack96
GUChristmasTree
Accout in Blacklist! Ignorning interaction
mitchie_9
[u'5']
guchristmastree
https
t
co
fjgnyc
vlh
error
Tweet sent to mitchie_9
squeakycIean
guchristmastree
purple
 [P] There is a color in that tweet!
-2-128-0-128-
-2-128-0-128-
(' [x] Sent message: ', '-2-128-0-128-')
Tweet sent to squeakycIean
GUChristmasTree
Accout in Blacklist! Ignorning interaction
mitchie_9
guchristmastree
pink
 [P] There is a color in that tweet!
-2-255-192-203-
-2-255-192-203-
(' [x] Sent message: ', '-2-255-192-203-')
Tweet sent to mitchie_9
GUChristmasTree
Accout in Blacklist! Ignorning interaction
mitchie_9
guchristmastree
green
 [P] There is a color in that tweet!
-2-0-255-0-
-2-0-255-0-
(' [x] Sent message: ', '-2-0-255-0-')
Error in twitter_stream()! Restarting!
  [!] Scanning for Holiday Tweets [!]
bb_lizz9
guchristmastree
pink
 [P] There is a color in that tweet!
-2-255-192-203-
-2-255-192-203-
(' [x] Sent message: ', '-2-255-192-203-')
Tweet sent to bb_lizz9
GUChristmasTree
Accout in Blacklist! Ignorning interaction
bb_lizz9
guchristmastree
black
 [P] There is a color in that tweet!
-2-0-0-0-
-2-0-0-0-
(' [x] Sent message: ', '-2-0-0-0-')
Tweet sent to bb_lizz9
GUChristmasTree
Accout in Blacklist! Ignorning interaction
nathanieljlong
guchristmastree
red
 [P] There is a color in that tweet!
-2-255-0-0-
-2-255-0-0-
(' [x] Sent message: ', '-2-255-0-0-')
Tweet sent to nathanieljlong
GUChristmasTree
Accout in Blacklist! Ignorning interaction
Staabi10
guchristmastree
black
 [P] There is a color in that tweet!
-2-0-0-0-
-2-0-0-0-
(' [x] Sent message: ', '-2-0-0-0-')
Tweet sent to Staabi10
GUChristmasTree
Accout in Blacklist! Ignorning interaction
nathanieljlong
guchristmastree
turquoise
 [P] There is a color in that tweet!
-2-0-245-255-
-2-0-245-255-
(' [x] Sent message: ', '-2-0-245-255-')
Tweet sent to nathanieljlong
GUChristmasTree
Accout in Blacklist! Ignorning interaction
Staabi10
guchristmastree
sapphire
error
Tweet sent to Staabi10
Gonzaga_Prez
guchristmastree
green
 [P] There is a color in that tweet!
-2-0-255-0-
-2-0-255-0-
(' [x] Sent message: ', '-2-0-255-0-')
Tweet sent to Gonzaga_Prez
GUChristmasTree
Accout in Blacklist! Ignorning interaction
Gonzaga_Prez
guchristmastree
orange
 [P] There is a color in that tweet!
-2-255-128-0-
-2-255-128-0-
(' [x] Sent message: ', '-2-255-128-0-')
Tweet sent to Gonzaga_Prez
GUChristmasTree
Accout in Blacklist! Ignorning interaction
KinzieF
guchristmastree
blue
 [P] There is a color in that tweet!
-2-0-0-255-
-2-0-0-255-
(' [x] Sent message: ', '-2-0-0-255-')
Tweet sent to KinzieF
GUChristmasTree
Accout in Blacklist! Ignorning interaction
KinzieF
guchristmastree
pink
 [P] There is a color in that tweet!
-2-255-192-203-
-2-255-192-203-
(' [x] Sent message: ', '-2-255-192-203-')
Tweet sent to KinzieF
GUChristmasTree
Accout in Blacklist! Ignorning interaction
bulrichs
guchristmastree
blue
 [P] There is a color in that tweet!
-2-0-0-255-
-2-0-0-255-
(' [x] Sent message: ', '-2-0-0-255-')
Tweet sent to bulrichs
GUChristmasTree
Accout in Blacklist! Ignorning interaction
GU_Giving
[u'1']
how
cool
is
this
let
s
see
that
tree
lit
green
 [P] There is a color in that tweet!
-2-0-255-0-
-2-0-255-0-
(' [x] Sent message: ', '-2-0-255-0-')
Tweet sent to GU_Giving
GUChristmasTree
Accout in Blacklist! Ignorning interaction
MollyGarrity
guchristmastree
how
about
red
 [P] There is a color in that tweet!
-2-255-0-0-
-2-255-0-0-
(' [x] Sent message: ', '-2-255-0-0-')
Tweet sent to MollyGarrity
GUChristmasTree
Accout in Blacklist! Ignorning interaction
bulrichs
rt
bulrichs
guchristmastree
blue
 [P] There is a color in that tweet!
-2-0-0-255-
-2-0-0-255-
(' [x] Sent message: ', '-2-0-0-255-')
Tweet sent to bulrichs
GUChristmasTree
Accout in Blacklist! Ignorning interaction
bulrichs
guchristmastree
white
 [P] There is a color in that tweet!
-2-255-255-255-
-2-255-255-255-
(' [x] Sent message: ', '-2-255-255-255-')
Tweet sent to bulrichs
GUChristmasTree
Accout in Blacklist! Ignorning interaction
bulrichs
guchristmastree
turquoise
 [P] There is a color in that tweet!
-2-0-245-255-
-2-0-245-255-
(' [x] Sent message: ', '-2-0-245-255-')
Tweet sent to bulrichs
GUChristmasTree
Accout in Blacklist! Ignorning interaction
GonzagaCIO
Accout in Blacklist! Ignorning interaction
michellemjose
guchristmastree
pink
 [P] There is a color in that tweet!
-2-255-192-203-
-2-255-192-203-
(' [x] Sent message: ', '-2-255-192-203-')
Tweet sent to michellemjose
GUChristmasTree
Accout in Blacklist! Ignorning interaction
michellemjose
guchristmastree
red
 [P] There is a color in that tweet!
-2-255-0-0-
-2-255-0-0-
(' [x] Sent message: ', '-2-255-0-0-')
Tweet sent to michellemjose
GUChristmasTree
Accout in Blacklist! Ignorning interaction
JackAPearce
guchristmastree
green
 [P] There is a color in that tweet!
-2-0-255-0-
-2-0-255-0-
(' [x] Sent message: ', '-2-0-255-0-')
Tweet sent to JackAPearce
GUChristmasTree
Accout in Blacklist! Ignorning interaction
charlie29387794
guchristmastree
yellow
 [P] There is a color in that tweet!
-2-255-255-0-
-2-255-255-0-
(' [x] Sent message: ', '-2-255-255-0-')
Tweet sent to charlie29387794
GUChristmasTree
Accout in Blacklist! Ignorning interaction
charlie29387794
guchristmastree
teal
 [P] There is a color in that tweet!
-2-0-128-128-
-2-0-128-128-
(' [x] Sent message: ', '-2-0-128-128-')
Tweet sent to charlie29387794
GUChristmasTree
Accout in Blacklist! Ignorning interaction
charlie29387794
guchristmastree
mauve
error
Tweet sent to charlie29387794
michellemjose
guchristmastree
teal
 [P] There is a color in that tweet!
-2-0-128-128-
-2-0-128-128-
(' [x] Sent message: ', '-2-0-128-128-')
Tweet sent to michellemjose
GUChristmasTree
Accout in Blacklist! Ignorning interaction
charlie29387794
guchristmastree
orange
 [P] There is a color in that tweet!
-2-255-128-0-
-2-255-128-0-
(' [x] Sent message: ', '-2-255-128-0-')
Tweet sent to charlie29387794
GUChristmasTree
Accout in Blacklist! Ignorning interaction
charlie29387794
guchristmastree
white
 [P] There is a color in that tweet!
-2-255-255-255-
-2-255-255-255-
(' [x] Sent message: ', '-2-255-255-255-')
Tweet sent to charlie29387794
GUChristmasTree
Accout in Blacklist! Ignorning interaction
charlie29387794
guchristmastree
red
 [P] There is a color in that tweet!
-2-255-0-0-
-2-255-0-0-
(' [x] Sent message: ', '-2-255-0-0-')
Tweet sent to charlie29387794
GUChristmasTree
Accout in Blacklist! Ignorning interaction
charlie29387794
guchristmastree
rainbow
error
Tweet sent to charlie29387794
charlie29387794
guchristmastree
green
 [P] There is a color in that tweet!
-2-0-255-0-
-2-0-255-0-
(' [x] Sent message: ', '-2-0-255-0-')
Tweet sent to charlie29387794
GUChristmasTree
Accout in Blacklist! Ignorning interaction
charlie29387794
guchristmastree
indigo
error
Tweet sent to charlie29387794
charlie29387794
guchristmastree
red
 [P] There is a color in that tweet!
-2-255-0-0-
-2-255-0-0-
(' [x] Sent message: ', '-2-255-0-0-')
Tweet sent to charlie29387794
GUChristmasTree
Accout in Blacklist! Ignorning interaction
charlie29387794
guchristmastree
blue
 [P] There is a color in that tweet!
-2-0-0-255-
-2-0-0-255-
(' [x] Sent message: ', '-2-0-0-255-')
Tweet sent to charlie29387794
GUChristmasTree
Accout in Blacklist! Ignorning interaction
JackAPearce
guchristmastree
yellowplz
error
Tweet sent to JackAPearce
charlie29387794
guchristmastree
purple
 [P] There is a color in that tweet!
-2-128-0-128-
-2-128-0-128-
(' [x] Sent message: ', '-2-128-0-128-')
Error in twitter_stream()! Restarting!
  [!] Scanning for Holiday Tweets [!]
charlie29387794
guchristmastree
black
 [P] There is a color in that tweet!
-2-0-0-0-
-2-0-0-0-
(' [x] Sent message: ', '-2-0-0-0-')
Error in twitter_stream()! Restarting!
  [!] Scanning for Holiday Tweets [!]
420
michellemjose
guchristmastree
blue
 [P] There is a color in that tweet!
-2-0-0-255-
-2-0-0-255-
(' [x] Sent message: ', '-2-0-0-255-')
Error in twitter_stream()! Restarting!
  [!] Scanning for Holiday Tweets [!]
420
mollywilson23
guchristmastree
purple
 [P] There is a color in that tweet!
-2-128-0-128-
-2-128-0-128-
(' [x] Sent message: ', '-2-128-0-128-')
Tweet sent to mollywilson23
GUChristmasTree
Accout in Blacklist! Ignorning interaction
mollywilson23
guchristmastree
magenta
 [P] There is a color in that tweet!
-2-255-0-255-
-2-255-0-255-
(' [x] Sent message: ', '-2-255-0-255-')
Tweet sent to mollywilson23
mollywilson23
guchristmastree
red
 [P] There is a color in that tweet!
-2-255-0-0-
-2-255-0-0-
(' [x] Sent message: ', '-2-255-0-0-')
Tweet sent to mollywilson23
GUChristmasTree
Accout in Blacklist! Ignorning interaction
GUChristmasTree
Accout in Blacklist! Ignorning interaction
mollywilson23
guchristmastree
aquamarine
 [P] There is a color in that tweet!
-2-127-255-212-
-2-127-255-212-
(' [x] Sent message: ', '-2-127-255-212-')
Tweet sent to mollywilson23
GUChristmasTree
Accout in Blacklist! Ignorning interaction
mollywilson23
guchristmastree
yellow
 [P] There is a color in that tweet!
-2-255-255-0-
-2-255-255-0-
(' [x] Sent message: ', '-2-255-255-0-')
Tweet sent to mollywilson23
GUChristmasTree
Accout in Blacklist! Ignorning interaction
mollywilson23
guchristmastree
orange
 [P] There is a color in that tweet!
-2-255-128-0-
-2-255-128-0-
(' [x] Sent message: ', '-2-255-128-0-')
Tweet sent to mollywilson23
GUChristmasTree
Accout in Blacklist! Ignorning interaction
mollywilson23
guchristmastree
magenta
 [P] There is a color in that tweet!
-2-255-0-255-
-2-255-0-255-
(' [x] Sent message: ', '-2-255-0-255-')
Tweet sent to mollywilson23
GUChristmasTree
Accout in Blacklist! Ignorning interaction
JackAPearce
guchristmastree
green
 [P] There is a color in that tweet!
-2-0-255-0-
-2-0-255-0-
(' [x] Sent message: ', '-2-0-255-0-')
Tweet sent to JackAPearce
GUChristmasTree
Accout in Blacklist! Ignorning interaction
JackAPearce
guchristmastree
red
 [P] There is a color in that tweet!
-2-255-0-0-
-2-255-0-0-
(' [x] Sent message: ', '-2-255-0-0-')
Tweet sent to JackAPearce
GUChristmasTree
Accout in Blacklist! Ignorning interaction
JackAPearce
guchristmastree
orangr
error
Tweet sent to JackAPearce
ibathow368
blue
 [P] There is a color in that tweet!
-2-0-0-255-
-2-0-0-255-
(' [x] Sent message: ', '-2-0-0-255-')
Tweet sent to ibathow368
GUChristmasTree
Accout in Blacklist! Ignorning interaction
JackAPearce
guchristmastree
orange
 [P] There is a color in that tweet!
-2-255-128-0-
-2-255-128-0-
(' [x] Sent message: ', '-2-255-128-0-')
Tweet sent to JackAPearce
GUChristmasTree
Accout in Blacklist! Ignorning interaction
JackAPearce
guchristmastree
red
 [P] There is a color in that tweet!
-2-255-0-0-
-2-255-0-0-
(' [x] Sent message: ', '-2-255-0-0-')
Tweet sent to JackAPearce
GUChristmasTree
Accout in Blacklist! Ignorning interaction
Psycomedian
guchristmastree
deep
purple
 [P] There is a color in that tweet!
-2-128-0-128-
-2-128-0-128-
(' [x] Sent message: ', '-2-128-0-128-')
Tweet sent to Psycomedian
GUChristmasTree
Accout in Blacklist! Ignorning interaction
ZackRosse
guchristmastree
turn
it
off
error
Tweet sent to ZackRosse
ZackRosse
[u'0', u'0', u'0']
-2-0-0-0-
-2-0-0-0-
(' [x] Sent message: ', u'-2-0-0-0-')
Tweet sent to ZackRosse
GUChristmasTree
Accout in Blacklist! Ignorning interaction
Scooter_TTTD
guchristmastree
red
 [P] There is a color in that tweet!
-2-255-0-0-
-2-255-0-0-
(' [x] Sent message: ', '-2-255-0-0-')
Tweet sent to Scooter_TTTD
GUChristmasTree
Accout in Blacklist! Ignorning interaction
michellemjose
guchristmastree
green
 [P] There is a color in that tweet!
-2-0-255-0-
-2-0-255-0-
(' [x] Sent message: ', '-2-0-255-0-')
Tweet sent to michellemjose
GUChristmasTree
Accout in Blacklist! Ignorning interaction
michellemjose
guchristmastree
red
 [P] There is a color in that tweet!
-2-255-0-0-
-2-255-0-0-
(' [x] Sent message: ', '-2-255-0-0-')
Tweet sent to michellemjose
GUChristmasTree
Accout in Blacklist! Ignorning interaction
michellemjose
guchristmastree
purple
 [P] There is a color in that tweet!
-2-128-0-128-
-2-128-0-128-
(' [x] Sent message: ', '-2-128-0-128-')
Tweet sent to michellemjose
GUChristmasTree
Accout in Blacklist! Ignorning interaction
CameronMarsh984
guchristmastree
orange
 [P] There is a color in that tweet!
-2-255-128-0-
-2-255-128-0-
(' [x] Sent message: ', '-2-255-128-0-')
Tweet sent to CameronMarsh984
GUChristmasTree
Accout in Blacklist! Ignorning interaction
CameronMarsh984
guchristmastree
red
 [P] There is a color in that tweet!
-2-255-0-0-
-2-255-0-0-
(' [x] Sent message: ', '-2-255-0-0-')
Tweet sent to CameronMarsh984
GUChristmasTree
Accout in Blacklist! Ignorning interaction
CameronMarsh984
guchristmastree
indigo
error
Tweet sent to CameronMarsh984
michellemjose
guchristmastree
teal
 [P] There is a color in that tweet!
-2-0-128-128-
-2-0-128-128-
(' [x] Sent message: ', '-2-0-128-128-')
Tweet sent to michellemjose
GUChristmasTree
Accout in Blacklist! Ignorning interaction
CameronMarsh984
guchristmastree
black
 [P] There is a color in that tweet!
-2-0-0-0-
-2-0-0-0-
(' [x] Sent message: ', '-2-0-0-0-')
Tweet sent to CameronMarsh984
GUChristmasTree
Accout in Blacklist! Ignorning interaction
CameronMarsh984
guchristmastree
silver
 [P] There is a color in that tweet!
-2-192-192-192-
-2-192-192-192-
(' [x] Sent message: ', '-2-192-192-192-')
Tweet sent to CameronMarsh984
GUChristmasTree
Accout in Blacklist! Ignorning interaction
CameronMarsh984
guchristmastree
verde
error
Tweet sent to CameronMarsh984
_ystra
green
 [P] There is a color in that tweet!
-2-0-255-0-
-2-0-255-0-
(' [x] Sent message: ', '-2-0-255-0-')
Tweet sent to _ystra
GUChristmasTree
Accout in Blacklist! Ignorning interaction
GUProfDan
rt
guhemmingson
the
tree
is
lit
guchristmastree
guseasonoflight
https
t
co
fsijqtwcjl
error
Tweet sent to GUProfDan
_ystra
turquoise
 [P] There is a color in that tweet!
-2-0-245-255-
-2-0-245-255-
(' [x] Sent message: ', '-2-0-245-255-')
Tweet sent to _ystra
GUChristmasTree
Accout in Blacklist! Ignorning interaction
_ystra
red
 [P] There is a color in that tweet!
-2-255-0-0-
-2-255-0-0-
(' [x] Sent message: ', '-2-255-0-0-')
Tweet sent to _ystra
GUChristmasTree
Accout in Blacklist! Ignorning interaction
_ystra
rainbow
guchristmastree
error
Tweet sent to _ystra
CameronMarsh984
guchristmastree
gold
 [P] There is a color in that tweet!
-2-255-215-0-
-2-255-215-0-
(' [x] Sent message: ', '-2-255-215-0-')
Tweet sent to CameronMarsh984
GUChristmasTree
Accout in Blacklist! Ignorning interaction
CameronMarsh984
guchristmastree
pink
 [P] There is a color in that tweet!
-2-255-192-203-
-2-255-192-203-
(' [x] Sent message: ', '-2-255-192-203-')
Tweet sent to CameronMarsh984
GUChristmasTree
Accout in Blacklist! Ignorning interaction
CameronMarsh984
guchristmastree
black
 [P] There is a color in that tweet!
-2-0-0-0-
-2-0-0-0-
(' [x] Sent message: ', '-2-0-0-0-')
Tweet sent to CameronMarsh984
GUChristmasTree
Accout in Blacklist! Ignorning interaction
CameronMarsh984
guchristmastree
silver
 [P] There is a color in that tweet!
-2-192-192-192-
-2-192-192-192-
(' [x] Sent message: ', '-2-192-192-192-')
Tweet sent to CameronMarsh984
GUChristmasTree
Accout in Blacklist! Ignorning interaction
CameronMarsh984
guchristmastree
red
 [P] There is a color in that tweet!
-2-255-0-0-
-2-255-0-0-
(' [x] Sent message: ', '-2-255-0-0-')
Tweet sent to CameronMarsh984
GUChristmasTree
Accout in Blacklist! Ignorning interaction
CameronMarsh984
guchristmastree
silver
 [P] There is a color in that tweet!
-2-192-192-192-
-2-192-192-192-
(' [x] Sent message: ', '-2-192-192-192-')
Tweet sent to CameronMarsh984
GUChristmasTree
Accout in Blacklist! Ignorning interaction
parksandrecnyc
guchristmastree
black
 [P] There is a color in that tweet!
-2-0-0-0-
-2-0-0-0-
(' [x] Sent message: ', '-2-0-0-0-')
Tweet sent to parksandrecnyc
GUChristmasTree
Accout in Blacklist! Ignorning interaction
TerribleTayler
guchristmastree
white
 [P] There is a color in that tweet!
-2-255-255-255-
-2-255-255-255-
(' [x] Sent message: ', '-2-255-255-255-')
Tweet sent to TerribleTayler
GUChristmasTree
Accout in Blacklist! Ignorning interaction
TerribleTayler
guchristmastree
pink
 [P] There is a color in that tweet!
-2-255-192-203-
-2-255-192-203-
(' [x] Sent message: ', '-2-255-192-203-')
Tweet sent to TerribleTayler
GUChristmasTree
Accout in Blacklist! Ignorning interaction
nick_k28
guchristmastree
red
 [P] There is a color in that tweet!
-2-255-0-0-
-2-255-0-0-
(' [x] Sent message: ', '-2-255-0-0-')
Tweet sent to nick_k28
GUChristmasTree
Accout in Blacklist! Ignorning interaction
nick_k28
guchristmastree
orange
 [P] There is a color in that tweet!
-2-255-128-0-
-2-255-128-0-
(' [x] Sent message: ', '-2-255-128-0-')
Tweet sent to nick_k28
GUChristmasTree
Accout in Blacklist! Ignorning interaction
nick_k28
guchristmastree
teal
 [P] There is a color in that tweet!
-2-0-128-128-
-2-0-128-128-
(' [x] Sent message: ', '-2-0-128-128-')
Tweet sent to nick_k28
GUChristmasTree
Accout in Blacklist! Ignorning interaction
nick_k28
guchristmastree
brown
 [P] There is a color in that tweet!
-2-165-42-42-
-2-165-42-42-
(' [x] Sent message: ', '-2-165-42-42-')
Tweet sent to nick_k28
GUChristmasTree
Accout in Blacklist! Ignorning interaction
nick_k28
guchristmastree
black
 [P] There is a color in that tweet!
-2-0-0-0-
-2-0-0-0-
(' [x] Sent message: ', '-2-0-0-0-')
Tweet sent to nick_k28
GUChristmasTree
Accout in Blacklist! Ignorning interaction
nick_k28
guchristmastree
pink
 [P] There is a color in that tweet!
-2-255-192-203-
-2-255-192-203-
(' [x] Sent message: ', '-2-255-192-203-')
Tweet sent to nick_k28
GUChristmasTree
Accout in Blacklist! Ignorning interaction
nick_k28
guchristmastree
pink
 [P] There is a color in that tweet!
-2-255-192-203-
-2-255-192-203-
(' [x] Sent message: ', '-2-255-192-203-')
Tweet sent to nick_k28
GUChristmasTree
Accout in Blacklist! Ignorning interaction
CameronMarsh984
guchristmastree
silver
 [P] There is a color in that tweet!
-2-192-192-192-
-2-192-192-192-
(' [x] Sent message: ', '-2-192-192-192-')
Tweet sent to CameronMarsh984
GUChristmasTree
Accout in Blacklist! Ignorning interaction
EuroZag01
rt
guhemmingson
the
tree
is
lit
guchristmastree
guseasonoflight
https
t
co
fsijqtwcjl
error
Tweet sent to EuroZag01
joseph_kinsella
guchristmastree
gold
 [P] There is a color in that tweet!
-2-255-215-0-
-2-255-215-0-
(' [x] Sent message: ', '-2-255-215-0-')
Tweet sent to joseph_kinsella
GUChristmasTree
Accout in Blacklist! Ignorning interaction
Scooter_TTTD
guchristmastree
red
 [P] There is a color in that tweet!
-2-255-0-0-
-2-255-0-0-
(' [x] Sent message: ', '-2-255-0-0-')
Tweet sent to Scooter_TTTD
GUChristmasTree
Accout in Blacklist! Ignorning interaction
hunter_ramp
guchristmastree
blue
 [P] There is a color in that tweet!
-2-0-0-255-
-2-0-0-255-
(' [x] Sent message: ', '-2-0-0-255-')
Tweet sent to hunter_ramp
GUChristmasTree
Accout in Blacklist! Ignorning interaction
bulrichs
guchristmastree
red
 [P] There is a color in that tweet!
-2-255-0-0-
-2-255-0-0-
(' [x] Sent message: ', '-2-255-0-0-')
Tweet sent to bulrichs
GUChristmasTree
Accout in Blacklist! Ignorning interaction
bulrichs
guchristmastree
white
 [P] There is a color in that tweet!
-2-255-255-255-
-2-255-255-255-
(' [x] Sent message: ', '-2-255-255-255-')
Tweet sent to bulrichs
GUChristmasTree
Accout in Blacklist! Ignorning interaction
theFrenchPuma
guchristmastree
can
you
go
purple
 [P] There is a color in that tweet!
-2-128-0-128-
-2-128-0-128-
(' [x] Sent message: ', '-2-128-0-128-')
Tweet sent to theFrenchPuma
GUChristmasTree
Accout in Blacklist! Ignorning interaction
TonyaStewart18
guchristmastree
red
 [P] There is a color in that tweet!
-2-255-0-0-
-2-255-0-0-
(' [x] Sent message: ', '-2-255-0-0-')
Tweet sent to TonyaStewart18
GUChristmasTree
Accout in Blacklist! Ignorning interaction
jenniferjean69
guchristmastree
purple
 [P] There is a color in that tweet!
-2-128-0-128-
-2-128-0-128-
(' [x] Sent message: ', '-2-128-0-128-')
Tweet sent to jenniferjean69
GUChristmasTree
Accout in Blacklist! Ignorning interaction
TonyaStewart18
guchristmastree
green
 [P] There is a color in that tweet!
-2-0-255-0-
-2-0-255-0-
(' [x] Sent message: ', '-2-0-255-0-')
Tweet sent to TonyaStewart18
GUChristmasTree
Accout in Blacklist! Ignorning interaction
jenniferjean69
guchristmastree
yellow
 [P] There is a color in that tweet!
-2-255-255-0-
-2-255-255-0-
(' [x] Sent message: ', '-2-255-255-0-')
Tweet sent to jenniferjean69
GUChristmasTree
Accout in Blacklist! Ignorning interaction
TonyaStewart18
guchristmastree
green
 [P] There is a color in that tweet!
-2-0-255-0-
-2-0-255-0-
(' [x] Sent message: ', '-2-0-255-0-')
Tweet sent to TonyaStewart18
GUChristmasTree
Accout in Blacklist! Ignorning interaction
kbachman99
[u'8']
guchristmastree
red
 [P] There is a color in that tweet!
-2-255-0-0-
-2-255-0-0-
(' [x] Sent message: ', '-2-255-0-0-')
Tweet sent to kbachman99
GUChristmasTree
Accout in Blacklist! Ignorning interaction
jenniferjean69
[u'1']
guchristmastree
blue
 [P] There is a color in that tweet!
-2-0-0-255-
-2-0-0-255-
(' [x] Sent message: ', '-2-0-0-255-')
Tweet sent to jenniferjean69
GUChristmasTree
Accout in Blacklist! Ignorning interaction
GUSummerSession
guchristmastree
in
summer
we
like
yellow
 [P] There is a color in that tweet!
-2-255-255-0-
-2-255-255-0-
(' [x] Sent message: ', '-2-255-255-0-')
Tweet sent to GUSummerSession
GUChristmasTree
Accout in Blacklist! Ignorning interaction
KaraMcginn
red
 [P] There is a color in that tweet!
-2-255-0-0-
-2-255-0-0-
(' [x] Sent message: ', '-2-255-0-0-')
Tweet sent to KaraMcginn
GUChristmasTree
Accout in Blacklist! Ignorning interaction
KaraMcginn
[u'88', u'66', u'33']
-2-88-66-33-
-2-88-66-33-
(' [x] Sent message: ', u'-2-88-66-33-')
Tweet sent to KaraMcginn
GUChristmasTree
Accout in Blacklist! Ignorning interaction
nbernabe
hey
guchristmastree
error
Tweet sent to nbernabe
nbernabe
hey
guchristmastree
i
want
to
see
pink
 [P] There is a color in that tweet!
-2-255-192-203-
-2-255-192-203-
(' [x] Sent message: ', '-2-255-192-203-')
Tweet sent to nbernabe
GUChristmasTree
Accout in Blacklist! Ignorning interaction
KaraMcginn
[u'161', u'214', u'202']
-2-161-214-202-
-2-161-214-202-
(' [x] Sent message: ', u'-2-161-214-202-')
Tweet sent to KaraMcginn
GUChristmasTree
Accout in Blacklist! Ignorning interaction
KaraMcginn
guchristmastree
purple
 [P] There is a color in that tweet!
-2-128-0-128-
-2-128-0-128-
(' [x] Sent message: ', '-2-128-0-128-')
Tweet sent to KaraMcginn
GUChristmasTree
Accout in Blacklist! Ignorning interaction
GonzagaKatie
rt
guhemmingson
the
tree
is
lit
guchristmastree
guseasonoflight
https
t
co
fsijqtwcjl
error
Tweet sent to GonzagaKatie
deansarenac
guchristmastree
pumpkin
 [P] There is a color in that tweet!
-2-255-127-0-
-2-255-127-0-
(' [x] Sent message: ', '-2-255-127-0-')
Tweet sent to deansarenac
GUChristmasTree
Accout in Blacklist! Ignorning interaction
Senil888
guchristmastree
turn
orange
 [P] There is a color in that tweet!
-2-255-128-0-
-2-255-128-0-
(' [x] Sent message: ', '-2-255-128-0-')
Tweet sent to Senil888
GUChristmasTree
Accout in Blacklist! Ignorning interaction
Senil888
guchristmastree
turn
fuchsia
 [P] There is a color in that tweet!
-2-255-0-255-
-2-255-0-255-
(' [x] Sent message: ', '-2-255-0-255-')
Tweet sent to Senil888
GUChristmasTree
Accout in Blacklist! Ignorning interaction
pjbracke
guchristmastree
purple
 [P] There is a color in that tweet!
-2-128-0-128-
-2-128-0-128-
(' [x] Sent message: ', '-2-128-0-128-')
Tweet sent to pjbracke
GUChristmasTree
Accout in Blacklist! Ignorning interaction
Senil888
guchristmastree
let
s
turn
you
pink
 [P] There is a color in that tweet!
-2-255-192-203-
-2-255-192-203-
(' [x] Sent message: ', '-2-255-192-203-')
Tweet sent to Senil888
GUChristmasTree
Accout in Blacklist! Ignorning interaction
GU_NGTB
Accout in Blacklist! Ignorning interaction
joescibelli
guchristmastree
i
think
bile
would
look
good
error
Tweet sent to joescibelli
joescibelli
guchristmastree
i
think
blue
 [P] There is a color in that tweet!
-2-0-0-255-
-2-0-0-255-
(' [x] Sent message: ', '-2-0-0-255-')
Tweet sent to joescibelli
GUChristmasTree
Accout in Blacklist! Ignorning interaction
joescibelli
guchristmastree
what
about
red
 [P] There is a color in that tweet!
-2-255-0-0-
-2-255-0-0-
(' [x] Sent message: ', '-2-255-0-0-')
Tweet sent to joescibelli
GUChristmasTree
Accout in Blacklist! Ignorning interaction
joescibelli
guchristmastree
white
 [P] There is a color in that tweet!
-2-255-255-255-
-2-255-255-255-
(' [x] Sent message: ', '-2-255-255-255-')
Tweet sent to joescibelli
GUChristmasTree
Accout in Blacklist! Ignorning interaction
joescibelli
guchristmastree
yellow
 [P] There is a color in that tweet!
-2-255-255-0-
-2-255-255-0-
(' [x] Sent message: ', '-2-255-255-0-')
Tweet sent to joescibelli
GUChristmasTree
Accout in Blacklist! Ignorning interaction
kimberly__may4
guchristmastree
lavender
error
Tweet sent to kimberly__may4
kimberly__may4
guchristmastree
pink
 [P] There is a color in that tweet!
-2-255-192-203-
-2-255-192-203-
(' [x] Sent message: ', '-2-255-192-203-')
Tweet sent to kimberly__may4
joescibelli
guchristmastree
green
 [P] There is a color in that tweet!
-2-0-255-0-
-2-0-255-0-
(' [x] Sent message: ', '-2-0-255-0-')
Tweet sent to joescibelli
GUChristmasTree
Accout in Blacklist! Ignorning interaction
GUChristmasTree
Accout in Blacklist! Ignorning interaction
Senil888
[u'1']
guchristmastree
red
 [P] There is a color in that tweet!
-2-255-0-0-
-2-255-0-0-
(' [x] Sent message: ', '-2-255-0-0-')
Tweet sent to Senil888
GUChristmasTree
Accout in Blacklist! Ignorning interaction
flint_leah
guchristmastree
purple
 [P] There is a color in that tweet!
-2-128-0-128-
-2-128-0-128-
(' [x] Sent message: ', '-2-128-0-128-')
Tweet sent to flint_leah
GUChristmasTree
Accout in Blacklist! Ignorning interaction
GUHemmingson
Accout in Blacklist! Ignorning interaction
GUChristmasTree
Accout in Blacklist! Ignorning interaction
_amanda__ellen_
guchristmastree
red
 [P] There is a color in that tweet!
-2-255-0-0-
-2-255-0-0-
(' [x] Sent message: ', '-2-255-0-0-')
Tweet sent to _amanda__ellen_
GUChristmasTree
Accout in Blacklist! Ignorning interaction
_amanda__ellen_
guchristmastree
blue
 [P] There is a color in that tweet!
-2-0-0-255-
-2-0-0-255-
(' [x] Sent message: ', '-2-0-0-255-')
Tweet sent to _amanda__ellen_
GUChristmasTree
Accout in Blacklist! Ignorning interaction
kimberly__may4
guchristmastree
black
 [P] There is a color in that tweet!
-2-0-0-0-
-2-0-0-0-
(' [x] Sent message: ', '-2-0-0-0-')
Tweet sent to kimberly__may4
GUChristmasTree
Accout in Blacklist! Ignorning interaction
kimberly__may4
guchristmastree
pink
 [P] There is a color in that tweet!
-2-255-192-203-
-2-255-192-203-
(' [x] Sent message: ', '-2-255-192-203-')
Tweet sent to kimberly__may4
GUChristmasTree
Accout in Blacklist! Ignorning interaction
squeakycIean
[u'0', u'0', u'150']
-2-0-0-150-
-2-0-0-150-
(' [x] Sent message: ', u'-2-0-0-150-')
Tweet sent to squeakycIean
GUChristmasTree
Accout in Blacklist! Ignorning interaction
squeakycIean
[u'0', u'0', u'50']
-2-0-0-50-
-2-0-0-50-
(' [x] Sent message: ', u'-2-0-0-50-')
Tweet sent to squeakycIean
GUChristmasTree
Accout in Blacklist! Ignorning interaction
squeakycIean
[u'0', u'0', u'25']
-2-0-0-25-
-2-0-0-25-
(' [x] Sent message: ', u'-2-0-0-25-')
Tweet sent to squeakycIean
GUChristmasTree
Accout in Blacklist! Ignorning interaction
squeakycIean
[u'10', u'0', u'30']
-2-10-0-30-
-2-10-0-30-
(' [x] Sent message: ', u'-2-10-0-30-')
Tweet sent to squeakycIean
GUChristmasTree
Accout in Blacklist! Ignorning interaction
squeakycIean
[u'15', u'15', u'0']
-2-15-15-0-
-2-15-15-0-
(' [x] Sent message: ', u'-2-15-15-0-')
Tweet sent to squeakycIean
GUChristmasTree
Accout in Blacklist! Ignorning interaction
squeakycIean
[u'0', u'15', u'15']
-2-0-15-15-
-2-0-15-15-
(' [x] Sent message: ', u'-2-0-15-15-')
Tweet sent to squeakycIean
GUChristmasTree
Accout in Blacklist! Ignorning interaction
squeakycIean
guchristmastree
red
 [P] There is a color in that tweet!
-2-255-0-0-
-2-255-0-0-
(' [x] Sent message: ', '-2-255-0-0-')
Tweet sent to squeakycIean
GUChristmasTree
Accout in Blacklist! Ignorning interaction
squeakycIean
[u'0', u'5', u'20']
-2-0-5-20-
-2-0-5-20-
(' [x] Sent message: ', u'-2-0-5-20-')
Tweet sent to squeakycIean
GUChristmasTree
Accout in Blacklist! Ignorning interaction
squeakycIean
[u'10', u'0', u'10']
-2-10-0-10-
-2-10-0-10-
(' [x] Sent message: ', u'-2-10-0-10-')
Tweet sent to squeakycIean
GUChristmasTree
Accout in Blacklist! Ignorning interaction
QUinn69907985
guchristmastree
blue
 [P] There is a color in that tweet!
-2-0-0-255-
-2-0-0-255-
(' [x] Sent message: ', '-2-0-0-255-')
Tweet sent to QUinn69907985
GUChristmasTree
Accout in Blacklist! Ignorning interaction
squeakycIean
[u'1', u'0', u'0']
-2-1-0-0-
-2-1-0-0-
(' [x] Sent message: ', u'-2-1-0-0-')
Tweet sent to squeakycIean
GUChristmasTree
Accout in Blacklist! Ignorning interaction
squeakycIean
[u'10', u'0', u'0']
-2-10-0-0-
-2-10-0-0-
(' [x] Sent message: ', u'-2-10-0-0-')
Tweet sent to squeakycIean
GUChristmasTree
Accout in Blacklist! Ignorning interaction
squeakycIean
[u'30', u'0', u'0']
-2-30-0-0-
-2-30-0-0-
(' [x] Sent message: ', u'-2-30-0-0-')
Tweet sent to squeakycIean
GUChristmasTree
Accout in Blacklist! Ignorning interaction
Silverdogz117
guchristmastree
red
 [P] There is a color in that tweet!
-2-255-0-0-
-2-255-0-0-
(' [x] Sent message: ', '-2-255-0-0-')
Tweet sent to Silverdogz117
GUChristmasTree
Accout in Blacklist! Ignorning interaction
QUinn69907985
guchristmastree
green
 [P] There is a color in that tweet!
-2-0-255-0-
-2-0-255-0-
(' [x] Sent message: ', '-2-0-255-0-')
Tweet sent to QUinn69907985
GUChristmasTree
Accout in Blacklist! Ignorning interaction
MIW_SwimSinger
guchristmastree
orange
 [P] There is a color in that tweet!
-2-255-128-0-
-2-255-128-0-
(' [x] Sent message: ', '-2-255-128-0-')
Tweet sent to MIW_SwimSinger
GUChristmasTree
Accout in Blacklist! Ignorning interaction
Silverdogz117
guchristmastree
orange
 [P] There is a color in that tweet!
-2-255-128-0-
-2-255-128-0-
(' [x] Sent message: ', '-2-255-128-0-')
Tweet sent to Silverdogz117
GUChristmasTree
Accout in Blacklist! Ignorning interaction
simonsaysustain
guchristmastree
yellow
 [P] There is a color in that tweet!
-2-255-255-0-
-2-255-255-0-
(' [x] Sent message: ', '-2-255-255-0-')
Tweet sent to simonsaysustain
GUChristmasTree
Accout in Blacklist! Ignorning interaction
simonsaysustain
guchristmastree
purple
 [P] There is a color in that tweet!
-2-128-0-128-
-2-128-0-128-
(' [x] Sent message: ', '-2-128-0-128-')
Tweet sent to simonsaysustain
GUChristmasTree
Accout in Blacklist! Ignorning interaction
mitchie_9
guchristmastree
chartreuse
error
Tweet sent to mitchie_9
mitchie_9
guchristmastree
yellow
 [P] There is a color in that tweet!
-2-255-255-0-
-2-255-255-0-
(' [x] Sent message: ', '-2-255-255-0-')
Tweet sent to mitchie_9
GUChristmasTree
Accout in Blacklist! Ignorning interaction
bbish87
guchristmastree
red
 [P] There is a color in that tweet!
-2-255-0-0-
-2-255-0-0-
(' [x] Sent message: ', '-2-255-0-0-')
Tweet sent to bbish87
GUChristmasTree
Accout in Blacklist! Ignorning interaction
Emily_Davidson5
guchristmastree
can
katiekales
and
i
get
a
blue
 [P] There is a color in that tweet!
-2-0-0-255-
-2-0-0-255-
(' [x] Sent message: ', '-2-0-0-255-')
Tweet sent to Emily_Davidson5
GUChristmasTree
Accout in Blacklist! Ignorning interaction
_amanda__ellen_
guchristmastree
yellow
 [P] There is a color in that tweet!
-2-255-255-0-
-2-255-255-0-
(' [x] Sent message: ', '-2-255-255-0-')
Tweet sent to _amanda__ellen_
GUChristmasTree
Accout in Blacklist! Ignorning interaction
_amanda__ellen_
guchristmastree
purple
 [P] There is a color in that tweet!
-2-128-0-128-
-2-128-0-128-
(' [x] Sent message: ', '-2-128-0-128-')
Tweet sent to _amanda__ellen_
GUChristmasTree
Accout in Blacklist! Ignorning interaction
_amanda__ellen_
guchristmastree
green
 [P] There is a color in that tweet!
-2-0-255-0-
-2-0-255-0-
(' [x] Sent message: ', '-2-0-255-0-')
Tweet sent to _amanda__ellen_
GUChristmasTree
Accout in Blacklist! Ignorning interaction
Bryce_Rieckers
guchristmastree
please
turn
blue
 [P] There is a color in that tweet!
-2-0-0-255-
-2-0-0-255-
(' [x] Sent message: ', '-2-0-0-255-')
Tweet sent to Bryce_Rieckers
GUChristmasTree
Accout in Blacklist! Ignorning interaction
charlie29387794
guchristmastree
purple
 [P] There is a color in that tweet!
-2-128-0-128-
-2-128-0-128-
(' [x] Sent message: ', '-2-128-0-128-')
Tweet sent to charlie29387794
GUChristmasTree
Accout in Blacklist! Ignorning interaction
charlie29387794
guchristmastree
green
 [P] There is a color in that tweet!
-2-0-255-0-
-2-0-255-0-
(' [x] Sent message: ', '-2-0-255-0-')
Tweet sent to charlie29387794
GUChristmasTree
Accout in Blacklist! Ignorning interaction
charlie29387794
guchristmastree
pink
 [P] There is a color in that tweet!
-2-255-192-203-
-2-255-192-203-
(' [x] Sent message: ', '-2-255-192-203-')
Tweet sent to charlie29387794
charlie29387794
guchristmastree
red
 [P] There is a color in that tweet!
-2-255-0-0-
-2-255-0-0-
(' [x] Sent message: ', '-2-255-0-0-')
Tweet sent to charlie29387794
GUChristmasTree
Accout in Blacklist! Ignorning interaction
GUChristmasTree
Accout in Blacklist! Ignorning interaction
QUinn69907985
guchristmastree
purple
 [P] There is a color in that tweet!
-2-128-0-128-
-2-128-0-128-
(' [x] Sent message: ', '-2-128-0-128-')
Tweet sent to QUinn69907985
GUChristmasTree
Accout in Blacklist! Ignorning interaction
QUinn69907985
[u'0', u'128', u'128']
-2-0-128-128-
-2-0-128-128-
(' [x] Sent message: ', u'-2-0-128-128-')
Tweet sent to QUinn69907985
GUChristmasTree
Accout in Blacklist! Ignorning interaction
QUinn69907985
[u'0', u'255', u'127']
-2-0-255-127-
-2-0-255-127-
(' [x] Sent message: ', u'-2-0-255-127-')
Tweet sent to QUinn69907985
GUChristmasTree
Accout in Blacklist! Ignorning interaction
spokanehouse
[u'280', u'2']
rt
trevor
stopped
by
gonzagau
to
see
the
guchristmastree
beautiful
spokane
purple
 [P] There is a color in that tweet!
-2-128-0-128-
-2-128-0-128-
(' [x] Sent message: ', '-2-128-0-128-')
Tweet sent to spokanehouse
GUChristmasTree
Accout in Blacklist! Ignorning interaction
lizzy_higgs
fuchsia
 [P] There is a color in that tweet!
-2-255-0-255-
-2-255-0-255-
(' [x] Sent message: ', '-2-255-0-255-')
Tweet sent to lizzy_higgs
GUChristmasTree
Accout in Blacklist! Ignorning interaction
mollywilson23
guchristmastree
blue
 [P] There is a color in that tweet!
-2-0-0-255-
-2-0-0-255-
(' [x] Sent message: ', '-2-0-0-255-')
Tweet sent to mollywilson23
GUChristmasTree
Accout in Blacklist! Ignorning interaction
mollywilson23
guchristmastree
green
 [P] There is a color in that tweet!
-2-0-255-0-
-2-0-255-0-
(' [x] Sent message: ', '-2-0-255-0-')
Tweet sent to mollywilson23
GUChristmasTree
Accout in Blacklist! Ignorning interaction
mollywilson23
guchristmastree
red
 [P] There is a color in that tweet!
-2-255-0-0-
-2-255-0-0-
(' [x] Sent message: ', '-2-255-0-0-')
Tweet sent to mollywilson23
GUChristmasTree
Accout in Blacklist! Ignorning interaction
ASAPsmoothy
guchristmastree
blue
 [P] There is a color in that tweet!
-2-0-0-255-
-2-0-0-255-
(' [x] Sent message: ', '-2-0-0-255-')
Tweet sent to ASAPsmoothy
GUChristmasTree
Accout in Blacklist! Ignorning interaction
lizzy_higgs
guchristmastree
cranberry
 [P] There is a color in that tweet!
-2-176-23-31-
-2-176-23-31-
(' [x] Sent message: ', '-2-176-23-31-')
Tweet sent to lizzy_higgs
GUChristmasTree
Accout in Blacklist! Ignorning interaction
ASAPsmoothy
[u'30', u'19', u'38', u'32']
rt
guchristmastree
asapsmoothy
happy
holidays
from
gonzaga
wed
nov
https
t
co
rzgpodpowc
error
Tweet sent to ASAPsmoothy
lizzy_higgs
guchristmastree
gold
 [P] There is a color in that tweet!
-2-255-215-0-
-2-255-215-0-
(' [x] Sent message: ', '-2-255-215-0-')
Tweet sent to lizzy_higgs
GUChristmasTree
Accout in Blacklist! Ignorning interaction
ClaireBeeJacobs
guchristmastree
indigo
error
Tweet sent to ClaireBeeJacobs
DanHarr96131759
guchristmastree
red
 [P] There is a color in that tweet!
-2-255-0-0-
-2-255-0-0-
(' [x] Sent message: ', '-2-255-0-0-')
Tweet sent to DanHarr96131759
GUChristmasTree
Accout in Blacklist! Ignorning interaction
DanHarr96131759
guchristmastree
blue
 [P] There is a color in that tweet!
-2-0-0-255-
-2-0-0-255-
(' [x] Sent message: ', '-2-0-0-255-')
Tweet sent to DanHarr96131759
GUChristmasTree
Accout in Blacklist! Ignorning interaction
DanHarr96131759
guchristmastree
yellow
 [P] There is a color in that tweet!
-2-255-255-0-
-2-255-255-0-
(' [x] Sent message: ', '-2-255-255-0-')
Tweet sent to DanHarr96131759
GUChristmasTree
Accout in Blacklist! Ignorning interaction
DanHarr96131759
guchristmastree
green
 [P] There is a color in that tweet!
-2-0-255-0-
-2-0-255-0-
(' [x] Sent message: ', '-2-0-255-0-')
Tweet sent to DanHarr96131759
GUChristmasTree
Accout in Blacklist! Ignorning interaction
DanHarr96131759
guchristmastree
purple
 [P] There is a color in that tweet!
-2-128-0-128-
-2-128-0-128-
(' [x] Sent message: ', '-2-128-0-128-')
Tweet sent to DanHarr96131759
GUChristmasTree
Accout in Blacklist! Ignorning interaction
anniegib3
guchristmastree
yellow
 [P] There is a color in that tweet!
-2-255-255-0-
-2-255-255-0-
(' [x] Sent message: ', '-2-255-255-0-')
Tweet sent to anniegib3
GUChristmasTree
Accout in Blacklist! Ignorning interaction
kimberly__may4
guchristmastree
rainbow
error
Tweet sent to kimberly__may4
kimberly__may4
guchristmastree
red
 [P] There is a color in that tweet!
-2-255-0-0-
-2-255-0-0-
(' [x] Sent message: ', '-2-255-0-0-')
Tweet sent to kimberly__may4
GUChristmasTree
Accout in Blacklist! Ignorning interaction
GuKennel
guchristmastree
green
 [P] There is a color in that tweet!
-2-0-255-0-
-2-0-255-0-
(' [x] Sent message: ', '-2-0-255-0-')
Tweet sent to GuKennel
GUChristmasTree
Accout in Blacklist! Ignorning interaction
GuKennel
guchristmastree
yellow
 [P] There is a color in that tweet!
-2-255-255-0-
-2-255-255-0-
(' [x] Sent message: ', '-2-255-255-0-')
Tweet sent to GuKennel
GUChristmasTree
Accout in Blacklist! Ignorning interaction
flint_leah
guchristmastree
orange
 [P] There is a color in that tweet!
-2-255-128-0-
-2-255-128-0-
(' [x] Sent message: ', '-2-255-128-0-')
Tweet sent to flint_leah
GUChristmasTree
Accout in Blacklist! Ignorning interaction
JoeySammut
guchristmastree
pink
 [P] There is a color in that tweet!
-2-255-192-203-
-2-255-192-203-
(' [x] Sent message: ', '-2-255-192-203-')
Tweet sent to JoeySammut
GUChristmasTree
Accout in Blacklist! Ignorning interaction
GuKennel
guchristmastree
pink
 [P] There is a color in that tweet!
-2-255-192-203-
-2-255-192-203-
(' [x] Sent message: ', '-2-255-192-203-')
Tweet sent to GuKennel
GUChristmasTree
Accout in Blacklist! Ignorning interaction
GuKennel
guchristmastree
black
 [P] There is a color in that tweet!
-2-0-0-0-
-2-0-0-0-
(' [x] Sent message: ', '-2-0-0-0-')
Tweet sent to GuKennel
GUChristmasTree
Accout in Blacklist! Ignorning interaction
GuKennel
guchristmastree
red
 [P] There is a color in that tweet!
-2-255-0-0-
-2-255-0-0-
(' [x] Sent message: ', '-2-255-0-0-')
Tweet sent to GuKennel
GUChristmasTree
Accout in Blacklist! Ignorning interaction
kimberly__may4
guchristmastree
white
 [P] There is a color in that tweet!
-2-255-255-255-
-2-255-255-255-
(' [x] Sent message: ', '-2-255-255-255-')
Tweet sent to kimberly__may4
GUChristmasTree
Accout in Blacklist! Ignorning interaction
PonySockz
guchristmastree
pink
 [P] There is a color in that tweet!
-2-255-192-203-
-2-255-192-203-
(' [x] Sent message: ', '-2-255-192-203-')
Tweet sent to PonySockz
GUChristmasTree
Accout in Blacklist! Ignorning interaction
GuKennel
guchristmastree
silver
 [P] There is a color in that tweet!
-2-192-192-192-
-2-192-192-192-
(' [x] Sent message: ', '-2-192-192-192-')
Tweet sent to GuKennel
GUChristmasTree
Accout in Blacklist! Ignorning interaction
TheHollyJones
guchristmastree
red
 [P] There is a color in that tweet!
-2-255-0-0-
-2-255-0-0-
(' [x] Sent message: ', '-2-255-0-0-')
Tweet sent to TheHollyJones
GUChristmasTree
Accout in Blacklist! Ignorning interaction
GuKennel
guchristmastree
blue
 [P] There is a color in that tweet!
-2-0-0-255-
-2-0-0-255-
(' [x] Sent message: ', '-2-0-0-255-')
Tweet sent to GuKennel
GUChristmasTree
Accout in Blacklist! Ignorning interaction
paulnoble93
guchristmastree
red
 [P] There is a color in that tweet!
-2-255-0-0-
-2-255-0-0-
(' [x] Sent message: ', '-2-255-0-0-')
Tweet sent to paulnoble93
GUChristmasTree
Accout in Blacklist! Ignorning interaction
paulnoble93
guchristmastree
yellow
 [P] There is a color in that tweet!
-2-255-255-0-
-2-255-255-0-
(' [x] Sent message: ', '-2-255-255-0-')
Tweet sent to paulnoble93
GUChristmasTree
Accout in Blacklist! Ignorning interaction
paulnoble93
guchristmastree
cyan
error
Tweet sent to paulnoble93
paulnoble93
guchristmastree
blue
 [P] There is a color in that tweet!
-2-0-0-255-
-2-0-0-255-
(' [x] Sent message: ', '-2-0-0-255-')
Tweet sent to paulnoble93
GUChristmasTree
Accout in Blacklist! Ignorning interaction
paulnoble93
guchristmastree
green
 [P] There is a color in that tweet!
-2-0-255-0-
-2-0-255-0-
(' [x] Sent message: ', '-2-0-255-0-')
Tweet sent to paulnoble93
GUChristmasTree
Accout in Blacklist! Ignorning interaction
paulnoble93
guchristmastree
brown
 [P] There is a color in that tweet!
-2-165-42-42-
-2-165-42-42-
(' [x] Sent message: ', '-2-165-42-42-')
Tweet sent to paulnoble93
GUChristmasTree
Accout in Blacklist! Ignorning interaction
paulnoble93
guchristmastree
white
 [P] There is a color in that tweet!
-2-255-255-255-
-2-255-255-255-
(' [x] Sent message: ', '-2-255-255-255-')
Tweet sent to paulnoble93
GUChristmasTree
Accout in Blacklist! Ignorning interaction
paulnoble93
guchristmastree
orange
 [P] There is a color in that tweet!
-2-255-128-0-
-2-255-128-0-
(' [x] Sent message: ', '-2-255-128-0-')
Tweet sent to paulnoble93
GUChristmasTree
Accout in Blacklist! Ignorning interaction
paulnoble93
guchristmastree
blue
 [P] There is a color in that tweet!
-2-0-0-255-
-2-0-0-255-
(' [x] Sent message: ', '-2-0-0-255-')
Tweet sent to paulnoble93
GUChristmasTree
Accout in Blacklist! Ignorning interaction
tintin519
guchristmastree
purple
 [P] There is a color in that tweet!
-2-128-0-128-
-2-128-0-128-
(' [x] Sent message: ', '-2-128-0-128-')
Tweet sent to tintin519
GUChristmasTree
Accout in Blacklist! Ignorning interaction
tintin519
guchristmastree
red
 [P] There is a color in that tweet!
-2-255-0-0-
-2-255-0-0-
(' [x] Sent message: ', '-2-255-0-0-')
Tweet sent to tintin519
GUChristmasTree
Accout in Blacklist! Ignorning interaction
tintin519
guchristmastree
purple
 [P] There is a color in that tweet!
-2-128-0-128-
-2-128-0-128-
(' [x] Sent message: ', '-2-128-0-128-')
Tweet sent to tintin519
GUChristmasTree
Accout in Blacklist! Ignorning interaction
tintin519
guchristmastree
pink
 [P] There is a color in that tweet!
-2-255-192-203-
-2-255-192-203-
(' [x] Sent message: ', '-2-255-192-203-')
Tweet sent to tintin519
GUChristmasTree
Accout in Blacklist! Ignorning interaction
tintin519
guchristmastree
blue
 [P] There is a color in that tweet!
-2-0-0-255-
-2-0-0-255-
(' [x] Sent message: ', '-2-0-0-255-')
Tweet sent to tintin519
GUChristmasTree
Accout in Blacklist! Ignorning interaction
Staabi10
guchristmastree
green
 [P] There is a color in that tweet!
-2-0-255-0-
-2-0-255-0-
(' [x] Sent message: ', '-2-0-255-0-')
Tweet sent to Staabi10
tintin519
guchristmastree
white
 [P] There is a color in that tweet!
-2-255-255-255-
-2-255-255-255-
(' [x] Sent message: ', '-2-255-255-255-')
Tweet sent to tintin519
GUChristmasTree
Accout in Blacklist! Ignorning interaction
GUChristmasTree
Accout in Blacklist! Ignorning interaction
h0suf
guchristmastree
crimson
 [P] There is a color in that tweet!
-2-220-20-0-
-2-220-20-0-
(' [x] Sent message: ', '-2-220-20-0-')
Tweet sent to h0suf
GUChristmasTree
Accout in Blacklist! Ignorning interaction
h0suf
[u'00', u'00']
guchristmastree
ff
error
Tweet sent to h0suf
h0suf
guchristmastree
chartreuse
error
Tweet sent to h0suf
h0suf
guchristmastree
black
 [P] There is a color in that tweet!
-2-0-0-0-
-2-0-0-0-
(' [x] Sent message: ', '-2-0-0-0-')
Tweet sent to h0suf
GUChristmasTree
Accout in Blacklist! Ignorning interaction
h0suf
guchristmastree
rainbow
error
Tweet sent to h0suf
h0suf
guchristmastree
teal
 [P] There is a color in that tweet!
-2-0-128-128-
-2-0-128-128-
(' [x] Sent message: ', '-2-0-128-128-')
Tweet sent to h0suf
GUChristmasTree
Accout in Blacklist! Ignorning interaction
h0suf
guchristmastree
cyan
error
Tweet sent to h0suf
selizabunter
guchristmastree
turn
pink
 [P] There is a color in that tweet!
-2-255-192-203-
-2-255-192-203-
(' [x] Sent message: ', '-2-255-192-203-')
Tweet sent to selizabunter
GUChristmasTree
Accout in Blacklist! Ignorning interaction
h0suf
guchristmastree
brown
 [P] There is a color in that tweet!
-2-165-42-42-
-2-165-42-42-
(' [x] Sent message: ', '-2-165-42-42-')
Tweet sent to h0suf
GUChristmasTree
Accout in Blacklist! Ignorning interaction
rafawelsh
blue
 [P] There is a color in that tweet!
-2-0-0-255-
-2-0-0-255-
(' [x] Sent message: ', '-2-0-0-255-')
Tweet sent to rafawelsh
GUChristmasTree
Accout in Blacklist! Ignorning interaction
rafawelsh
black
 [P] There is a color in that tweet!
-2-0-0-0-
-2-0-0-0-
(' [x] Sent message: ', '-2-0-0-0-')
Tweet sent to rafawelsh
GUChristmasTree
Accout in Blacklist! Ignorning interaction
rafawelsh
red
 [P] There is a color in that tweet!
-2-255-0-0-
-2-255-0-0-
(' [x] Sent message: ', '-2-255-0-0-')
Tweet sent to rafawelsh
GUChristmasTree
Accout in Blacklist! Ignorning interaction
rafawelsh
brown
 [P] There is a color in that tweet!
-2-165-42-42-
-2-165-42-42-
(' [x] Sent message: ', '-2-165-42-42-')
Tweet sent to rafawelsh
GUChristmasTree
Accout in Blacklist! Ignorning interaction
rafawelsh
yellow
 [P] There is a color in that tweet!
-2-255-255-0-
-2-255-255-0-
(' [x] Sent message: ', '-2-255-255-0-')
Tweet sent to rafawelsh
GUChristmasTree
Accout in Blacklist! Ignorning interaction
rafawelsh
red
 [P] There is a color in that tweet!
-2-255-0-0-
-2-255-0-0-
(' [x] Sent message: ', '-2-255-0-0-')
Tweet sent to rafawelsh
GUChristmasTree
Accout in Blacklist! Ignorning interaction
TibbsTools
green
 [P] There is a color in that tweet!
-2-0-255-0-
-2-0-255-0-
(' [x] Sent message: ', '-2-0-255-0-')
Tweet sent to TibbsTools
GUChristmasTree
Accout in Blacklist! Ignorning interaction
rafawelsh
green
 [P] There is a color in that tweet!
-2-0-255-0-
-2-0-255-0-
(' [x] Sent message: ', '-2-0-255-0-')
Tweet sent to rafawelsh
GUChristmasTree
Accout in Blacklist! Ignorning interaction
jeffreyrbunch
[u'8', u'0']
thanks
for
letting
me
pose
with
you
guchristmastree
you
re
so
shiny
and
bright
https
t
co
ov
mddpkg
error
Tweet sent to jeffreyrbunch
h0suf
guchristmastree
orange
 [P] There is a color in that tweet!
-2-255-128-0-
-2-255-128-0-
(' [x] Sent message: ', '-2-255-128-0-')
Tweet sent to h0suf
GUChristmasTree
Accout in Blacklist! Ignorning interaction
hemmguy
pumpkin
 [P] There is a color in that tweet!
-2-255-127-0-
-2-255-127-0-
(' [x] Sent message: ', '-2-255-127-0-')
Tweet sent to hemmguy
GUChristmasTree
Accout in Blacklist! Ignorning interaction
hemmguy
green
 [P] There is a color in that tweet!
-2-0-255-0-
-2-0-255-0-
(' [x] Sent message: ', '-2-0-255-0-')
Tweet sent to hemmguy
GUChristmasTree
Accout in Blacklist! Ignorning interaction
mhettinger21
guchristmastree
black
 [P] There is a color in that tweet!
-2-0-0-0-
-2-0-0-0-
(' [x] Sent message: ', '-2-0-0-0-')
Tweet sent to mhettinger21
GUChristmasTree
Accout in Blacklist! Ignorning interaction
h0suf
guchristmastree
white
 [P] There is a color in that tweet!
-2-255-255-255-
-2-255-255-255-
(' [x] Sent message: ', '-2-255-255-255-')
Tweet sent to h0suf
lorileo19656484
guchristmastree
white
 [P] There is a color in that tweet!
-2-255-255-255-
-2-255-255-255-
(' [x] Sent message: ', '-2-255-255-255-')
Tweet sent to lorileo19656484
GUChristmasTree
Accout in Blacklist! Ignorning interaction
GUChristmasTree
Accout in Blacklist! Ignorning interaction
hemmguy
black
 [P] There is a color in that tweet!
-2-0-0-0-
-2-0-0-0-
(' [x] Sent message: ', '-2-0-0-0-')
Tweet sent to hemmguy
GUChristmasTree
Accout in Blacklist! Ignorning interaction
h0suf
guchristmastree
gray
 [P] There is a color in that tweet!
-2-128-128-128-
-2-128-128-128-
(' [x] Sent message: ', '-2-128-128-128-')
Tweet sent to h0suf
GUChristmasTree
Accout in Blacklist! Ignorning interaction
hemmguy
silver
 [P] There is a color in that tweet!
-2-192-192-192-
-2-192-192-192-
(' [x] Sent message: ', '-2-192-192-192-')
Tweet sent to hemmguy
GUChristmasTree
Accout in Blacklist! Ignorning interaction
jenniferjean69
guchristmastree
orange
 [P] There is a color in that tweet!
-2-255-128-0-
-2-255-128-0-
(' [x] Sent message: ', '-2-255-128-0-')
Tweet sent to jenniferjean69
GUChristmasTree
Accout in Blacklist! Ignorning interaction
jack_skinn
guchristmastree
jet
black
 [P] There is a color in that tweet!
-2-0-0-0-
-2-0-0-0-
(' [x] Sent message: ', '-2-0-0-0-')
Tweet sent to jack_skinn
GUChristmasTree
Accout in Blacklist! Ignorning interaction
Hannahlove715
guchristmastree
blue
 [P] There is a color in that tweet!
-2-0-0-255-
-2-0-0-255-
(' [x] Sent message: ', '-2-0-0-255-')
Tweet sent to Hannahlove715
GUChristmasTree
Accout in Blacklist! Ignorning interaction
Hannahlove715
guchristmastree
orange
 [P] There is a color in that tweet!
-2-255-128-0-
-2-255-128-0-
(' [x] Sent message: ', '-2-255-128-0-')
Tweet sent to Hannahlove715
GUChristmasTree
Accout in Blacklist! Ignorning interaction
CameronMarsh984
guchristmastree
silver
 [P] There is a color in that tweet!
-2-192-192-192-
-2-192-192-192-
(' [x] Sent message: ', '-2-192-192-192-')
Tweet sent to CameronMarsh984
GUChristmasTree
Accout in Blacklist! Ignorning interaction
MadeleineMcKerr
guchristmastree
orange
 [P] There is a color in that tweet!
-2-255-128-0-
-2-255-128-0-
(' [x] Sent message: ', '-2-255-128-0-')
Tweet sent to MadeleineMcKerr
GUChristmasTree
Accout in Blacklist! Ignorning interaction
Senil888
[u'231', u'159', u'196']
-2-231-159-196-
-2-231-159-196-
(' [x] Sent message: ', u'-2-231-159-196-')
Tweet sent to Senil888
GUChristmasTree
Accout in Blacklist! Ignorning interaction
Gonzaga_CTO
guchristmastree
happy
holidays
make
it
blue
 [P] There is a color in that tweet!
-2-0-0-255-
-2-0-0-255-
(' [x] Sent message: ', '-2-0-0-255-')
Tweet sent to Gonzaga_CTO
Senil888
[u'214', u'111', u'108']
-2-214-111-108-
-2-214-111-108-
(' [x] Sent message: ', u'-2-214-111-108-')
Tweet sent to Senil888
GUChristmasTree
Accout in Blacklist! Ignorning interaction
GUChristmasTree
Accout in Blacklist! Ignorning interaction
Senil888
[u'154', u'185', u'115']
-2-154-185-115-
-2-154-185-115-
(' [x] Sent message: ', u'-2-154-185-115-')
Tweet sent to Senil888
GUChristmasTree
Accout in Blacklist! Ignorning interaction
bruh_jelly
guchristmastree
red
 [P] There is a color in that tweet!
-2-255-0-0-
-2-255-0-0-
(' [x] Sent message: ', '-2-255-0-0-')
Tweet sent to bruh_jelly
GUChristmasTree
Accout in Blacklist! Ignorning interaction
bruh_jelly
guchristmastree
yellow
 [P] There is a color in that tweet!
-2-255-255-0-
-2-255-255-0-
(' [x] Sent message: ', '-2-255-255-0-')
Tweet sent to bruh_jelly
GUChristmasTree
Accout in Blacklist! Ignorning interaction
bruh_jelly
guchristmastree
green
 [P] There is a color in that tweet!
-2-0-255-0-
-2-0-255-0-
(' [x] Sent message: ', '-2-0-255-0-')
Tweet sent to bruh_jelly
GUChristmasTree
Accout in Blacklist! Ignorning interaction
bruh_jelly
guchristmastree
purple
 [P] There is a color in that tweet!
-2-128-0-128-
-2-128-0-128-
(' [x] Sent message: ', '-2-128-0-128-')
Tweet sent to bruh_jelly
GUChristmasTree
Accout in Blacklist! Ignorning interaction
bruh_jelly
guchristmastree
flash
green
 [P] There is a color in that tweet!
-2-0-255-0-
-2-0-255-0-
(' [x] Sent message: ', '-2-0-255-0-')
Tweet sent to bruh_jelly
GUChristmasTree
Accout in Blacklist! Ignorning interaction
bruh_jelly
guchristmastree
white
 [P] There is a color in that tweet!
-2-255-255-255-
-2-255-255-255-
(' [x] Sent message: ', '-2-255-255-255-')
Tweet sent to bruh_jelly
GUChristmasTree
Accout in Blacklist! Ignorning interaction
CameronMarsh984
guchristmastree
blue
 [P] There is a color in that tweet!
-2-0-0-255-
-2-0-0-255-
(' [x] Sent message: ', '-2-0-0-255-')
Tweet sent to CameronMarsh984
paulnoble93
guchristmastree
orange
 [P] There is a color in that tweet!
-2-255-128-0-
-2-255-128-0-
(' [x] Sent message: ', '-2-255-128-0-')
Tweet sent to paulnoble93
GUChristmasTree
Accout in Blacklist! Ignorning interaction
GUChristmasTree
Accout in Blacklist! Ignorning interaction
CameronMarsh984
guchristmastree
white
 [P] There is a color in that tweet!
-2-255-255-255-
-2-255-255-255-
(' [x] Sent message: ', '-2-255-255-255-')
Tweet sent to CameronMarsh984
GUChristmasTree
Accout in Blacklist! Ignorning interaction
_amanda__ellen_
guchristmastree
orange
 [P] There is a color in that tweet!
-2-255-128-0-
-2-255-128-0-
(' [x] Sent message: ', '-2-255-128-0-')
Tweet sent to _amanda__ellen_
GUChristmasTree
Accout in Blacklist! Ignorning interaction
jackttnix12
[u'0', u'0', u'0']
-2-0-0-0-
-2-0-0-0-
(' [x] Sent message: ', u'-2-0-0-0-')
Tweet sent to jackttnix12
GUChristmasTree
Accout in Blacklist! Ignorning interaction
bengibs17
guchristmastree
green
 [P] There is a color in that tweet!
-2-0-255-0-
-2-0-255-0-
(' [x] Sent message: ', '-2-0-255-0-')
Tweet sent to bengibs17
bengibs17
guchristmastree
blue
 [P] There is a color in that tweet!
-2-0-0-255-
-2-0-0-255-
(' [x] Sent message: ', '-2-0-0-255-')
Tweet sent to bengibs17
GUChristmasTree
Accout in Blacklist! Ignorning interaction
GUChristmasTree
Accout in Blacklist! Ignorning interaction
bengibs17
guchristmastree
red
 [P] There is a color in that tweet!
-2-255-0-0-
-2-255-0-0-
(' [x] Sent message: ', '-2-255-0-0-')
Tweet sent to bengibs17
GUChristmasTree
Accout in Blacklist! Ignorning interaction
bengibs17
guchristmastree
is
this
for
real
error
Tweet sent to bengibs17
bengibs17
guchristmastree
black
 [P] There is a color in that tweet!
-2-0-0-0-
-2-0-0-0-
(' [x] Sent message: ', '-2-0-0-0-')
Tweet sent to bengibs17
GUChristmasTree
Accout in Blacklist! Ignorning interaction
bengibs17
guchristmastree
pink
 [P] There is a color in that tweet!
-2-255-192-203-
-2-255-192-203-
(' [x] Sent message: ', '-2-255-192-203-')
Tweet sent to bengibs17
GUChristmasTree
Accout in Blacklist! Ignorning interaction
DanHarr96131759
guchristmastree
red
 [P] There is a color in that tweet!
-2-255-0-0-
-2-255-0-0-
(' [x] Sent message: ', '-2-255-0-0-')
Tweet sent to DanHarr96131759
GUChristmasTree
Accout in Blacklist! Ignorning interaction
paulnoble93
[u'9371492']
guchristmastree
error
Tweet sent to paulnoble93
MadelineKeckler
guchristmastree
orange
 [P] There is a color in that tweet!
-2-255-128-0-
-2-255-128-0-
(' [x] Sent message: ', '-2-255-128-0-')
Tweet sent to MadelineKeckler
GUChristmasTree
Accout in Blacklist! Ignorning interaction
MadelineKeckler
guchristmastree
blue
 [P] There is a color in that tweet!
-2-0-0-255-
-2-0-0-255-
(' [x] Sent message: ', '-2-0-0-255-')
Tweet sent to MadelineKeckler
GUChristmasTree
Accout in Blacklist! Ignorning interaction
paulnoble93
[u'8', u'64']
guchristmastree
eff
error
Tweet sent to paulnoble93
MadelineKeckler
guchristmastree
white
 [P] There is a color in that tweet!
-2-255-255-255-
-2-255-255-255-
(' [x] Sent message: ', '-2-255-255-255-')
Tweet sent to MadelineKeckler
GUChristmasTree
Accout in Blacklist! Ignorning interaction
MadelineKeckler
guchristmastree
aquamarine
 [P] There is a color in that tweet!
-2-127-255-212-
-2-127-255-212-
(' [x] Sent message: ', '-2-127-255-212-')
Tweet sent to MadelineKeckler
kimberly__may4
guchristmastree
black
 [P] There is a color in that tweet!
-2-0-0-0-
-2-0-0-0-
(' [x] Sent message: ', '-2-0-0-0-')
Tweet sent to kimberly__may4
GUChristmasTree
Accout in Blacklist! Ignorning interaction
deansarenac
guchristmastree
crimson
 [P] There is a color in that tweet!
-2-220-20-0-
-2-220-20-0-
(' [x] Sent message: ', '-2-220-20-0-')
Tweet sent to deansarenac
GUChristmasTree
Accout in Blacklist! Ignorning interaction
GUChristmasTree
Accout in Blacklist! Ignorning interaction
kimberly__may4
guchristmastree
pink
 [P] There is a color in that tweet!
-2-255-192-203-
-2-255-192-203-
(' [x] Sent message: ', '-2-255-192-203-')
Tweet sent to kimberly__may4
kimberly__may4
guchristmastree
orange
 [P] There is a color in that tweet!
-2-255-128-0-
-2-255-128-0-
(' [x] Sent message: ', '-2-255-128-0-')
Tweet sent to kimberly__may4
GUChristmasTree
Accout in Blacklist! Ignorning interaction
GUChristmasTree
Accout in Blacklist! Ignorning interaction
deansarenac
guchristmastree
red
 [P] There is a color in that tweet!
-2-255-0-0-
-2-255-0-0-
(' [x] Sent message: ', '-2-255-0-0-')
Tweet sent to deansarenac
GUChristmasTree
Accout in Blacklist! Ignorning interaction
simonsaysustain
guchristmastree
pink
 [P] There is a color in that tweet!
-2-255-192-203-
-2-255-192-203-
(' [x] Sent message: ', '-2-255-192-203-')
Tweet sent to simonsaysustain
GUChristmasTree
Accout in Blacklist! Ignorning interaction
simonsaysustain
guchristmastree
brown
 [P] There is a color in that tweet!
-2-165-42-42-
-2-165-42-42-
(' [x] Sent message: ', '-2-165-42-42-')
Tweet sent to simonsaysustain
GUChristmasTree
Accout in Blacklist! Ignorning interaction
simonsaysustain
guchristmastree
blue
 [P] There is a color in that tweet!
-2-0-0-255-
-2-0-0-255-
(' [x] Sent message: ', '-2-0-0-255-')
Tweet sent to simonsaysustain
GUChristmasTree
Accout in Blacklist! Ignorning interaction
MadelineKeckler
guchristmastree
yellow
 [P] There is a color in that tweet!
-2-255-255-0-
-2-255-255-0-
(' [x] Sent message: ', '-2-255-255-0-')
Tweet sent to MadelineKeckler
GUChristmasTree
Accout in Blacklist! Ignorning interaction
MadelineKeckler
guchristmastree
gold
 [P] There is a color in that tweet!
-2-255-215-0-
-2-255-215-0-
(' [x] Sent message: ', '-2-255-215-0-')
Tweet sent to MadelineKeckler
GUChristmasTree
Accout in Blacklist! Ignorning interaction
DanHarr96131759
guchristmastree
pink
 [P] There is a color in that tweet!
-2-255-192-203-
-2-255-192-203-
(' [x] Sent message: ', '-2-255-192-203-')
Tweet sent to DanHarr96131759
GUChristmasTree
Accout in Blacklist! Ignorning interaction
simonsaysustain
guchristmastree
rainbow
error
Tweet sent to simonsaysustain
simonsaysustain
guchristmastree
orange
 [P] There is a color in that tweet!
-2-255-128-0-
-2-255-128-0-
(' [x] Sent message: ', '-2-255-128-0-')
Tweet sent to simonsaysustain
DanHarr96131759
guchristmastree
blues
error
Tweet sent to DanHarr96131759
GUChristmasTree
Accout in Blacklist! Ignorning interaction
hipsta_gwyn
guchristmastree
merry
christmas
tree
how
about
some
crimson
 [P] There is a color in that tweet!
-2-220-20-0-
-2-220-20-0-
(' [x] Sent message: ', '-2-220-20-0-')
Tweet sent to hipsta_gwyn
GUChristmasTree
Accout in Blacklist! Ignorning interaction
ryan_moll_
guchristmastree
red
 [P] There is a color in that tweet!
-2-255-0-0-
-2-255-0-0-
(' [x] Sent message: ', '-2-255-0-0-')
Tweet sent to ryan_moll_
GUChristmasTree
Accout in Blacklist! Ignorning interaction
bunnyladyb
guchristmastree
purple
 [P] There is a color in that tweet!
-2-128-0-128-
-2-128-0-128-
(' [x] Sent message: ', '-2-128-0-128-')
Tweet sent to bunnyladyb
GUChristmasTree
Accout in Blacklist! Ignorning interaction
deansarenac
guchristmastree
purple
 [P] There is a color in that tweet!
-2-128-0-128-
-2-128-0-128-
(' [x] Sent message: ', '-2-128-0-128-')
Tweet sent to deansarenac
GUChristmasTree
Accout in Blacklist! Ignorning interaction
HeatherTeshome
guchristmastree
fuscha
error
Tweet sent to HeatherTeshome
deansarenac
guchristmastree
maroon
 [P] There is a color in that tweet!
-2-255-52-179-
-2-255-52-179-
(' [x] Sent message: ', '-2-255-52-179-')
Tweet sent to deansarenac
GUChristmasTree
Accout in Blacklist! Ignorning interaction
deansarenac
guchristmastree
red
 [P] There is a color in that tweet!
-2-255-0-0-
-2-255-0-0-
(' [x] Sent message: ', '-2-255-0-0-')
Tweet sent to deansarenac
GUChristmasTree
Accout in Blacklist! Ignorning interaction
HeatherTeshome
guchristmastree
red
 [P] There is a color in that tweet!
-2-255-0-0-
-2-255-0-0-
(' [x] Sent message: ', '-2-255-0-0-')
Tweet sent to HeatherTeshome
GUChristmasTree
Accout in Blacklist! Ignorning interaction
QUinn69907985
[u'0', u'255', u'127']
-2-0-255-127-
-2-0-255-127-
(' [x] Sent message: ', u'-2-0-255-127-')
Tweet sent to QUinn69907985
GUChristmasTree
Accout in Blacklist! Ignorning interaction
FromSpokane
guchristmastree
purple
 [P] There is a color in that tweet!
-2-128-0-128-
-2-128-0-128-
(' [x] Sent message: ', '-2-128-0-128-')
Tweet sent to FromSpokane
GUChristmasTree
Accout in Blacklist! Ignorning interaction
FromSpokane
guchristmastree
red
 [P] There is a color in that tweet!
-2-255-0-0-
-2-255-0-0-
(' [x] Sent message: ', '-2-255-0-0-')
Tweet sent to FromSpokane
GUChristmasTree
Accout in Blacklist! Ignorning interaction
FromSpokane
guchristmastree
green
 [P] There is a color in that tweet!
-2-0-255-0-
-2-0-255-0-
(' [x] Sent message: ', '-2-0-255-0-')
Tweet sent to FromSpokane
GUChristmasTree
Accout in Blacklist! Ignorning interaction
FromSpokane
guchristmastree
white
 [P] There is a color in that tweet!
-2-255-255-255-
-2-255-255-255-
(' [x] Sent message: ', '-2-255-255-255-')
Tweet sent to FromSpokane
GUChristmasTree
Accout in Blacklist! Ignorning interaction
paulnoble93
guchristmastree
blue
 [P] There is a color in that tweet!
-2-0-0-255-
-2-0-0-255-
(' [x] Sent message: ', '-2-0-0-255-')
Tweet sent to paulnoble93
GUChristmasTree
Accout in Blacklist! Ignorning interaction
paulnoble93
guchristmastree
orange
 [P] There is a color in that tweet!
-2-255-128-0-
-2-255-128-0-
(' [x] Sent message: ', '-2-255-128-0-')
Tweet sent to paulnoble93
GUChristmasTree
Accout in Blacklist! Ignorning interaction
paulnoble93
guchristmastree
black
 [P] There is a color in that tweet!
-2-0-0-0-
-2-0-0-0-
(' [x] Sent message: ', '-2-0-0-0-')
Tweet sent to paulnoble93
GUChristmasTree
Accout in Blacklist! Ignorning interaction
mwhalen1499
guchristmastree
green
 [P] There is a color in that tweet!
-2-0-255-0-
-2-0-255-0-
(' [x] Sent message: ', '-2-0-255-0-')
Tweet sent to mwhalen1499
paulnoble93
guchristmastree
green
 [P] There is a color in that tweet!
-2-0-255-0-
-2-0-255-0-
(' [x] Sent message: ', '-2-0-255-0-')
Tweet sent to paulnoble93
GUChristmasTree
Accout in Blacklist! Ignorning interaction
GUChristmasTree
Accout in Blacklist! Ignorning interaction
baileyrollman
guchristmastree
purple
 [P] There is a color in that tweet!
-2-128-0-128-
-2-128-0-128-
(' [x] Sent message: ', '-2-128-0-128-')
Tweet sent to baileyrollman
GUChristmasTree
Accout in Blacklist! Ignorning interaction
FromSpokane
guchristmastree
blue
 [P] There is a color in that tweet!
-2-0-0-255-
-2-0-0-255-
(' [x] Sent message: ', '-2-0-0-255-')
Tweet sent to FromSpokane
GUChristmasTree
Accout in Blacklist! Ignorning interaction
FromSpokane
guchristmastree
pink
 [P] There is a color in that tweet!
-2-255-192-203-
-2-255-192-203-
(' [x] Sent message: ', '-2-255-192-203-')
Tweet sent to FromSpokane
GUChristmasTree
Accout in Blacklist! Ignorning interaction
CameronMarsh984
guchristmastree
orange
 [P] There is a color in that tweet!
-2-255-128-0-
-2-255-128-0-
(' [x] Sent message: ', '-2-255-128-0-')
Tweet sent to CameronMarsh984
GUChristmasTree
Accout in Blacklist! Ignorning interaction
CameronMarsh984
guchristmastree
black
 [P] There is a color in that tweet!
-2-0-0-0-
-2-0-0-0-
(' [x] Sent message: ', '-2-0-0-0-')
Tweet sent to CameronMarsh984
GUChristmasTree
Accout in Blacklist! Ignorning interaction
CameronMarsh984
guchristmastree
silver
 [P] There is a color in that tweet!
-2-192-192-192-
-2-192-192-192-
(' [x] Sent message: ', '-2-192-192-192-')
Tweet sent to CameronMarsh984
GUChristmasTree
Accout in Blacklist! Ignorning interaction
squeakycIean
[u'0', u'0', u'10']
-2-0-0-10-
-2-0-0-10-
(' [x] Sent message: ', u'-2-0-0-10-')
Tweet sent to squeakycIean
GUChristmasTree
Accout in Blacklist! Ignorning interaction
squeakycIean
guchristmastree
scarlet
error
Tweet sent to squeakycIean
squeakycIean
guchristmastree
red
 [P] There is a color in that tweet!
-2-255-0-0-
-2-255-0-0-
(' [x] Sent message: ', '-2-255-0-0-')
Tweet sent to squeakycIean
GUChristmasTree
Accout in Blacklist! Ignorning interaction
squeakycIean
guchristmastree
pumpkin
 [P] There is a color in that tweet!
-2-255-127-0-
-2-255-127-0-
(' [x] Sent message: ', '-2-255-127-0-')
Tweet sent to squeakycIean
GUChristmasTree
Accout in Blacklist! Ignorning interaction
squeakycIean
guchristmastree
orange
 [P] There is a color in that tweet!
-2-255-128-0-
-2-255-128-0-
(' [x] Sent message: ', '-2-255-128-0-')
Tweet sent to squeakycIean
GUChristmasTree
Accout in Blacklist! Ignorning interaction
squeakycIean
[u'0', u'15', u'137']
-2-0-15-137-
-2-0-15-137-
(' [x] Sent message: ', u'-2-0-15-137-')
Tweet sent to squeakycIean
GUChristmasTree
Accout in Blacklist! Ignorning interaction
squeakycIean
[u'20', u'20', u'0']
-2-20-20-0-
-2-20-20-0-
(' [x] Sent message: ', u'-2-20-20-0-')
Tweet sent to squeakycIean
GUChristmasTree
Accout in Blacklist! Ignorning interaction
squeakycIean
[u'255', u'127', u'8']
-2-255-127-8-
-2-255-127-8-
(' [x] Sent message: ', u'-2-255-127-8-')
Tweet sent to squeakycIean
GUChristmasTree
Accout in Blacklist! Ignorning interaction
squeakycIean
[u'20', u'0', u'5']
-2-20-0-5-
-2-20-0-5-
(' [x] Sent message: ', u'-2-20-0-5-')
Tweet sent to squeakycIean
GUChristmasTree
Accout in Blacklist! Ignorning interaction
squeakycIean
[u'10', u'0', u'1']
-2-10-0-1-
-2-10-0-1-
(' [x] Sent message: ', u'-2-10-0-1-')
Tweet sent to squeakycIean
GUChristmasTree
Accout in Blacklist! Ignorning interaction
squeakycIean
guchristmastree
blue
 [P] There is a color in that tweet!
-2-0-0-255-
-2-0-0-255-
(' [x] Sent message: ', '-2-0-0-255-')
Tweet sent to squeakycIean
GUChristmasTree
Accout in Blacklist! Ignorning interaction
squeakycIean
[u'8', u'0', u'0']
-2-8-0-0-
-2-8-0-0-
(' [x] Sent message: ', u'-2-8-0-0-')
Tweet sent to squeakycIean
GUChristmasTree
Accout in Blacklist! Ignorning interaction
squeakycIean
[u'15', u'0', u'0']
-2-15-0-0-
-2-15-0-0-
(' [x] Sent message: ', u'-2-15-0-0-')
Tweet sent to squeakycIean
GUChristmasTree
Accout in Blacklist! Ignorning interaction
squeakycIean
[u'0', u'15', u'0']
-2-0-15-0-
-2-0-15-0-
(' [x] Sent message: ', u'-2-0-15-0-')
Tweet sent to squeakycIean
GUChristmasTree
Accout in Blacklist! Ignorning interaction
squeakycIean
[u'0', u'0', u'15']
-2-0-0-15-
-2-0-0-15-
(' [x] Sent message: ', u'-2-0-0-15-')
Tweet sent to squeakycIean
GUChristmasTree
Accout in Blacklist! Ignorning interaction
Silverdogz117
guchristmastree
green
 [P] There is a color in that tweet!
-2-0-255-0-
-2-0-255-0-
(' [x] Sent message: ', '-2-0-255-0-')
Tweet sent to Silverdogz117
GUChristmasTree
Accout in Blacklist! Ignorning interaction
Silverdogz117
guchristmastree
yellow
 [P] There is a color in that tweet!
-2-255-255-0-
-2-255-255-0-
(' [x] Sent message: ', '-2-255-255-0-')
Tweet sent to Silverdogz117
GUChristmasTree
Accout in Blacklist! Ignorning interaction
joseph_wilson77
cyan
guchristmastree
error
Tweet sent to joseph_wilson77
joseph_wilson77
crimson
 [P] There is a color in that tweet!
-2-220-20-0-
-2-220-20-0-
(' [x] Sent message: ', '-2-220-20-0-')
Tweet sent to joseph_wilson77
GUChristmasTree
Accout in Blacklist! Ignorning interaction
joseph_wilson77
orange
 [P] There is a color in that tweet!
-2-255-128-0-
-2-255-128-0-
(' [x] Sent message: ', '-2-255-128-0-')
Tweet sent to joseph_wilson77
GUChristmasTree
Accout in Blacklist! Ignorning interaction
joseph_wilson77
rainbow
guchristmastree
error
Tweet sent to joseph_wilson77
joseph_wilson77
off
guchristmastree
error
Tweet sent to joseph_wilson77
joseph_wilson77
magenta
 [P] There is a color in that tweet!
-2-255-0-255-
-2-255-0-255-
(' [x] Sent message: ', '-2-255-0-255-')
Tweet sent to joseph_wilson77
GUChristmasTree
Accout in Blacklist! Ignorning interaction
joseph_wilson77
teal
 [P] There is a color in that tweet!
-2-0-128-128-
-2-0-128-128-
(' [x] Sent message: ', '-2-0-128-128-')
Tweet sent to joseph_wilson77
GUChristmasTree
Accout in Blacklist! Ignorning interaction
joseph_wilson77
pink
 [P] There is a color in that tweet!
-2-255-192-203-
-2-255-192-203-
(' [x] Sent message: ', '-2-255-192-203-')
Tweet sent to joseph_wilson77
GUChristmasTree
Accout in Blacklist! Ignorning interaction
joseph_wilson77
scarlet
guchristmastree
error
Tweet sent to joseph_wilson77
joseph_wilson77
maroon
 [P] There is a color in that tweet!
-2-255-52-179-
-2-255-52-179-
(' [x] Sent message: ', '-2-255-52-179-')
Tweet sent to joseph_wilson77
GUChristmasTree
Accout in Blacklist! Ignorning interaction
joseph_wilson77
black
 [P] There is a color in that tweet!
-2-0-0-0-
-2-0-0-0-
(' [x] Sent message: ', '-2-0-0-0-')
Tweet sent to joseph_wilson77
GUChristmasTree
Accout in Blacklist! Ignorning interaction
joseph_wilson77
yellow
 [P] There is a color in that tweet!
-2-255-255-0-
-2-255-255-0-
(' [x] Sent message: ', '-2-255-255-0-')
Tweet sent to joseph_wilson77
GUChristmasTree
Accout in Blacklist! Ignorning interaction
joseph_wilson77
periwinkle
guchristmastree
error
Tweet sent to joseph_wilson77
brianvenua
guchristmastree
blue
 [P] There is a color in that tweet!
-2-0-0-255-
-2-0-0-255-
(' [x] Sent message: ', '-2-0-0-255-')
Tweet sent to brianvenua
GUChristmasTree
Accout in Blacklist! Ignorning interaction
brianvenua
guchristmastree
pink
 [P] There is a color in that tweet!
-2-255-192-203-
-2-255-192-203-
(' [x] Sent message: ', '-2-255-192-203-')
Error in twitter_stream()! Restarting!
  [!] Scanning for Holiday Tweets [!]
brianvenua
guchristmastree
red
 [P] There is a color in that tweet!
-2-255-0-0-
-2-255-0-0-
(' [x] Sent message: ', '-2-255-0-0-')
Error in twitter_stream()! Restarting!
  [!] Scanning for Holiday Tweets [!]
mollywilson23
guchristmastree
purple
 [P] There is a color in that tweet!
-2-128-0-128-
-2-128-0-128-
(' [x] Sent message: ', '-2-128-0-128-')
Error in twitter_stream()! Restarting!
  [!] Scanning for Holiday Tweets [!]
semajnotyalc
guchristmastree
chartreuse
error
Tweet sent to semajnotyalc
semajnotyalc
guchristmastree
yellow
 [P] There is a color in that tweet!
-2-255-255-0-
-2-255-255-0-
(' [x] Sent message: ', '-2-255-255-0-')
Tweet sent to semajnotyalc
GUChristmasTree
Accout in Blacklist! Ignorning interaction
semajnotyalc
guchristmastree
orange
 [P] There is a color in that tweet!
-2-255-128-0-
-2-255-128-0-
(' [x] Sent message: ', '-2-255-128-0-')
Tweet sent to semajnotyalc
GUChristmasTree
Accout in Blacklist! Ignorning interaction
joseph_kinsella
guchristmastree
purple
 [P] There is a color in that tweet!
-2-128-0-128-
-2-128-0-128-
(' [x] Sent message: ', '-2-128-0-128-')
Tweet sent to joseph_kinsella
semajnotyalc
guchristmastree
red
 [P] There is a color in that tweet!
-2-255-0-0-
-2-255-0-0-
(' [x] Sent message: ', '-2-255-0-0-')
Tweet sent to semajnotyalc
GUChristmasTree
Accout in Blacklist! Ignorning interaction
GUChristmasTree
Accout in Blacklist! Ignorning interaction
Bzerr4
guchristmastree
green
 [P] There is a color in that tweet!
-2-0-255-0-
-2-0-255-0-
(' [x] Sent message: ', '-2-0-255-0-')
Tweet sent to Bzerr4
GUChristmasTree
Accout in Blacklist! Ignorning interaction
Silverdogz117
guchristmastree
red
 [P] There is a color in that tweet!
-2-255-0-0-
-2-255-0-0-
(' [x] Sent message: ', '-2-255-0-0-')
Tweet sent to Silverdogz117
GUChristmasTree
Accout in Blacklist! Ignorning interaction
Silverdogz117
guchristmastree
gray
 [P] There is a color in that tweet!
-2-128-128-128-
-2-128-128-128-
(' [x] Sent message: ', '-2-128-128-128-')
Tweet sent to Silverdogz117
GUChristmasTree
Accout in Blacklist! Ignorning interaction
Silverdogz117
guchristmastree
black
 [P] There is a color in that tweet!
-2-0-0-0-
-2-0-0-0-
(' [x] Sent message: ', '-2-0-0-0-')
Tweet sent to Silverdogz117
GUChristmasTree
Accout in Blacklist! Ignorning interaction
Silverdogz117
guchristmastree
green
 [P] There is a color in that tweet!
-2-0-255-0-
-2-0-255-0-
(' [x] Sent message: ', '-2-0-255-0-')
Tweet sent to Silverdogz117
GUChristmasTree
Accout in Blacklist! Ignorning interaction
missanne_d
guchristmastree
brown
 [P] There is a color in that tweet!
-2-165-42-42-
-2-165-42-42-
(' [x] Sent message: ', '-2-165-42-42-')
Tweet sent to missanne_d
GUChristmasTree
Accout in Blacklist! Ignorning interaction
AlanaDillinger
guchristmastree
red
 [P] There is a color in that tweet!
-2-255-0-0-
-2-255-0-0-
(' [x] Sent message: ', '-2-255-0-0-')
Tweet sent to AlanaDillinger
GUChristmasTree
Accout in Blacklist! Ignorning interaction
abbie_alta
guchristmastree
blue
 [P] There is a color in that tweet!
-2-0-0-255-
-2-0-0-255-
(' [x] Sent message: ', '-2-0-0-255-')
Tweet sent to abbie_alta
GUChristmasTree
Accout in Blacklist! Ignorning interaction
abbie_alta
guchristmastree
yellow
 [P] There is a color in that tweet!
-2-255-255-0-
-2-255-255-0-
(' [x] Sent message: ', '-2-255-255-0-')
Tweet sent to abbie_alta
GUChristmasTree
Accout in Blacklist! Ignorning interaction
abbie_alta
guchristmastree
pink
 [P] There is a color in that tweet!
-2-255-192-203-
-2-255-192-203-
(' [x] Sent message: ', '-2-255-192-203-')
Tweet sent to abbie_alta
GUChristmasTree
Accout in Blacklist! Ignorning interaction
AlanaDillinger
guchristmastree
purple
 [P] There is a color in that tweet!
-2-128-0-128-
-2-128-0-128-
(' [x] Sent message: ', '-2-128-0-128-')
Tweet sent to AlanaDillinger
GUChristmasTree
Accout in Blacklist! Ignorning interaction
Bzerr4
guchristmastree
orange
 [P] There is a color in that tweet!
-2-255-128-0-
-2-255-128-0-
(' [x] Sent message: ', '-2-255-128-0-')
Tweet sent to Bzerr4
GUChristmasTree
Accout in Blacklist! Ignorning interaction
BatioJohn
guchristmastree
rainbow
error
Tweet sent to BatioJohn
BatioJohn
guchristmastree
purple
 [P] There is a color in that tweet!
-2-128-0-128-
-2-128-0-128-
(' [x] Sent message: ', '-2-128-0-128-')
Tweet sent to BatioJohn
GUChristmasTree
Accout in Blacklist! Ignorning interaction
simonsaysustain
guchristmastree
green
 [P] There is a color in that tweet!
-2-0-255-0-
-2-0-255-0-
(' [x] Sent message: ', '-2-0-255-0-')
Tweet sent to simonsaysustain
GUChristmasTree
Accout in Blacklist! Ignorning interaction
GuKennel
guchristmastree
purple
 [P] There is a color in that tweet!
-2-128-0-128-
-2-128-0-128-
(' [x] Sent message: ', '-2-128-0-128-')
Tweet sent to GuKennel
GUChristmasTree
Accout in Blacklist! Ignorning interaction
GuKennel
guchristmastree
rainbow
error
Tweet sent to GuKennel
SweetToodywagz
guchristmastree
red
 [P] There is a color in that tweet!
-2-255-0-0-
-2-255-0-0-
(' [x] Sent message: ', '-2-255-0-0-')
Tweet sent to SweetToodywagz
GUChristmasTree
Accout in Blacklist! Ignorning interaction
SweetToodywagz
guchristmastree
green
 [P] There is a color in that tweet!
-2-0-255-0-
-2-0-255-0-
(' [x] Sent message: ', '-2-0-255-0-')
Tweet sent to SweetToodywagz
GUChristmasTree
Accout in Blacklist! Ignorning interaction
karla_partida42
guchristmastree
pink
 [P] There is a color in that tweet!
-2-255-192-203-
-2-255-192-203-
(' [x] Sent message: ', '-2-255-192-203-')
Tweet sent to karla_partida42
GUChristmasTree
Accout in Blacklist! Ignorning interaction
baileyrollman
guchristmastree
green
 [P] There is a color in that tweet!
-2-0-255-0-
-2-0-255-0-
(' [x] Sent message: ', '-2-0-255-0-')
Tweet sent to baileyrollman
GUChristmasTree
Accout in Blacklist! Ignorning interaction
BerwickJessica
guchristmastree
red
 [P] There is a color in that tweet!
-2-255-0-0-
-2-255-0-0-
(' [x] Sent message: ', '-2-255-0-0-')
Tweet sent to BerwickJessica
GUChristmasTree
Accout in Blacklist! Ignorning interaction
BerwickJessica
guchristmastree
blue
 [P] There is a color in that tweet!
-2-0-0-255-
-2-0-0-255-
(' [x] Sent message: ', '-2-0-0-255-')
Tweet sent to BerwickJessica
GUChristmasTree
Accout in Blacklist! Ignorning interaction
nichols_joey
guchristmastree
purple
 [P] There is a color in that tweet!
-2-128-0-128-
-2-128-0-128-
(' [x] Sent message: ', '-2-128-0-128-')
Tweet sent to nichols_joey
GUChristmasTree
Accout in Blacklist! Ignorning interaction
btnm51
guchristmastree
red
 [P] There is a color in that tweet!
-2-255-0-0-
-2-255-0-0-
(' [x] Sent message: ', '-2-255-0-0-')
Tweet sent to btnm51
GUChristmasTree
Accout in Blacklist! Ignorning interaction
btnm51
guchristmastree
green
 [P] There is a color in that tweet!
-2-0-255-0-
-2-0-255-0-
(' [x] Sent message: ', '-2-0-255-0-')
Tweet sent to btnm51
GUChristmasTree
Accout in Blacklist! Ignorning interaction
btnm51
guchristmastree
white
 [P] There is a color in that tweet!
-2-255-255-255-
-2-255-255-255-
(' [x] Sent message: ', '-2-255-255-255-')
Tweet sent to btnm51
GUChristmasTree
Accout in Blacklist! Ignorning interaction
btnm51
guchristmastree
burgundy
error
Tweet sent to btnm51
Four2theNay
guchristmastree
can
you
change
colors
to
red
 [P] There is a color in that tweet!
-2-255-0-0-
-2-255-0-0-
(' [x] Sent message: ', '-2-255-0-0-')
Tweet sent to Four2theNay
btnm51
guchristmastree
yellow
 [P] There is a color in that tweet!
-2-255-255-0-
-2-255-255-0-
(' [x] Sent message: ', '-2-255-255-0-')
Tweet sent to btnm51
GUChristmasTree
Accout in Blacklist! Ignorning interaction
GUChristmasTree
Accout in Blacklist! Ignorning interaction
Four2theNay
guchristmastree
red
 [P] There is a color in that tweet!
-2-255-0-0-
-2-255-0-0-
(' [x] Sent message: ', '-2-255-0-0-')
Tweet sent to Four2theNay
GUChristmasTree
Accout in Blacklist! Ignorning interaction
Four2theNay
guchristmastree
i
take
it
back
yellow
 [P] There is a color in that tweet!
-2-255-255-0-
-2-255-255-0-
(' [x] Sent message: ', '-2-255-255-0-')
Tweet sent to Four2theNay
GUChristmasTree
Accout in Blacklist! Ignorning interaction
Four2theNay
guchristmastree
ooh
black
 [P] There is a color in that tweet!
-2-0-0-0-
-2-0-0-0-
(' [x] Sent message: ', '-2-0-0-0-')
Tweet sent to Four2theNay
GUChristmasTree
Accout in Blacklist! Ignorning interaction
Four2theNay
guchristmastree
bro
this
tree
turned
off
from
that
last
tweet
im
dead
error
Tweet sent to Four2theNay
Four2theNay
guchristmastree
turn
on
error
Tweet sent to Four2theNay
Four2theNay
guchristmastree
red
 [P] There is a color in that tweet!
-2-255-0-0-
-2-255-0-0-
(' [x] Sent message: ', '-2-255-0-0-')
Tweet sent to Four2theNay
GUChristmasTree
Accout in Blacklist! Ignorning interaction
cgastran96
guchristmastree
pink
 [P] There is a color in that tweet!
-2-255-192-203-
-2-255-192-203-
(' [x] Sent message: ', '-2-255-192-203-')
Tweet sent to cgastran96
GUChristmasTree
Accout in Blacklist! Ignorning interaction
cgastran96
guchristmastree
pink
 [P] There is a color in that tweet!
-2-255-192-203-
-2-255-192-203-
(' [x] Sent message: ', '-2-255-192-203-')
Tweet sent to cgastran96
GUChristmasTree
Accout in Blacklist! Ignorning interaction
Maren_Fleming
guchristmastree
red
 [P] There is a color in that tweet!
-2-255-0-0-
-2-255-0-0-
(' [x] Sent message: ', '-2-255-0-0-')
Tweet sent to Maren_Fleming
GUChristmasTree
Accout in Blacklist! Ignorning interaction
Maren_Fleming
guchristmastree
silver
 [P] There is a color in that tweet!
-2-192-192-192-
-2-192-192-192-
(' [x] Sent message: ', '-2-192-192-192-')
Tweet sent to Maren_Fleming
GUChristmasTree
Accout in Blacklist! Ignorning interaction
Maren_Fleming
guchristmastree
yellow
 [P] There is a color in that tweet!
-2-255-255-0-
-2-255-255-0-
(' [x] Sent message: ', '-2-255-255-0-')
Tweet sent to Maren_Fleming
Four2theNay
guchristmastree
black
 [P] There is a color in that tweet!
-2-0-0-0-
-2-0-0-0-
(' [x] Sent message: ', '-2-0-0-0-')
Error in twitter_stream()! Restarting!
  [!] Scanning for Holiday Tweets [!]
Four2theNay
guchristmastree
black
 [P] There is a color in that tweet!
-2-0-0-0-
-2-0-0-0-
(' [x] Sent message: ', '-2-0-0-0-')
Error in twitter_stream()! Restarting!
  [!] Scanning for Holiday Tweets [!]
Maren_Fleming
guchristmastree
green
 [P] There is a color in that tweet!
-2-0-255-0-
-2-0-255-0-
(' [x] Sent message: ', '-2-0-255-0-')
Error in twitter_stream()! Restarting!
  [!] Scanning for Holiday Tweets [!]
420
Four2theNay
guchristmastree
off
error
Error in twitter_stream()! Restarting!
  [!] Scanning for Holiday Tweets [!]
420
Four2theNay
bruh
im
having
too
much
fun
https
t
co
eymdilvahs
error
Error in twitter_stream()! Restarting!
  [!] Scanning for Holiday Tweets [!]
420
Senil888
guchristmastree
blue
 [P] There is a color in that tweet!
-2-0-0-255-
-2-0-0-255-
(' [x] Sent message: ', '-2-0-0-255-')
Tweet sent to Senil888
GUChristmasTree
Accout in Blacklist! Ignorning interaction
Four2theNay
guchristmastree
red
 [P] There is a color in that tweet!
-2-255-0-0-
-2-255-0-0-
(' [x] Sent message: ', '-2-255-0-0-')
Tweet sent to Four2theNay
GUChristmasTree
Accout in Blacklist! Ignorning interaction
Four2theNay
guchristmastree
all
error
Error in twitter_stream()! Restarting!
  [!] Scanning for Holiday Tweets [!]
420
Four2theNay
guchristmastree
black
 [P] There is a color in that tweet!
-2-0-0-0-
-2-0-0-0-
(' [x] Sent message: ', '-2-0-0-0-')
Error in twitter_stream()! Restarting!
  [!] Scanning for Holiday Tweets [!]
420
Four2theNay
guchristmastree
green
 [P] There is a color in that tweet!
-2-0-255-0-
-2-0-255-0-
(' [x] Sent message: ', '-2-0-255-0-')
Tweet sent to Four2theNay
GUChristmasTree
Accout in Blacklist! Ignorning interaction
Four2theNay
[u'2']
you
think
im
playing
https
t
co
wph
ejhdiw
error
Tweet sent to Four2theNay
Senil888
guchristmastree
orange
 [P] There is a color in that tweet!
-2-255-128-0-
-2-255-128-0-
(' [x] Sent message: ', '-2-255-128-0-')
Tweet sent to Senil888
GUChristmasTree
Accout in Blacklist! Ignorning interaction
Four2theNay
guchristmastree
pink
 [P] There is a color in that tweet!
-2-255-192-203-
-2-255-192-203-
(' [x] Sent message: ', '-2-255-192-203-')
Tweet sent to Four2theNay
GUChristmasTree
Accout in Blacklist! Ignorning interaction
Four2theNay
guchristmastree
orange
 [P] There is a color in that tweet!
-2-255-128-0-
-2-255-128-0-
(' [x] Sent message: ', '-2-255-128-0-')
Tweet sent to Four2theNay
GUChristmasTree
Accout in Blacklist! Ignorning interaction
Four2theNay
guchristmastree
yellow
 [P] There is a color in that tweet!
-2-255-255-0-
-2-255-255-0-
(' [x] Sent message: ', '-2-255-255-0-')
Tweet sent to Four2theNay
GUChristmasTree
Accout in Blacklist! Ignorning interaction
Four2theNay
guchristmastree
turn
black
 [P] There is a color in that tweet!
-2-0-0-0-
-2-0-0-0-
(' [x] Sent message: ', '-2-0-0-0-')
Tweet sent to Four2theNay
GUChristmasTree
Accout in Blacklist! Ignorning interaction
Four2theNay
guchristmastree
back
to
red
 [P] There is a color in that tweet!
-2-255-0-0-
-2-255-0-0-
(' [x] Sent message: ', '-2-255-0-0-')
Tweet sent to Four2theNay
GUChristmasTree
Accout in Blacklist! Ignorning interaction
Four2theNay
guchristmastree
my
man
wants
u
to
turn
blue
 [P] There is a color in that tweet!
-2-0-0-255-
-2-0-0-255-
(' [x] Sent message: ', '-2-0-0-255-')
Tweet sent to Four2theNay
GUChristmasTree
Accout in Blacklist! Ignorning interaction
maiko_fonty
red
 [P] There is a color in that tweet!
-2-255-0-0-
-2-255-0-0-
(' [x] Sent message: ', '-2-255-0-0-')
Tweet sent to maiko_fonty
GUChristmasTree
Accout in Blacklist! Ignorning interaction
maiko_fonty
black
 [P] There is a color in that tweet!
-2-0-0-0-
-2-0-0-0-
(' [x] Sent message: ', '-2-0-0-0-')
Tweet sent to maiko_fonty
GUChristmasTree
Accout in Blacklist! Ignorning interaction
kkaiwasaki
guchristmastree
orange
 [P] There is a color in that tweet!
-2-255-128-0-
-2-255-128-0-
(' [x] Sent message: ', '-2-255-128-0-')
Tweet sent to kkaiwasaki
GUChristmasTree
Accout in Blacklist! Ignorning interaction
AmyGuth1
guchristmastree
blue
 [P] There is a color in that tweet!
-2-0-0-255-
-2-0-0-255-
(' [x] Sent message: ', '-2-0-0-255-')
Tweet sent to AmyGuth1
GUChristmasTree
Accout in Blacklist! Ignorning interaction
nichols_joey
guchristmastree
maroon
 [P] There is a color in that tweet!
-2-255-52-179-
-2-255-52-179-
(' [x] Sent message: ', '-2-255-52-179-')
Tweet sent to nichols_joey
GUChristmasTree
Accout in Blacklist! Ignorning interaction
DedushevaN7
[u'29387794']
rt
charlie
guchristmastree
red
 [P] There is a color in that tweet!
-2-255-0-0-
-2-255-0-0-
(' [x] Sent message: ', '-2-255-0-0-')
Tweet sent to DedushevaN7
GUChristmasTree
Accout in Blacklist! Ignorning interaction
joescibelli
guchristmastree
blue
 [P] There is a color in that tweet!
-2-0-0-255-
-2-0-0-255-
(' [x] Sent message: ', '-2-0-0-255-')
Tweet sent to joescibelli
GUChristmasTree
Accout in Blacklist! Ignorning interaction
SweetToodywagz
guchristmastree
pink
 [P] There is a color in that tweet!
-2-255-192-203-
-2-255-192-203-
(' [x] Sent message: ', '-2-255-192-203-')
Tweet sent to SweetToodywagz
GUChristmasTree
Accout in Blacklist! Ignorning interaction
jordybatres
guchristmastree
yellow
 [P] There is a color in that tweet!
-2-255-255-0-
-2-255-255-0-
(' [x] Sent message: ', '-2-255-255-0-')
Tweet sent to jordybatres
GUChristmasTree
Accout in Blacklist! Ignorning interaction
hipsta_gwyn
guchristmastree
good
morning
tree
how
about
some
teal
 [P] There is a color in that tweet!
-2-0-128-128-
-2-0-128-128-
(' [x] Sent message: ', '-2-0-128-128-')
Tweet sent to hipsta_gwyn
GUChristmasTree
Accout in Blacklist! Ignorning interaction
DanHarr96131759
guchristmastree
red
 [P] There is a color in that tweet!
-2-255-0-0-
-2-255-0-0-
(' [x] Sent message: ', '-2-255-0-0-')
Tweet sent to DanHarr96131759
GUChristmasTree
Accout in Blacklist! Ignorning interaction
Scooter_TTTD
guchristmastree
patrick
wants
purple
 [P] There is a color in that tweet!
-2-128-0-128-
-2-128-0-128-
(' [x] Sent message: ', '-2-128-0-128-')
Tweet sent to Scooter_TTTD
GUChristmasTree
Accout in Blacklist! Ignorning interaction
