  [!] Scanning for Holiday Tweets [!]
Scooter_TTTD
guchristmastree
let
s
see
some
green
 [P] There is a color in that tweet!
-2-0-255-0-
-2-0-255-0-
(' [x] Sent message: ', '-2-0-255-0-')
Tweet sent to Scooter_TTTD
GUChristmasTree
Accout in Blacklist! Ignorning interaction
Scooter_TTTD
guchristmastree
blue
 [P] There is a color in that tweet!
-2-0-0-255-
-2-0-0-255-
(' [x] Sent message: ', '-2-0-0-255-')
Tweet sent to Scooter_TTTD
GUChristmasTree
Accout in Blacklist! Ignorning interaction
Scooter_TTTD
guchristmastree
green
 [P] There is a color in that tweet!
-2-0-255-0-
-2-0-255-0-
(' [x] Sent message: ', '-2-0-255-0-')
Tweet sent to Scooter_TTTD
GUChristmasTree
Accout in Blacklist! Ignorning interaction
GonzagaCIO
[u'6', u'00', u'11', u'29', u'4', u'1', u'4']
tweet
a
color
the
guchristmastree
after
pm
on
and
get
a
special
christmas
greeting
in
return
https
t
co
pijpp
xr
error
Tweet sent to GonzagaCIO
